#
# A fatal error has been detected by the Java Runtime Environment:
#
#  EXCEPTION_ACCESS_VIOLATION (0xc0000005) at pc=0x00000000676f95d2, pid=13208, tid=35116
#
# JRE version: Java(TM) SE Runtime Environment (10.0.2+13) (build 10.0.2+13)
# Java VM: Java HotSpot(TM) 64-Bit Server VM (10.0.2+13, mixed mode, tiered, compressed oops, g1 gc, windows-amd64)
# Problematic frame:
# V  [jvm.dll+0x5f95d2]
#
# No core dump will be written. Minidumps are not enabled by default on client versions of Windows
#
# If you would like to submit a bug report, please visit:
#   http://bugreport.java.com/bugreport/crash.jsp
#

---------------  S U M M A R Y ------------

Command Line: -agentlib:jdwp=transport=dt_socket,address=127.0.0.1:63697,suspend=y,server=n -ea -Didea.test.cyclic.buffer.size=1048576 -javaagent:C:\Users\dmytro.kuts\.IdeaIC2018.2\system\captureAgent\debugger-agent.jar=file:/C:/Users/dmytro.kuts/AppData/Local/Temp/capture.props -Dfile.encoding=UTF-8 com.intellij.rt.execution.junit.JUnitStarter -ideVersion5 -junit4 Dep_Mod_UO

Host: Intel(R) Core(TM) i3-7100 CPU @ 3.90GHz, 4 cores, 7G,  Windows 10 , 64 bit Build 17134 (10.0.17134.1)
Time: Mon Oct 29 16:19:41 2018 Oeieyiaey (ceia) elapsed time: 286182 seconds (3d 7h 29m 42s)

---------------  T H R E A D  ---------------

Current thread (0x000001f947e7f800):  JavaThread "main" [_thread_in_vm, id=35116, stack(0x000000e1a7f00000,0x000000e1a8000000)]

Stack: [0x000000e1a7f00000,0x000000e1a8000000],  sp=0x000000e1a7ffb260,  free space=1004k
Native frames: (J=compiled Java code, j=interpreted, Vv=VM code, C=native code)
V  [jvm.dll+0x5f95d2]
V  [jvm.dll+0x372ffb]
V  [jvm.dll+0x4a7b36]
V  [jvm.dll+0x4a2dd5]
V  [jvm.dll+0x375b79]
V  [jvm.dll+0x627eb8]
V  [jvm.dll+0x6282cf]
V  [jvm.dll+0x627de7]
V  [jvm.dll+0x3e8dcf]
C  0x000001f953215f16

Java frames: (J=compiled Java code, j=interpreted, Vv=VM code)
j  java.lang.StackStreamFactory$AbstractStackWalker.fetchStackFrames(JJII[Ljava/lang/Object;)I+0 java.base@10.0.2
j  java.lang.StackStreamFactory$AbstractStackWalker.fetchStackFrames(I)I+35 java.base@10.0.2
j  java.lang.StackStreamFactory$AbstractStackWalker.getNextBatch()I+61 java.base@10.0.2
j  java.lang.StackStreamFactory$AbstractStackWalker.peekFrame()Ljava/lang/Class;+32 java.base@10.0.2
j  java.lang.StackStreamFactory$AbstractStackWalker.hasNext()Z+1 java.base@10.0.2
j  java.lang.StackStreamFactory$StackFrameTraverser.tryAdvance(Ljava/util/function/Consumer;)Z+16 java.base@10.0.2
J 2092 c1 java.util.stream.ReferencePipeline.forEachWithCancel(Ljava/util/Spliterator;Ljava/util/stream/Sink;)Z java.base@10.0.2 (23 bytes) @ 0x000001f953ba0c04 [0x000001f953ba0ae0+0x0000000000000124]
J 2018 c1 java.util.stream.AbstractPipeline.copyIntoWithCancel(Ljava/util/stream/Sink;Ljava/util/Spliterator;)Z java.base@10.0.2 (46 bytes) @ 0x000001f953b82f1c [0x000001f953b82c20+0x00000000000002fc]
J 1846 c1 java.util.stream.AbstractPipeline.copyInto(Ljava/util/stream/Sink;Ljava/util/Spliterator;)V java.base@10.0.2 (54 bytes) @ 0x000001f953b2cd34 [0x000001f953b2c860+0x00000000000004d4]
J 1622 c1 java.util.stream.AbstractPipeline.wrapAndCopyInto(Ljava/util/stream/Sink;Ljava/util/Spliterator;)Ljava/util/stream/Sink; java.base@10.0.2 (18 bytes) @ 0x000001f953abb0b4 [0x000001f953abaf80+0x0000000000000134]
J 2148 c1 java.util.stream.FindOps$FindOp.evaluateSequential(Ljava/util/stream/PipelineHelper;Ljava/util/Spliterator;)Ljava/lang/Object; java.base@10.0.2 (39 bytes) @ 0x000001f953bb7cdc [0x000001f953bb7a20+0x00000000000002bc]
J 1848 c1 java.util.stream.AbstractPipeline.evaluate(Ljava/util/stream/TerminalOp;)Ljava/lang/Object; java.base@10.0.2 (94 bytes) @ 0x000001f953b2deac [0x000001f953b2da60+0x000000000000044c]
J 2153 c1 java.util.stream.ReferencePipeline.findFirst()Ljava/util/Optional; java.base@10.0.2 (12 bytes) @ 0x000001f953bb9f44 [0x000001f953bb9e60+0x00000000000000e4]
j  java.util.logging.LogRecord$CallerFinder.lambda$get$1(Ljava/util/stream/Stream;)Ljava/util/Optional;+7 java.logging@10.0.2
j  java.util.logging.LogRecord$CallerFinder$$Lambda$254.apply(Ljava/lang/Object;)Ljava/lang/Object;+8 java.logging@10.0.2
j  java.lang.StackStreamFactory$StackFrameTraverser.consumeFrames()Ljava/lang/Object;+25 java.base@10.0.2
j  java.lang.StackStreamFactory$AbstractStackWalker.doStackWalk(JIIII)Ljava/lang/Object;+78 java.base@10.0.2
v  ~StubRoutines::call_stub
j  java.lang.StackStreamFactory$AbstractStackWalker.callStackWalk(JIII[Ljava/lang/Object;)Ljava/lang/Object;+0 java.base@10.0.2
j  java.lang.StackStreamFactory$AbstractStackWalker.beginStackWalk()Ljava/lang/Object;+31 java.base@10.0.2
j  java.lang.StackStreamFactory$AbstractStackWalker.walk()Ljava/lang/Object;+8 java.base@10.0.2
j  java.lang.StackWalker.walk(Ljava/util/function/Function;)Ljava/lang/Object;+10 java.base@10.0.2
j  java.util.logging.LogRecord$CallerFinder.get()Ljava/util/Optional;+9 java.logging@10.0.2
j  java.util.logging.LogRecord.inferCaller()V+12 java.logging@10.0.2
j  java.util.logging.LogRecord.getSourceClassName()Ljava/lang/String;+8 java.logging@10.0.2
j  java.util.logging.SimpleFormatter.format(Ljava/util/logging/LogRecord;)Ljava/lang/String;+12 java.logging@10.0.2
j  java.util.logging.StreamHandler.publish(Ljava/util/logging/LogRecord;)V+14 java.logging@10.0.2
j  java.util.logging.ConsoleHandler.publish(Ljava/util/logging/LogRecord;)V+2 java.logging@10.0.2
j  java.util.logging.Logger.log(Ljava/util/logging/LogRecord;)V+90 java.logging@10.0.2
j  java.util.logging.Logger.doLog(Ljava/util/logging/LogRecord;)V+46 java.logging@10.0.2
j  java.util.logging.Logger.log(Ljava/util/logging/Level;Ljava/lang/String;)V+21 java.logging@10.0.2
j  java.util.logging.Logger.warning(Ljava/lang/String;)V+5 java.logging@10.0.2
j  com.codeborne.selenide.impl.JavascriptErrorsCollector.getJavascriptErrors()Ljava/util/List;+101
j  com.codeborne.selenide.Selenide.getJavascriptErrors()Ljava/util/List;+3
j  com.codeborne.selenide.ex.UIAssertionError.wrapThrowable(Ljava/lang/Throwable;J)Ljava/lang/Error;+39
j  com.codeborne.selenide.ex.UIAssertionError.wrap(Ljava/lang/Error;J)Ljava/lang/Error;+14
j  com.codeborne.selenide.impl.SelenideElementProxy.invoke(Ljava/lang/Object;Ljava/lang/reflect/Method;[Ljava/lang/Object;)Ljava/lang/Object;+98
j  com.sun.proxy.$Proxy9.shouldBe([Lcom/codeborne/selenide/Condition;)Lcom/codeborne/selenide/SelenideElement;+16
j  Dep_UO.open_Dep_UO()LDep_UO;+275
j  Dep_Mod_UO.CreateDep_UO()V+9
v  ~StubRoutines::call_stub
j  jdk.internal.reflect.NativeMethodAccessorImpl.invoke0(Ljava/lang/reflect/Method;Ljava/lang/Object;[Ljava/lang/Object;)Ljava/lang/Object;+0 java.base@10.0.2
j  jdk.internal.reflect.NativeMethodAccessorImpl.invoke(Ljava/lang/Object;[Ljava/lang/Object;)Ljava/lang/Object;+100 java.base@10.0.2
j  jdk.internal.reflect.DelegatingMethodAccessorImpl.invoke(Ljava/lang/Object;[Ljava/lang/Object;)Ljava/lang/Object;+6 java.base@10.0.2
j  java.lang.reflect.Method.invoke(Ljava/lang/Object;[Ljava/lang/Object;)Ljava/lang/Object;+59 java.base@10.0.2
j  org.junit.runners.model.FrameworkMethod$1.runReflectiveCall()Ljava/lang/Object;+15
j  org.junit.internal.runners.model.ReflectiveCallable.run()Ljava/lang/Object;+1
j  org.junit.runners.model.FrameworkMethod.invokeExplosively(Ljava/lang/Object;[Ljava/lang/Object;)Ljava/lang/Object;+10
j  org.junit.internal.runners.statements.InvokeMethod.evaluate()V+12
j  org.junit.rules.TestWatcher$1.evaluate()V+24
j  org.junit.rules.RunRules.evaluate()V+4
j  org.junit.runners.ParentRunner.runLeaf(Lorg/junit/runners/model/Statement;Lorg/junit/runner/Description;Lorg/junit/runner/notification/RunNotifier;)V+17
j  org.junit.runners.BlockJUnit4ClassRunner.runChild(Lorg/junit/runners/model/FrameworkMethod;Lorg/junit/runner/notification/RunNotifier;)V+30
j  org.junit.runners.BlockJUnit4ClassRunner.runChild(Ljava/lang/Object;Lorg/junit/runner/notification/RunNotifier;)V+6
j  org.junit.runners.ParentRunner$3.run()V+12
j  org.junit.runners.ParentRunner$1.schedule(Ljava/lang/Runnable;)V+1
j  org.junit.runners.ParentRunner.runChildren(Lorg/junit/runner/notification/RunNotifier;)V+44
j  org.junit.runners.ParentRunner.access$000(Lorg/junit/runners/ParentRunner;Lorg/junit/runner/notification/RunNotifier;)V+2
j  org.junit.runners.ParentRunner$2.evaluate()V+8
j  org.junit.internal.runners.statements.RunBefores.evaluate()V+49
j  org.junit.runners.ParentRunner.run(Lorg/junit/runner/notification/RunNotifier;)V+20
j  org.junit.runner.JUnitCore.run(Lorg/junit/runner/Runner;)Lorg/junit/runner/Result;+37
j  com.intellij.junit4.JUnit4IdeaTestRunner.startRunnerWithArgs([Ljava/lang/String;Ljava/lang/String;IZ)I+146
j  com.intellij.rt.execution.junit.IdeaTestRunner$Repeater.startRunnerWithArgs(Lcom/intellij/rt/execution/junit/IdeaTestRunner;[Ljava/lang/String;Ljava/util/ArrayList;Ljava/lang/String;IZ)I+22
j  com.intellij.rt.execution.junit.JUnitStarter.prepareStreamsAndStart([Ljava/lang/String;Ljava/lang/String;Ljava/util/ArrayList;Ljava/lang/String;)I+116
j  com.intellij.rt.execution.junit.JUnitStarter.main([Ljava/lang/String;)V+116
v  ~StubRoutines::call_stub

siginfo: EXCEPTION_ACCESS_VIOLATION (0xc0000005), reading address 0x0000000000000008


Register to memory mapping:

RIP=0x00000000676f95d2 jvm.dll
RAX=0x0000000000000010 is an unknown value
RBX=0x000001f947e7d700 is an unknown value
RCX=0x00000000893f3690 is an oop
java.lang.invoke.ResolvedMethodName 
{0x00000000893f3690} - klass: 'java/lang/invoke/ResolvedMethodName'
RDX=0x0000000000000010 is an unknown value
RSP=0x000000e1a7ffb260 is pointing into the stack for thread: 0x000001f947e7f800
RBP=0x000001f947e7f800 is a thread
RSI=0x0000000000000000 is an unknown value
RDI=0x0000000000000000 is an unknown value
R8 =0x0000000000000000 is an unknown value
R9 ={method} {0x000001f96c78c920} 'BeforeClassMethod' '()V' in 'Dep_Mod_UO'
R10=0x0000000000000003 is an unknown value
R11=0x0000000000000003 is an unknown value
R12=0x000001f947e7f800 is a thread
R13=0x00000001000772c0 is pointing into metadata
R14=0x000000e1a7ffb380 is pointing into the stack for thread: 0x000001f947e7f800
R15=0x0000000000000000 is an unknown value


Registers:
RAX=0x0000000000000010, RBX=0x000001f947e7d700, RCX=0x00000000893f3690, RDX=0x0000000000000010
RSP=0x000000e1a7ffb260, RBP=0x000001f947e7f800, RSI=0x0000000000000000, RDI=0x0000000000000000
R8 =0x0000000000000000, R9 =0x000001f96c78c918, R10=0x0000000000000003, R11=0x0000000000000003
R12=0x000001f947e7f800, R13=0x00000001000772c0, R14=0x000000e1a7ffb380, R15=0x0000000000000000
RIP=0x00000000676f95d2, EFLAGS=0x0000000000010202

Top of Stack: (sp=0x000000e1a7ffb260)
0x000000e1a7ffb260:   000001f947e7d700 000000e1a7ffb2e0
0x000000e1a7ffb270:   000001f947e7f800 0000000000000000
0x000000e1a7ffb280:   00000000893f3690 0000000067472ffb
0x000000e1a7ffb290:   000001f969e06220 000001f947e7f800
0x000000e1a7ffb2a0:   000000e1a7ffb2e0 00000000677b580c
0x000000e1a7ffb2b0:   000001f947e6bd40 00000000675a7b36
0x000000e1a7ffb2c0:   0000000000000000 000001f9696f0f08
0x000000e1a7ffb2d0:   0000000000000000 000001f953304cfe
0x000000e1a7ffb2e0:   000001f9696f0f08 000001f947e7f800
0x000000e1a7ffb2f0:   000001f945b8d2c8 00000000675a2dd5
0x000000e1a7ffb300:   000000e1a7ffb380 00000001000772c0
0x000000e1a7ffb310:   000001f9696f0f08 0000000000000005
0x000000e1a7ffb320:   000001f9696f0f08 000001f947e7f800
0x000000e1a7ffb330:   0000000000000000 000000e1a7ffb480
0x000000e1a7ffb340:   000000000000000b 000001f947e7f800
0x000000e1a7ffb350:   0000000000000000 0000000067475b79 

Instructions: (pc=0x00000000676f95d2)
0x00000000676f95b2:   e8 69 d8 d5 ff 48 8b cf 48 8b f0 48 8b 44 24 30
0x00000000676f95c2:   48 85 c0 74 03 48 8b 08 48 8b d6 e8 3e cb d7 ff
0x00000000676f95d2:   48 8b 46 08 48 8b 48 08 48 8b 41 18 b9 00 80 00
0x00000000676f95e2:   00 66 09 88 1a 01 00 00 48 8b 44 24 30 48 85 c0 



---------------  P R O C E S S  ---------------

Threads class SMR info:
_java_thread_list=0x000001f96acc6d90, length=18, elements={
0x000001f947e7f800, 0x000001f969a68800, 0x000001f969a16800, 0x000001f969a21800,
0x000001f969a24800, 0x000001f969a77000, 0x000001f969aca800, 0x000001f969acf000,
0x000001f969aec000, 0x000001f969e04000, 0x000001f969d14000, 0x000001f96a2a3800,
0x000001f96ab2d800, 0x000001f96adf2800, 0x000001f96adf3000, 0x000001f96ab94000,
0x000001f96ac79800, 0x000001f96aadc800
}

Java Threads: ( => current thread )
=>0x000001f947e7f800 JavaThread "main" [_thread_in_vm, id=35116, stack(0x000000e1a7f00000,0x000000e1a8000000)]
  0x000001f969a68800 JavaThread "Reference Handler" daemon [_thread_blocked, id=13144, stack(0x000000e1a8c00000,0x000000e1a8d00000)]
  0x000001f969a16800 JavaThread "Finalizer" daemon [_thread_blocked, id=12424, stack(0x000000e1a8d00000,0x000000e1a8e00000)]
  0x000001f969a21800 JavaThread "Signal Dispatcher" daemon [_thread_blocked, id=27308, stack(0x000000e1a8e00000,0x000000e1a8f00000)]
  0x000001f969a24800 JavaThread "Attach Listener" daemon [_thread_blocked, id=5960, stack(0x000000e1a8f00000,0x000000e1a9000000)]
  0x000001f969a77000 JavaThread "C2 CompilerThread0" daemon [_thread_blocked, id=6772, stack(0x000000e1a9000000,0x000000e1a9100000)]
  0x000001f969aca800 JavaThread "C2 CompilerThread1" daemon [_thread_blocked, id=10896, stack(0x000000e1a9100000,0x000000e1a9200000)]
  0x000001f969acf000 JavaThread "C1 CompilerThread2" daemon [_thread_blocked, id=16836, stack(0x000000e1a9200000,0x000000e1a9300000)]
  0x000001f969aec000 JavaThread "Sweeper thread" daemon [_thread_blocked, id=20704, stack(0x000000e1a9300000,0x000000e1a9400000)]
  0x000001f969e04000 JavaThread "JDWP Event Helper Thread" daemon [_thread_blocked, id=19856, stack(0x000000e1a9500000,0x000000e1a9600000)]
  0x000001f969d14000 JavaThread "Common-Cleaner" daemon [_thread_blocked, id=16532, stack(0x000000e1a9700000,0x000000e1a9800000)]
  0x000001f96a2a3800 JavaThread "Service Thread" daemon [_thread_blocked, id=18660, stack(0x000000e1a9800000,0x000000e1a9900000)]
  0x000001f96ab2d800 JavaThread "Exec Default Executor" daemon [_thread_in_native, id=12516, stack(0x000000e1a9a00000,0x000000e1a9b00000)]
  0x000001f96adf2800 JavaThread "Exec Stream Pumper" daemon [_thread_in_native, id=33768, stack(0x000000e1a9d00000,0x000000e1a9e00000)]
  0x000001f96adf3000 JavaThread "Exec Stream Pumper" daemon [_thread_in_native, id=29504, stack(0x000000e1a9e00000,0x000000e1a9f00000)]
  0x000001f96ab94000 JavaThread "OkHttp ConnectionPool" daemon [_thread_blocked, id=29404, stack(0x000000e1a9f00000,0x000000e1aa000000)]
  0x000001f96ac79800 JavaThread "Okio Watchdog" daemon [_thread_blocked, id=17768, stack(0x000000e1aa000000,0x000000e1aa100000)]
  0x000001f96aadc800 JavaThread "Webdrivers killer thread" daemon [_thread_blocked, id=9608, stack(0x000000e1aa100000,0x000000e1aa200000)]

Other Threads:
  0x000001f966ec4800 VMThread "VM Thread" [stack: 0x000000e1a8b00000,0x000000e1a8c00000] [id=33428]
  0x000001f969d12800 WatcherThread [stack: 0x000000e1a9900000,0x000000e1a9a00000] [id=22692]
  0x000001f947e98800 GCTaskThread "GC Thread#0" [stack: 0x000000e1a8000000,0x000000e1a8100000] [id=1280]
  0x000001f947e9a000 GCTaskThread "GC Thread#1" [stack: 0x000000e1a8100000,0x000000e1a8200000] [id=16980]
  0x000001f947e9c000 GCTaskThread "GC Thread#2" [stack: 0x000000e1a8200000,0x000000e1a8300000] [id=10564]
  0x000001f947e9d000 GCTaskThread "GC Thread#3" [stack: 0x000000e1a8300000,0x000000e1a8400000] [id=23336]
  0x000001f966d12800 ConcurrentGCThread "G1 Main Marker" [stack: 0x000000e1a8400000,0x000000e1a8500000] [id=15928]
  0x000001f966d13800 ConcurrentGCThread "G1 Conc#0" [stack: 0x000000e1a8500000,0x000000e1a8600000] [id=33920]
  0x000001f966d73800 ConcurrentGCThread "G1 Refine#0" [stack: 0x000000e1a8600000,0x000000e1a8700000] [id=8384]
  0x000001f966d74800 ConcurrentGCThread "G1 Refine#1" [stack: 0x000000e1a8700000,0x000000e1a8800000] [id=6136]
  0x000001f966d75800 ConcurrentGCThread "G1 Refine#2" [stack: 0x000000e1a8800000,0x000000e1a8900000] [id=17892]
  0x000001f966d79000 ConcurrentGCThread "G1 Refine#3" [stack: 0x000000e1a8900000,0x000000e1a8a00000] [id=12196]
  0x000001f966d7c000 ConcurrentGCThread "G1 Young RemSet Sampling" [stack: 0x000000e1a8a00000,0x000000e1a8b00000] [id=14164]

Threads with active compile tasks:

VM state:not at safepoint (normal execution)

VM Mutex/Monitor currently owned by a thread:  ([mutex/lock_event])
[0x000001f947e7d700] ResolvedMethodTable_lock - owner thread: 0x000001f947e7f800

Heap address: 0x0000000082000000, size: 2016 MB, Compressed Oops mode: 32-bit
Narrow klass base: 0x0000000000000000, Narrow klass shift: 3
Compressed class space size: 1073741824 Address: 0x0000000100000000

Heap:
 garbage-first heap   total 129024K, used 17988K [0x0000000082000000, 0x0000000100000000)
  region size 1024K, 14 young (14336K), 3 survivors (3072K)
 Metaspace       used 21746K, capacity 22253K, committed 22704K, reserved 1069056K
  class space    used 2230K, capacity 2436K, committed 2560K, reserved 1048576K
Heap Regions: E=young(eden), S=young(survivor), O=old, HS=humongous(starts), HC=humongous(continues), CS=collection set, F=free, A=archive, TS=gc time stamp, AC=allocation context, TAMS=top-at-mark-start (previous, next)
|   0|0x0000000082000000, 0x0000000082100000, 0x0000000082100000|100%| O|  |TS  0|AC  0|TAMS 0x0000000082100000, 0x0000000082100000|
|   1|0x0000000082100000, 0x0000000082200000, 0x0000000082200000|100%| O|  |TS  0|AC  0|TAMS 0x0000000082200000, 0x0000000082200000|
|   2|0x0000000082200000, 0x0000000082300000, 0x0000000082300000|100%| O|  |TS  0|AC  0|TAMS 0x0000000082300000, 0x0000000082300000|
|   3|0x0000000082300000, 0x0000000082400000, 0x0000000082400000|100%| O|  |TS  0|AC  0|TAMS 0x0000000082400000, 0x0000000082400000|
|   4|0x0000000082400000, 0x00000000824d3800, 0x0000000082500000| 82%| O|  |TS  2|AC  0|TAMS 0x00000000824d3800, 0x00000000824d3800|
|   5|0x0000000082500000, 0x0000000082500000, 0x0000000082600000|  0%| F|  |TS  0|AC  0|TAMS 0x0000000082500000, 0x0000000082500000|
|   6|0x0000000082600000, 0x0000000082600000, 0x0000000082700000|  0%| F|  |TS  0|AC  0|TAMS 0x0000000082600000, 0x0000000082600000|
|   7|0x0000000082700000, 0x0000000082700000, 0x0000000082800000|  0%| F|  |TS  0|AC  0|TAMS 0x0000000082700000, 0x0000000082700000|
|   8|0x0000000082800000, 0x0000000082800000, 0x0000000082900000|  0%| F|  |TS  0|AC  0|TAMS 0x0000000082800000, 0x0000000082800000|
|   9|0x0000000082900000, 0x0000000082900000, 0x0000000082a00000|  0%| F|  |TS  0|AC  0|TAMS 0x0000000082900000, 0x0000000082900000|
|  10|0x0000000082a00000, 0x0000000082a00000, 0x0000000082b00000|  0%| F|  |TS  0|AC  0|TAMS 0x0000000082a00000, 0x0000000082a00000|
|  11|0x0000000082b00000, 0x0000000082b00000, 0x0000000082c00000|  0%| F|  |TS  0|AC  0|TAMS 0x0000000082b00000, 0x0000000082b00000|
|  12|0x0000000082c00000, 0x0000000082c00000, 0x0000000082d00000|  0%| F|  |TS  0|AC  0|TAMS 0x0000000082c00000, 0x0000000082c00000|
|  13|0x0000000082d00000, 0x0000000082d00000, 0x0000000082e00000|  0%| F|  |TS  0|AC  0|TAMS 0x0000000082d00000, 0x0000000082d00000|
|  14|0x0000000082e00000, 0x0000000082e00000, 0x0000000082f00000|  0%| F|  |TS  0|AC  0|TAMS 0x0000000082e00000, 0x0000000082e00000|
|  15|0x0000000082f00000, 0x0000000082f00000, 0x0000000083000000|  0%| F|  |TS  0|AC  0|TAMS 0x0000000082f00000, 0x0000000082f00000|
|  16|0x0000000083000000, 0x0000000083000000, 0x0000000083100000|  0%| F|  |TS  0|AC  0|TAMS 0x0000000083000000, 0x0000000083000000|
|  17|0x0000000083100000, 0x0000000083100000, 0x0000000083200000|  0%| F|  |TS  0|AC  0|TAMS 0x0000000083100000, 0x0000000083100000|
|  18|0x0000000083200000, 0x0000000083200000, 0x0000000083300000|  0%| F|  |TS  0|AC  0|TAMS 0x0000000083200000, 0x0000000083200000|
|  19|0x0000000083300000, 0x0000000083300000, 0x0000000083400000|  0%| F|  |TS  0|AC  0|TAMS 0x0000000083300000, 0x0000000083300000|
|  20|0x0000000083400000, 0x0000000083400000, 0x0000000083500000|  0%| F|  |TS  0|AC  0|TAMS 0x0000000083400000, 0x0000000083400000|
|  21|0x0000000083500000, 0x0000000083500000, 0x0000000083600000|  0%| F|  |TS  0|AC  0|TAMS 0x0000000083500000, 0x0000000083500000|
|  22|0x0000000083600000, 0x0000000083600000, 0x0000000083700000|  0%| F|  |TS  0|AC  0|TAMS 0x0000000083600000, 0x0000000083600000|
|  23|0x0000000083700000, 0x0000000083700000, 0x0000000083800000|  0%| F|  |TS  0|AC  0|TAMS 0x0000000083700000, 0x0000000083700000|
|  24|0x0000000083800000, 0x0000000083800000, 0x0000000083900000|  0%| F|  |TS  0|AC  0|TAMS 0x0000000083800000, 0x0000000083800000|
|  25|0x0000000083900000, 0x0000000083900000, 0x0000000083a00000|  0%| F|  |TS  0|AC  0|TAMS 0x0000000083900000, 0x0000000083900000|
|  26|0x0000000083a00000, 0x0000000083a00000, 0x0000000083b00000|  0%| F|  |TS  0|AC  0|TAMS 0x0000000083a00000, 0x0000000083a00000|
|  27|0x0000000083b00000, 0x0000000083b00000, 0x0000000083c00000|  0%| F|  |TS  0|AC  0|TAMS 0x0000000083b00000, 0x0000000083b00000|
|  28|0x0000000083c00000, 0x0000000083c00000, 0x0000000083d00000|  0%| F|  |TS  0|AC  0|TAMS 0x0000000083c00000, 0x0000000083c00000|
|  29|0x0000000083d00000, 0x0000000083d00000, 0x0000000083e00000|  0%| F|  |TS  0|AC  0|TAMS 0x0000000083d00000, 0x0000000083d00000|
|  30|0x0000000083e00000, 0x0000000083e00000, 0x0000000083f00000|  0%| F|  |TS  0|AC  0|TAMS 0x0000000083e00000, 0x0000000083e00000|
|  31|0x0000000083f00000, 0x0000000083f00000, 0x0000000084000000|  0%| F|  |TS  0|AC  0|TAMS 0x0000000083f00000, 0x0000000083f00000|
|  32|0x0000000084000000, 0x0000000084000000, 0x0000000084100000|  0%| F|  |TS  0|AC  0|TAMS 0x0000000084000000, 0x0000000084000000|
|  33|0x0000000084100000, 0x0000000084100000, 0x0000000084200000|  0%| F|  |TS  0|AC  0|TAMS 0x0000000084100000, 0x0000000084100000|
|  34|0x0000000084200000, 0x0000000084200000, 0x0000000084300000|  0%| F|  |TS  0|AC  0|TAMS 0x0000000084200000, 0x0000000084200000|
|  35|0x0000000084300000, 0x0000000084300000, 0x0000000084400000|  0%| F|  |TS  0|AC  0|TAMS 0x0000000084300000, 0x0000000084300000|
|  36|0x0000000084400000, 0x0000000084400000, 0x0000000084500000|  0%| F|  |TS  0|AC  0|TAMS 0x0000000084400000, 0x0000000084400000|
|  37|0x0000000084500000, 0x0000000084500000, 0x0000000084600000|  0%| F|  |TS  0|AC  0|TAMS 0x0000000084500000, 0x0000000084500000|
|  38|0x0000000084600000, 0x0000000084600000, 0x0000000084700000|  0%| F|  |TS  0|AC  0|TAMS 0x0000000084600000, 0x0000000084600000|
|  39|0x0000000084700000, 0x0000000084700000, 0x0000000084800000|  0%| F|  |TS  0|AC  0|TAMS 0x0000000084700000, 0x0000000084700000|
|  40|0x0000000084800000, 0x0000000084800000, 0x0000000084900000|  0%| F|  |TS  0|AC  0|TAMS 0x0000000084800000, 0x0000000084800000|
|  41|0x0000000084900000, 0x0000000084900000, 0x0000000084a00000|  0%| F|  |TS  0|AC  0|TAMS 0x0000000084900000, 0x0000000084900000|
|  42|0x0000000084a00000, 0x0000000084a00000, 0x0000000084b00000|  0%| F|  |TS  0|AC  0|TAMS 0x0000000084a00000, 0x0000000084a00000|
|  43|0x0000000084b00000, 0x0000000084b00000, 0x0000000084c00000|  0%| F|  |TS  0|AC  0|TAMS 0x0000000084b00000, 0x0000000084b00000|
|  44|0x0000000084c00000, 0x0000000084c00000, 0x0000000084d00000|  0%| F|  |TS  0|AC  0|TAMS 0x0000000084c00000, 0x0000000084c00000|
|  45|0x0000000084d00000, 0x0000000084d00000, 0x0000000084e00000|  0%| F|  |TS  0|AC  0|TAMS 0x0000000084d00000, 0x0000000084d00000|
|  46|0x0000000084e00000, 0x0000000084e00000, 0x0000000084f00000|  0%| F|  |TS  0|AC  0|TAMS 0x0000000084e00000, 0x0000000084e00000|
|  47|0x0000000084f00000, 0x0000000084f00000, 0x0000000085000000|  0%| F|  |TS  0|AC  0|TAMS 0x0000000084f00000, 0x0000000084f00000|
|  48|0x0000000085000000, 0x0000000085000000, 0x0000000085100000|  0%| F|  |TS  0|AC  0|TAMS 0x0000000085000000, 0x0000000085000000|
|  49|0x0000000085100000, 0x0000000085100000, 0x0000000085200000|  0%| F|  |TS  0|AC  0|TAMS 0x0000000085100000, 0x0000000085100000|
|  50|0x0000000085200000, 0x0000000085200000, 0x0000000085300000|  0%| F|  |TS  0|AC  0|TAMS 0x0000000085200000, 0x0000000085200000|
|  51|0x0000000085300000, 0x0000000085300000, 0x0000000085400000|  0%| F|  |TS  0|AC  0|TAMS 0x0000000085300000, 0x0000000085300000|
|  52|0x0000000085400000, 0x0000000085400000, 0x0000000085500000|  0%| F|  |TS  0|AC  0|TAMS 0x0000000085400000, 0x0000000085400000|
|  53|0x0000000085500000, 0x0000000085500000, 0x0000000085600000|  0%| F|  |TS  0|AC  0|TAMS 0x0000000085500000, 0x0000000085500000|
|  54|0x0000000085600000, 0x0000000085600000, 0x0000000085700000|  0%| F|  |TS  0|AC  0|TAMS 0x0000000085600000, 0x0000000085600000|
|  55|0x0000000085700000, 0x0000000085700000, 0x0000000085800000|  0%| F|  |TS  0|AC  0|TAMS 0x0000000085700000, 0x0000000085700000|
|  56|0x0000000085800000, 0x00000000858bdaa0, 0x0000000085900000| 74%| S|CS|TS  2|AC  0|TAMS 0x0000000085800000, 0x0000000085800000|
|  57|0x0000000085900000, 0x0000000085a00000, 0x0000000085a00000|100%| S|CS|TS  2|AC  0|TAMS 0x0000000085900000, 0x0000000085900000|
|  58|0x0000000085a00000, 0x0000000085b00000, 0x0000000085b00000|100%| S|CS|TS  2|AC  0|TAMS 0x0000000085a00000, 0x0000000085a00000|
|  59|0x0000000085b00000, 0x0000000085b00000, 0x0000000085c00000|  0%| F|  |TS  2|AC  0|TAMS 0x0000000085b00000, 0x0000000085b00000|
|  60|0x0000000085c00000, 0x0000000085c00000, 0x0000000085d00000|  0%| F|  |TS  2|AC  0|TAMS 0x0000000085c00000, 0x0000000085c00000|
|  61|0x0000000085d00000, 0x0000000085d00000, 0x0000000085e00000|  0%| F|  |TS  2|AC  0|TAMS 0x0000000085d00000, 0x0000000085d00000|
|  62|0x0000000085e00000, 0x0000000085e00000, 0x0000000085f00000|  0%| F|  |TS  2|AC  0|TAMS 0x0000000085e00000, 0x0000000085e00000|
|  63|0x0000000085f00000, 0x0000000085f00000, 0x0000000086000000|  0%| F|  |TS  2|AC  0|TAMS 0x0000000085f00000, 0x0000000085f00000|
|  64|0x0000000086000000, 0x0000000086000000, 0x0000000086100000|  0%| F|  |TS  2|AC  0|TAMS 0x0000000086000000, 0x0000000086000000|
|  65|0x0000000086100000, 0x0000000086100000, 0x0000000086200000|  0%| F|  |TS  2|AC  0|TAMS 0x0000000086100000, 0x0000000086100000|
|  66|0x0000000086200000, 0x0000000086200000, 0x0000000086300000|  0%| F|  |TS  2|AC  0|TAMS 0x0000000086200000, 0x0000000086200000|
|  67|0x0000000086300000, 0x0000000086300000, 0x0000000086400000|  0%| F|  |TS  2|AC  0|TAMS 0x0000000086300000, 0x0000000086300000|
|  68|0x0000000086400000, 0x0000000086400000, 0x0000000086500000|  0%| F|  |TS  2|AC  0|TAMS 0x0000000086400000, 0x0000000086400000|
|  69|0x0000000086500000, 0x0000000086500000, 0x0000000086600000|  0%| F|  |TS  2|AC  0|TAMS 0x0000000086500000, 0x0000000086500000|
|  70|0x0000000086600000, 0x0000000086600000, 0x0000000086700000|  0%| F|  |TS  2|AC  0|TAMS 0x0000000086600000, 0x0000000086600000|
|  71|0x0000000086700000, 0x0000000086700000, 0x0000000086800000|  0%| F|  |TS  2|AC  0|TAMS 0x0000000086700000, 0x0000000086700000|
|  72|0x0000000086800000, 0x0000000086800000, 0x0000000086900000|  0%| F|  |TS  2|AC  0|TAMS 0x0000000086800000, 0x0000000086800000|
|  73|0x0000000086900000, 0x0000000086900000, 0x0000000086a00000|  0%| F|  |TS  2|AC  0|TAMS 0x0000000086900000, 0x0000000086900000|
|  74|0x0000000086a00000, 0x0000000086a00000, 0x0000000086b00000|  0%| F|  |TS  2|AC  0|TAMS 0x0000000086a00000, 0x0000000086a00000|
|  75|0x0000000086b00000, 0x0000000086b00000, 0x0000000086c00000|  0%| F|  |TS  2|AC  0|TAMS 0x0000000086b00000, 0x0000000086b00000|
|  76|0x0000000086c00000, 0x0000000086c00000, 0x0000000086d00000|  0%| F|  |TS  2|AC  0|TAMS 0x0000000086c00000, 0x0000000086c00000|
|  77|0x0000000086d00000, 0x0000000086d00000, 0x0000000086e00000|  0%| F|  |TS  2|AC  0|TAMS 0x0000000086d00000, 0x0000000086d00000|
|  78|0x0000000086e00000, 0x0000000086e00000, 0x0000000086f00000|  0%| F|  |TS  2|AC  0|TAMS 0x0000000086e00000, 0x0000000086e00000|
|  79|0x0000000086f00000, 0x0000000086f00000, 0x0000000087000000|  0%| F|  |TS  2|AC  0|TAMS 0x0000000086f00000, 0x0000000086f00000|
|  80|0x0000000087000000, 0x0000000087000000, 0x0000000087100000|  0%| F|  |TS  2|AC  0|TAMS 0x0000000087000000, 0x0000000087000000|
|  81|0x0000000087100000, 0x0000000087100000, 0x0000000087200000|  0%| F|  |TS  2|AC  0|TAMS 0x0000000087100000, 0x0000000087100000|
|  82|0x0000000087200000, 0x0000000087200000, 0x0000000087300000|  0%| F|  |TS  2|AC  0|TAMS 0x0000000087200000, 0x0000000087200000|
|  83|0x0000000087300000, 0x0000000087300000, 0x0000000087400000|  0%| F|  |TS  2|AC  0|TAMS 0x0000000087300000, 0x0000000087300000|
|  84|0x0000000087400000, 0x0000000087400000, 0x0000000087500000|  0%| F|  |TS  2|AC  0|TAMS 0x0000000087400000, 0x0000000087400000|
|  85|0x0000000087500000, 0x0000000087500000, 0x0000000087600000|  0%| F|  |TS  2|AC  0|TAMS 0x0000000087500000, 0x0000000087500000|
|  86|0x0000000087600000, 0x0000000087600000, 0x0000000087700000|  0%| F|  |TS  2|AC  0|TAMS 0x0000000087600000, 0x0000000087600000|
|  87|0x0000000087700000, 0x0000000087700000, 0x0000000087800000|  0%| F|  |TS  2|AC  0|TAMS 0x0000000087700000, 0x0000000087700000|
|  88|0x0000000087800000, 0x0000000087800000, 0x0000000087900000|  0%| F|  |TS  2|AC  0|TAMS 0x0000000087800000, 0x0000000087800000|
|  89|0x0000000087900000, 0x0000000087900000, 0x0000000087a00000|  0%| F|  |TS  2|AC  0|TAMS 0x0000000087900000, 0x0000000087900000|
|  90|0x0000000087a00000, 0x0000000087a00000, 0x0000000087b00000|  0%| F|  |TS  2|AC  0|TAMS 0x0000000087a00000, 0x0000000087a00000|
|  91|0x0000000087b00000, 0x0000000087b00000, 0x0000000087c00000|  0%| F|  |TS  2|AC  0|TAMS 0x0000000087b00000, 0x0000000087b00000|
|  92|0x0000000087c00000, 0x0000000087c00000, 0x0000000087d00000|  0%| F|  |TS  2|AC  0|TAMS 0x0000000087c00000, 0x0000000087c00000|
|  93|0x0000000087d00000, 0x0000000087d00000, 0x0000000087e00000|  0%| F|  |TS  2|AC  0|TAMS 0x0000000087d00000, 0x0000000087d00000|
|  94|0x0000000087e00000, 0x0000000087e00000, 0x0000000087f00000|  0%| F|  |TS  2|AC  0|TAMS 0x0000000087e00000, 0x0000000087e00000|
|  95|0x0000000087f00000, 0x0000000087f00000, 0x0000000088000000|  0%| F|  |TS  2|AC  0|TAMS 0x0000000087f00000, 0x0000000087f00000|
|  96|0x0000000088000000, 0x0000000088000000, 0x0000000088100000|  0%| F|  |TS  2|AC  0|TAMS 0x0000000088000000, 0x0000000088000000|
|  97|0x0000000088100000, 0x0000000088100000, 0x0000000088200000|  0%| F|  |TS  2|AC  0|TAMS 0x0000000088100000, 0x0000000088100000|
|  98|0x0000000088200000, 0x0000000088200000, 0x0000000088300000|  0%| F|  |TS  2|AC  0|TAMS 0x0000000088200000, 0x0000000088200000|
|  99|0x0000000088300000, 0x0000000088300000, 0x0000000088400000|  0%| F|  |TS  2|AC  0|TAMS 0x0000000088300000, 0x0000000088300000|
| 100|0x0000000088400000, 0x0000000088400000, 0x0000000088500000|  0%| F|  |TS  2|AC  0|TAMS 0x0000000088400000, 0x0000000088400000|
| 101|0x0000000088500000, 0x0000000088500000, 0x0000000088600000|  0%| F|  |TS  2|AC  0|TAMS 0x0000000088500000, 0x0000000088500000|
| 102|0x0000000088600000, 0x0000000088600000, 0x0000000088700000|  0%| F|  |TS  2|AC  0|TAMS 0x0000000088600000, 0x0000000088600000|
| 103|0x0000000088700000, 0x0000000088700000, 0x0000000088800000|  0%| F|  |TS  2|AC  0|TAMS 0x0000000088700000, 0x0000000088700000|
| 104|0x0000000088800000, 0x0000000088800000, 0x0000000088900000|  0%| F|  |TS  2|AC  0|TAMS 0x0000000088800000, 0x0000000088800000|
| 105|0x0000000088900000, 0x0000000088900000, 0x0000000088a00000|  0%| F|  |TS  2|AC  0|TAMS 0x0000000088900000, 0x0000000088900000|
| 106|0x0000000088a00000, 0x0000000088a00000, 0x0000000088b00000|  0%| F|  |TS  2|AC  0|TAMS 0x0000000088a00000, 0x0000000088a00000|
| 107|0x0000000088b00000, 0x0000000088b00000, 0x0000000088c00000|  0%| F|  |TS  2|AC  0|TAMS 0x0000000088b00000, 0x0000000088b00000|
| 108|0x0000000088c00000, 0x0000000088c00000, 0x0000000088d00000|  0%| F|  |TS  2|AC  0|TAMS 0x0000000088c00000, 0x0000000088c00000|
| 109|0x0000000088d00000, 0x0000000088d00000, 0x0000000088e00000|  0%| F|  |TS  2|AC  0|TAMS 0x0000000088d00000, 0x0000000088d00000|
| 110|0x0000000088e00000, 0x0000000088e00000, 0x0000000088f00000|  0%| F|  |TS  2|AC  0|TAMS 0x0000000088e00000, 0x0000000088e00000|
| 111|0x0000000088f00000, 0x0000000088f00000, 0x0000000089000000|  0%| F|  |TS  2|AC  0|TAMS 0x0000000088f00000, 0x0000000088f00000|
| 112|0x0000000089000000, 0x0000000089000000, 0x0000000089100000|  0%| F|  |TS  2|AC  0|TAMS 0x0000000089000000, 0x0000000089000000|
| 113|0x0000000089100000, 0x0000000089100000, 0x0000000089200000|  0%| F|  |TS  2|AC  0|TAMS 0x0000000089100000, 0x0000000089100000|
| 114|0x0000000089200000, 0x0000000089200000, 0x0000000089300000|  0%| F|  |TS  2|AC  0|TAMS 0x0000000089200000, 0x0000000089200000|
| 115|0x0000000089300000, 0x0000000089400000, 0x0000000089400000|100%| E|  |TS  2|AC  0|TAMS 0x0000000089300000, 0x0000000089300000|
| 116|0x0000000089400000, 0x0000000089500000, 0x0000000089500000|100%| E|CS|TS  2|AC  0|TAMS 0x0000000089400000, 0x0000000089400000|
| 117|0x0000000089500000, 0x0000000089600000, 0x0000000089600000|100%| E|CS|TS  2|AC  0|TAMS 0x0000000089500000, 0x0000000089500000|
| 118|0x0000000089600000, 0x0000000089700000, 0x0000000089700000|100%| E|CS|TS  2|AC  0|TAMS 0x0000000089600000, 0x0000000089600000|
| 119|0x0000000089700000, 0x0000000089800000, 0x0000000089800000|100%| E|CS|TS  2|AC  0|TAMS 0x0000000089700000, 0x0000000089700000|
| 120|0x0000000089800000, 0x0000000089900000, 0x0000000089900000|100%| E|CS|TS  2|AC  0|TAMS 0x0000000089800000, 0x0000000089800000|
| 121|0x0000000089900000, 0x0000000089a00000, 0x0000000089a00000|100%| E|CS|TS  2|AC  0|TAMS 0x0000000089900000, 0x0000000089900000|
| 122|0x0000000089a00000, 0x0000000089b00000, 0x0000000089b00000|100%| E|CS|TS  2|AC  0|TAMS 0x0000000089a00000, 0x0000000089a00000|
| 123|0x0000000089b00000, 0x0000000089c00000, 0x0000000089c00000|100%| E|CS|TS  2|AC  0|TAMS 0x0000000089b00000, 0x0000000089b00000|
| 124|0x0000000089c00000, 0x0000000089d00000, 0x0000000089d00000|100%| E|CS|TS  2|AC  0|TAMS 0x0000000089c00000, 0x0000000089c00000|
| 125|0x0000000089d00000, 0x0000000089e00000, 0x0000000089e00000|100%| E|CS|TS  2|AC  0|TAMS 0x0000000089d00000, 0x0000000089d00000|

Card table byte_map: [0x000001f9625f0000,0x000001f9629e0000] byte_map_base: 0x000001f9621e0000

Marking Bits (Prev, Next): (CMBitMap*) 0x000001f947f29818, (CMBitMap*) 0x000001f947f297e0
 Prev Bits: [0x000001f964d50000, 0x000001f966cd0000)
 Next Bits: [0x000001f962dd0000, 0x000001f964d50000)

Polling page: 0x000001f945d90000

CodeHeap 'non-profiled nmethods': size=120064Kb used=1068Kb max_used=1072Kb free=118995Kb
 bounds [0x000001f95acc0000, 0x000001f95af30000, 0x000001f962200000]
CodeHeap 'profiled nmethods': size=120000Kb used=4884Kb max_used=5310Kb free=115115Kb
 bounds [0x000001f953790000, 0x000001f953cc0000, 0x000001f95acc0000]
CodeHeap 'non-nmethods': size=5696Kb used=1214Kb max_used=1234Kb free=4481Kb
 bounds [0x000001f953200000, 0x000001f953470000, 0x000001f953790000]
 total_blobs=3891 nmethods=2454 adapters=375
 compilation: enabled

Compilation events (10 events):
Event: 286182.371 Thread 0x000001f969acf000 2803       3       java.lang.Class::getComponentType (14 bytes)
Event: 286182.371 Thread 0x000001f969acf000 nmethod 2803 0x000001f953838690 code [0x000001f953838860, 0x000001f953838a50]
Event: 286182.391 Thread 0x000001f969acf000 2804       1       java.lang.Thread::getId (5 bytes)
Event: 286182.391 Thread 0x000001f969acf000 nmethod 2804 0x000001f95acf5190 code [0x000001f95acf5340, 0x000001f95acf5458]
Event: 286182.468 Thread 0x000001f969acf000 2805       3       java.util.stream.Collectors$CollectorImpl::<init> (32 bytes)
Event: 286182.469 Thread 0x000001f969acf000 nmethod 2805 0x000001f95383b410 code [0x000001f95383b5e0, 0x000001f95383b978]
Event: 286182.531 Thread 0x000001f969acf000 2806       3       okio.Buffer::write (295 bytes)
Event: 286182.532 Thread 0x000001f969acf000 nmethod 2806 0x000001f953854490 code [0x000001f953854720, 0x000001f953855370]
Event: 286182.543 Thread 0x000001f969acf000 2807       3       java.lang.Boolean::toString (15 bytes)
Event: 286182.544 Thread 0x000001f969acf000 nmethod 2807 0x000001f95383e690 code [0x000001f95383e840, 0x000001f95383ea18]

GC Heap History (10 events):
Event: 1.428 GC heap before
{Heap before GC invocations=1 (full 0):
 garbage-first heap   total 129024K, used 13896K [0x0000000082000000, 0x0000000100000000)
  region size 1024K, 12 young (12288K), 2 survivors (2048K)
 Metaspace       used 13305K, capacity 13544K, committed 13696K, reserved 1060864K
  class space    used 1282K, capacity 1386K, committed 1408K, reserved 1048576K
}
Event: 1.432 GC heap after
{Heap after GC invocations=2 (full 0):
 garbage-first heap   total 129024K, used 5018K [0x0000000082000000, 0x0000000100000000)
  region size 1024K, 1 young (1024K), 1 survivors (1024K)
 Metaspace       used 13305K, capacity 13544K, committed 13696K, reserved 1060864K
  class space    used 1282K, capacity 1386K, committed 1408K, reserved 1048576K
}
Event: 5.304 GC heap before
{Heap before GC invocations=2 (full 0):
 garbage-first heap   total 129024K, used 33690K [0x0000000082000000, 0x0000000100000000)
  region size 1024K, 29 young (29696K), 1 survivors (1024K)
 Metaspace       used 20462K, capacity 20956K, committed 21296K, reserved 1069056K
  class space    used 2118K, capacity 2317K, committed 2432K, reserved 1048576K
}
Event: 5.309 GC heap after
{Heap after GC invocations=3 (full 0):
 garbage-first heap   total 129024K, used 7327K [0x0000000082000000, 0x0000000100000000)
  region size 1024K, 4 young (4096K), 4 survivors (4096K)
 Metaspace       used 20462K, capacity 20956K, committed 21296K, reserved 1069056K
  class space    used 2118K, capacity 2317K, committed 2432K, reserved 1048576K
}
Event: 5.323 GC heap before
{Heap before GC invocations=3 (full 0):
 garbage-first heap   total 129024K, used 7327K [0x0000000082000000, 0x0000000100000000)
  region size 1024K, 5 young (5120K), 4 survivors (4096K)
 Metaspace       used 20598K, capacity 21052K, committed 21296K, reserved 1069056K
  class space    used 2144K, capacity 2349K, committed 2432K, reserved 1048576K
}
Event: 5.327 GC heap after
{Heap after GC invocations=4 (full 0):
 garbage-first heap   total 129024K, used 7364K [0x0000000082000000, 0x0000000100000000)
  region size 1024K, 3 young (3072K), 3 survivors (3072K)
 Metaspace       used 20598K, capacity 21052K, committed 21296K, reserved 1069056K
  class space    used 2144K, capacity 2349K, committed 2432K, reserved 1048576K
}
Event: 17.046 GC heap before
{Heap before GC invocations=5 (full 0):
 garbage-first heap   total 129024K, used 53444K [0x0000000082000000, 0x0000000100000000)
  region size 1024K, 48 young (49152K), 3 survivors (3072K)
 Metaspace       used 20817K, capacity 21324K, committed 21552K, reserved 1069056K
  class space    used 2159K, capacity 2350K, committed 2432K, reserved 1048576K
}
Event: 17.049 GC heap after
{Heap after GC invocations=6 (full 0):
 garbage-first heap   total 129024K, used 7688K [0x0000000082000000, 0x0000000100000000)
  region size 1024K, 3 young (3072K), 3 survivors (3072K)
 Metaspace       used 20817K, capacity 21324K, committed 21552K, reserved 1069056K
  class space    used 2159K, capacity 2350K, committed 2432K, reserved 1048576K
}
Event: 99.170 GC heap before
{Heap before GC invocations=6 (full 0):
 garbage-first heap   total 129024K, used 73224K [0x0000000082000000, 0x0000000100000000)
  region size 1024K, 67 young (68608K), 3 survivors (3072K)
 Metaspace       used 21384K, capacity 21820K, committed 22064K, reserved 1069056K
  class space    used 2192K, capacity 2402K, committed 2432K, reserved 1048576K
}
Event: 99.184 GC heap after
{Heap after GC invocations=7 (full 0):
 garbage-first heap   total 129024K, used 7748K [0x0000000082000000, 0x0000000100000000)
  region size 1024K, 3 young (3072K), 3 survivors (3072K)
 Metaspace       used 21384K, capacity 21820K, committed 22064K, reserved 1069056K
  class space    used 2192K, capacity 2402K, committed 2432K, reserved 1048576K
}

Deoptimization events (10 events):
Event: 38.948 Thread 0x000001f947e7f800 Uncommon trap: reason=unstable_if action=reinterpret pc=0x000001f95ad04cac method=java.lang.String.substring(II)Ljava/lang/String; @ 31 c2
Event: 38.956 Thread 0x000001f947e7f800 Uncommon trap: reason=unstable_if action=reinterpret pc=0x000001f95ad86ce8 method=java.lang.StringLatin1.canEncode(I)Z @ 4 c2
Event: 38.956 Thread 0x000001f947e7f800 Uncommon trap: reason=unstable_if action=reinterpret pc=0x000001f95ad91570 method=java.lang.AbstractStringBuilder.append(Ljava/lang/AbstractStringBuilder;)Ljava/lang/AbstractStringBuilder; @ 32 c2
Event: 90.992 Thread 0x000001f947e7f800 Uncommon trap: reason=unstable_if action=reinterpret pc=0x000001f95acf55b4 method=java.lang.String.startsWith(Ljava/lang/String;I)Z @ 46 c2
Event: 90.996 Thread 0x000001f947e7f800 Uncommon trap: reason=unstable_if action=reinterpret pc=0x000001f95ad7bc64 method=java.lang.StringLatin1.canEncode(I)Z @ 4 c2
Event: 286181.640 Thread 0x000001f947e7f800 Uncommon trap: reason=unstable_if action=reinterpret pc=0x000001f95ad7ed10 method=com.google.common.collect.RegularImmutableMap.get(Ljava/lang/Object;[Lcom/google/common/collect/ImmutableMapEntry;I)Ljava/lang/Object; @ 5 c2
Event: 286181.912 Thread 0x000001f947e7f800 Uncommon trap: reason=intrinsic_or_type_checked_inlining action=make_not_entrant pc=0x000001f95acccb50 method=java.util.Arrays.copyOf([Ljava/lang/Object;ILjava/lang/Class;)[Ljava/lang/Object; @ 35 c2
Event: 286182.216 Thread 0x000001f947e7f800 Uncommon trap: reason=unstable_if action=reinterpret pc=0x000001f95ad8c9cc method=java.lang.AbstractStringBuilder.append(Ljava/lang/AbstractStringBuilder;)Ljava/lang/AbstractStringBuilder; @ 32 c2
Event: 286182.216 Thread 0x000001f947e7f800 Uncommon trap: reason=unstable_if action=reinterpret pc=0x000001f95ad8bd08 method=java.lang.AbstractStringBuilder.append(Ljava/lang/AbstractStringBuilder;)Ljava/lang/AbstractStringBuilder; @ 32 c2
Event: 286182.216 Thread 0x000001f947e7f800 Uncommon trap: reason=unstable_if action=reinterpret pc=0x000001f95ad89d9c method=java.lang.AbstractStringBuilder.getBytes([BIB)V @ 5 c2

Classes redefined (2 events):
Event: 4839.336 Thread 0x000001f966ec4800 redefined class name=Dep_Mod_UO, count=1
Event: 8031.319 Thread 0x000001f966ec4800 redefined class name=TopFunction, count=1

Internal exceptions (10 events):
Event: 2.594 Thread 0x000001f947e7f800 Exception <a 'java/lang/NoSuchMethodError'{0x0000000088d75408}: method resolution failed> (0x0000000088d75408) thrown at [t:/workspace/open/src/hotspot/share/prims/methodHandles.cpp, line 1226]
Event: 2.598 Thread 0x000001f947e7f800 Exception <a 'java/lang/NoSuchMethodError'{0x0000000088da3808}: java.lang.invoke.DirectMethodHandle$Holder.invokeInterface(Ljava/lang/Object;Ljava/lang/Object;Ljava/lang/Object;)V> (0x0000000088da3808) thrown at [t:/workspace/open/src/hotspot/share/interp
Event: 2.600 Thread 0x000001f947e7f800 Exception <a 'java/lang/NoSuchMethodError'{0x0000000088db4b28}: java.lang.invoke.DirectMethodHandle$Holder.invokeStatic(Ljava/lang/Object;Ljava/lang/Object;Ljava/lang/Object;Ljava/lang/Object;Ljava/lang/Object;)V> (0x0000000088db4b28) thrown at [t:/worksp
Event: 2.673 Thread 0x000001f947e7f800 Exception <a 'java/lang/NoSuchMethodError'{0x000000008883eec0}: java.lang.invoke.DirectMethodHandle$Holder.invokeStatic(Ljava/lang/Object;Ljava/lang/Object;Ljava/lang/Object;Ljava/lang/Object;)V> (0x000000008883eec0) thrown at [t:/workspace/open/src/hotsp
Event: 3.433 Thread 0x000001f947e7f800 Exception <a 'java/lang/ClassNotFoundException'{0x00000000885b6d18}: sun/util/logging/resources/spi/loggingProvider> (0x00000000885b6d18) thrown at [t:/workspace/open/src/hotspot/share/classfile/systemDictionary.cpp, line 233]
Event: 4.353 Thread 0x000001f947e7f800 Exception <a 'java/lang/NoSuchMethodError'{0x000000008814ebb0}: java.lang.Object.of(Ljava/lang/Object;)Ljava/util/stream/Stream;> (0x000000008814ebb0) thrown at [t:/workspace/open/src/hotspot/share/interpreter/linkResolver.cpp, line 741]
Event: 23.997 Thread 0x000001f947e7f800 Exception <a 'java/lang/NoSuchMethodError'{0x0000000089ab9d20}: java.lang.Object.lambda$static$0(Ljava/time/Duration;)V> (0x0000000089ab9d20) thrown at [t:/workspace/open/src/hotspot/share/interpreter/linkResolver.cpp, line 741]
Event: 38.933 Thread 0x000001f947e7f800 Exception <a 'java/lang/ClassNotFoundException'{0x0000000088649cc0}: sun/misc/SharedSecrets> (0x0000000088649cc0) thrown at [t:/workspace/open/src/hotspot/share/classfile/systemDictionary.cpp, line 233]
Event: 38.934 Thread 0x000001f947e7f800 Exception <a 'java/lang/NoSuchMethodError'{0x000000008864dfb8}: java.lang.Object.lambda$comparing$77a9974f$1(Ljava/util/function/Function;Ljava/lang/Object;Ljava/lang/Object;)I> (0x000000008864dfb8) thrown at [t:/workspace/open/src/hotspot/share/interpret
Event: 286181.640 Thread 0x000001f947e7f800 Implicit null exception at 0x000001f95ad7e57e to 0x000001f95ad7ecf2

Events (10 events):
Event: 286182.530 Thread 0x000001f947e7f800 DEOPT PACKING pc=0x000001f953be8a7c sp=0x000000e1a7ffd030
Event: 286182.530 Thread 0x000001f947e7f800 DEOPT UNPACKING pc=0x000001f95323cd4e sp=0x000000e1a7ffc4f0 mode 1
Event: 286182.530 Thread 0x000001f947e7f800 DEOPT PACKING pc=0x000001f953b6ea8c sp=0x000000e1a7ffd010
Event: 286182.530 Thread 0x000001f947e7f800 DEOPT UNPACKING pc=0x000001f95323cd4e sp=0x000000e1a7ffc530 mode 1
Event: 286182.530 Thread 0x000001f947e7f800 DEOPT PACKING pc=0x000001f9537e1014 sp=0x000000e1a7ffd0f0
Event: 286182.530 Thread 0x000001f947e7f800 DEOPT UNPACKING pc=0x000001f95323cd4e sp=0x000000e1a7ffc508 mode 1
Event: 286182.530 Thread 0x000001f947e7f800 DEOPT PACKING pc=0x000001f953b6ea8c sp=0x000000e1a7ffcf50
Event: 286182.530 Thread 0x000001f947e7f800 DEOPT UNPACKING pc=0x000001f95323cd4e sp=0x000000e1a7ffc470 mode 1
Event: 286182.530 Thread 0x000001f947e7f800 DEOPT PACKING pc=0x000001f953be8a7c sp=0x000000e1a7ffd030
Event: 286182.530 Thread 0x000001f947e7f800 DEOPT UNPACKING pc=0x000001f95323cd4e sp=0x000000e1a7ffc4f0 mode 1


Dynamic libraries:
0x00007ff6071e0000 - 0x00007ff60721e000 	C:\Program Files\Java\jdk-10.0.2\bin\java.exe
0x00007ff8baa30000 - 0x00007ff8bac11000 	C:\WINDOWS\SYSTEM32\ntdll.dll
0x00007ff8b9230000 - 0x00007ff8b92e2000 	C:\WINDOWS\System32\KERNEL32.DLL
0x00007ff8b78b0000 - 0x00007ff8b7b23000 	C:\WINDOWS\System32\KERNELBASE.dll
0x00007ff8b81d0000 - 0x00007ff8b8271000 	C:\WINDOWS\System32\ADVAPI32.dll
0x00007ff8b8ca0000 - 0x00007ff8b8d3e000 	C:\WINDOWS\System32\msvcrt.dll
0x00007ff8b8c30000 - 0x00007ff8b8c8b000 	C:\WINDOWS\System32\sechost.dll
0x00007ff8b7f70000 - 0x00007ff8b8094000 	C:\WINDOWS\System32\RPCRT4.dll
0x00007ff8b8d40000 - 0x00007ff8b8ed0000 	C:\WINDOWS\System32\USER32.dll
0x00007ff8b7120000 - 0x00007ff8b7140000 	C:\WINDOWS\System32\win32u.dll
0x00007ff8b9200000 - 0x00007ff8b9228000 	C:\WINDOWS\System32\GDI32.dll
0x00007ff8b6f80000 - 0x00007ff8b7112000 	C:\WINDOWS\System32\gdi32full.dll
0x00007ff8b7b30000 - 0x00007ff8b7bcf000 	C:\WINDOWS\System32\msvcp_win.dll
0x00007ff8b7bd0000 - 0x00007ff8b7cca000 	C:\WINDOWS\System32\ucrtbase.dll
0x00007ff8a3980000 - 0x00007ff8a3be9000 	C:\WINDOWS\WinSxS\amd64_microsoft.windows.common-controls_6595b64144ccf1df_6.0.17134.345_none_fb429a5930656358\COMCTL32.dll
0x00007ff8af080000 - 0x00007ff8af08a000 	C:\WINDOWS\SYSTEM32\VERSION.dll
0x00007ff8b8ed0000 - 0x00007ff8b91f3000 	C:\WINDOWS\System32\combase.dll
0x00007ff8b6f00000 - 0x00007ff8b6f7a000 	C:\WINDOWS\System32\bcryptPrimitives.dll
0x00007ff8b8280000 - 0x00007ff8b82ad000 	C:\WINDOWS\System32\IMM32.DLL
0x00007ff8972e0000 - 0x00007ff8973cf000 	C:\Program Files\Java\jdk-10.0.2\bin\msvcr120.dll
0x00007ff895720000 - 0x00007ff8957c6000 	C:\Program Files\Java\jdk-10.0.2\bin\msvcp120.dll
0x0000000067100000 - 0x0000000067b70000 	C:\Program Files\Java\jdk-10.0.2\bin\server\jvm.dll
0x00007ff8b9390000 - 0x00007ff8b9398000 	C:\WINDOWS\System32\PSAPI.DLL
0x00007ff8abdf0000 - 0x00007ff8abdf9000 	C:\WINDOWS\SYSTEM32\WSOCK32.dll
0x00007ff8b9300000 - 0x00007ff8b936c000 	C:\WINDOWS\System32\WS2_32.dll
0x00007ff8b4b40000 - 0x00007ff8b4b63000 	C:\WINDOWS\SYSTEM32\WINMM.dll
0x00007ff8b4ae0000 - 0x00007ff8b4b0a000 	C:\WINDOWS\SYSTEM32\WINMMBASE.dll
0x00007ff8b6eb0000 - 0x00007ff8b6ef9000 	C:\WINDOWS\System32\cfgmgr32.dll
0x00007ff8b40c0000 - 0x00007ff8b40cf000 	C:\Program Files\Java\jdk-10.0.2\bin\verify.dll
0x00007ff8ab010000 - 0x00007ff8ab1d9000 	C:\WINDOWS\SYSTEM32\DBGHELP.DLL
0x00007ff8aafe0000 - 0x00007ff8ab009000 	C:\WINDOWS\SYSTEM32\dbgcore.DLL
0x00007ff8a6370000 - 0x00007ff8a6397000 	C:\Program Files\Java\jdk-10.0.2\bin\java.dll
0x00007ff88f050000 - 0x00007ff88f086000 	C:\Program Files\Java\jdk-10.0.2\bin\jdwp.dll
0x00007ff88f020000 - 0x00007ff88f04a000 	C:\Program Files\Java\jdk-10.0.2\bin\instrument.dll
0x00007ff8b2a20000 - 0x00007ff8b2a36000 	C:\Program Files\Java\jdk-10.0.2\bin\zip.dll
0x00007ff8b4080000 - 0x00007ff8b408a000 	C:\Program Files\Java\jdk-10.0.2\bin\jimage.dll
0x00007ff8b95c0000 - 0x00007ff8ba9ff000 	C:\WINDOWS\System32\SHELL32.dll
0x00007ff8b7ec0000 - 0x00007ff8b7f69000 	C:\WINDOWS\System32\shcore.dll
0x00007ff8b71a0000 - 0x00007ff8b78ad000 	C:\WINDOWS\System32\windows.storage.dll
0x00007ff8b80a0000 - 0x00007ff8b80f1000 	C:\WINDOWS\System32\shlwapi.dll
0x00007ff8b6d50000 - 0x00007ff8b6d61000 	C:\WINDOWS\System32\kernel.appcore.dll
0x00007ff8b6d70000 - 0x00007ff8b6d8f000 	C:\WINDOWS\System32\profapi.dll
0x00007ff8b6db0000 - 0x00007ff8b6dfc000 	C:\WINDOWS\System32\powrprof.dll
0x00007ff8b6d40000 - 0x00007ff8b6d4a000 	C:\WINDOWS\System32\FLTLIB.DLL
0x00007ff8b23f0000 - 0x00007ff8b23fa000 	C:\Program Files\Java\jdk-10.0.2\bin\dt_socket.dll
0x00007ff8b6560000 - 0x00007ff8b65c6000 	C:\WINDOWS\system32\mswsock.dll
0x00007ff8b1230000 - 0x00007ff8b124a000 	C:\Program Files\Java\jdk-10.0.2\bin\net.dll
0x00007ff8b24b0000 - 0x00007ff8b258c000 	C:\WINDOWS\SYSTEM32\WINHTTP.dll
0x00007ff8abf10000 - 0x00007ff8abf21000 	C:\Program Files\Java\jdk-10.0.2\bin\nio.dll
0x00007ff8b6320000 - 0x00007ff8b63de000 	C:\WINDOWS\SYSTEM32\DNSAPI.dll
0x00007ff8b92f0000 - 0x00007ff8b92f8000 	C:\WINDOWS\System32\NSI.dll
0x00007ff8b62e0000 - 0x00007ff8b6318000 	C:\WINDOWS\SYSTEM32\IPHLPAPI.DLL
0x00007ff8b0930000 - 0x00007ff8b093a000 	C:\Windows\System32\rasadhlp.dll
0x00007ff8b2430000 - 0x00007ff8b24a2000 	C:\WINDOWS\System32\fwpuclnt.dll
0x00007ff8b6840000 - 0x00007ff8b6865000 	C:\WINDOWS\SYSTEM32\bcrypt.dll
0x00007ff88d330000 - 0x00007ff88d353000 	C:\Program Files\Java\jdk-10.0.2\bin\sunec.dll
0x00007ff8abe00000 - 0x00007ff8abe0b000 	C:\Program Files\Java\jdk-10.0.2\bin\sunmscapi.dll
0x00007ff8b7cd0000 - 0x00007ff8b7eb2000 	C:\WINDOWS\System32\CRYPT32.dll
0x00007ff8b6d90000 - 0x00007ff8b6da2000 	C:\WINDOWS\System32\MSASN1.dll
0x00007ff8b6720000 - 0x00007ff8b6737000 	C:\WINDOWS\SYSTEM32\CRYPTSP.dll
0x00007ff8b6140000 - 0x00007ff8b6173000 	C:\WINDOWS\system32\rsaenh.dll
0x00007ff8b6c40000 - 0x00007ff8b6c68000 	C:\WINDOWS\SYSTEM32\USERENV.dll
0x00007ff8b6710000 - 0x00007ff8b671b000 	C:\WINDOWS\SYSTEM32\CRYPTBASE.dll
0x00007ff8b2590000 - 0x00007ff8b25a6000 	C:\WINDOWS\SYSTEM32\dhcpcsvc6.DLL
0x00007ff8b2250000 - 0x00007ff8b226a000 	C:\WINDOWS\SYSTEM32\dhcpcsvc.DLL
0x00007ff8a5a40000 - 0x00007ff8a5a56000 	C:\WINDOWS\system32\napinsp.dll
0x00007ff8a5fb0000 - 0x00007ff8a5fca000 	C:\WINDOWS\system32\pnrpnsp.dll
0x00007ff8b3860000 - 0x00007ff8b3879000 	C:\WINDOWS\system32\NLAapi.dll
0x00007ff8abfd0000 - 0x00007ff8abfde000 	C:\WINDOWS\System32\winrnr.dll

dbghelp: loaded successfully - version: 4.0.5 - missing functions: none
symbol engine: initialized successfully - sym options: 0x614 - pdb path: .;C:\Program Files\Java\jdk-10.0.2\bin;C:\WINDOWS\SYSTEM32;C:\WINDOWS\WinSxS\amd64_microsoft.windows.common-controls_6595b64144ccf1df_6.0.17134.345_none_fb429a5930656358;C:\Program Files\Java\jdk-10.0.2\bin\server

VM Arguments:
jvm_args: -agentlib:jdwp=transport=dt_socket,address=127.0.0.1:63697,suspend=y,server=n -ea -Didea.test.cyclic.buffer.size=1048576 -javaagent:C:\Users\dmytro.kuts\.IdeaIC2018.2\system\captureAgent\debugger-agent.jar=file:/C:/Users/dmytro.kuts/AppData/Local/Temp/capture.props -Dfile.encoding=UTF-8 
java_command: com.intellij.rt.execution.junit.JUnitStarter -ideVersion5 -junit4 Dep_Mod_UO
java_class_path (initial): C:\Program Files\JetBrains\IntelliJ IDEA Community Edition 2018.2.1\lib\idea_rt.jar;C:\Program Files\JetBrains\IntelliJ IDEA Community Edition 2018.2.1\plugins\junit\lib\junit-rt.jar;C:\Program Files\JetBrains\IntelliJ IDEA Community Edition 2018.2.1\plugins\junit\lib\junit5-rt.jar;C:\Users\dmytro.kuts\IdeaProjects\Selenium_Test\target\test-classes;C:\Users\dmytro.kuts\IdeaProjects\Selenium_Test\target\classes;C:\Users\dmytro.kuts\.m2\repository\junit\junit\4.12\junit-4.12.jar;C:\Users\dmytro.kuts\.m2\repository\org\hamcrest\hamcrest-core\1.3\hamcrest-core-1.3.jar;C:\Users\dmytro.kuts\.m2\repository\com\codeborne\selenide\4.14.2\selenide-4.14.2.jar;C:\Users\dmytro.kuts\.m2\repository\org\seleniumhq\selenium\selenium-java\3.14.0\selenium-java-3.14.0.jar;C:\Users\dmytro.kuts\.m2\repository\org\seleniumhq\selenium\selenium-api\3.14.0\selenium-api-3.14.0.jar;C:\Users\dmytro.kuts\.m2\repository\org\seleniumhq\selenium\selenium-chrome-driver\3.14.0\selenium-chrome-driver-3.14.0.jar;C:\Users\dmytro.kuts\.m2\repository\org\seleniumhq\selenium\selenium-edge-driver\3.14.0\selenium-edge-driver-3.14.0.jar;C:\Users\dmytro.kuts\.m2\repository\org\seleniumhq\selenium\selenium-firefox-driver\3.14.0\selenium-firefox-driver-3.14.0.jar;C:\Users\dmytro.kuts\.m2\repository\org\seleniumhq\selenium\selenium-ie-driver\3.14.0\selenium-ie-driver-3.14.0.jar;C:\Users\dmytro.kuts\.m2\repository\org\seleniumhq\selenium\selenium-opera-driver\3.14.0\selenium-opera-driver-3.14.0.jar;C:\Users\dmytro.kuts\.m2\repository\org\seleniumhq\selenium\selenium-remote-driver\3.14.0\selenium-remote-driver-3.14.0.jar;C:\Users\dmytro.kuts\.m2\repository\org\seleniumhq\selenium\selenium-safari-driver\3.14.0\selenium-safari-driver-3.14.0.jar;C:\Users\dmytro.kuts\.m2\repository\org\seleniumhq\selenium\selenium-support\3.14.0\selenium-support-3.14.0.jar;C:\Users\dmytro.kuts\.m2\repository\net\bytebuddy\byte-buddy\1.8.15\byte-buddy-1.8.15.jar;C:\Users\dmytro.kuts\.m2\repository\org\apache
Launcher Type: SUN_STANDARD

Logging:
Log output configuration:
#0: stdout all=warning uptime,level,tags
#1: stderr all=off uptime,level,tags

Environment Variables:
JAVA_HOME=C:\Program Files\Java\jdk-10.0.2
PATH=C:\oracle\product\12.1.0\client_1\bin;C:\WINDOWS\system32;C:\WINDOWS;C:\WINDOWS\System32\Wbem;C:\WINDOWS\System32\WindowsPowerShell\v1.0\;C:\Program Files\Microsoft SQL Server\130\Tools\Binn\;C:\Program Files\dotnet\;C:\Program Files\Git\cmd;C:\Program Files\TortoiseSVN\bin;C:\WINDOWS\System32\OpenSSH\;C:\Program Files\Java\jdk-10.0.2\bin;D:\Install\apache-maven-3.5.4-bin\apache-maven-3.5.4\bin;C:\Users\dmytro.kuts\IdeaProjects\Selenium_Test\src\test\driver\;NLS_LANG=RUSSIAN_RUSSIA.CL8MSWIN1251;C:\Users\dmytro.kuts\AppData\Local\Microsoft\WindowsApps;;C:\Users\dmytro.kuts\AppData\Local\Programs\Fiddler
USERNAME=dmytro.kuts
OS=Windows_NT
PROCESSOR_IDENTIFIER=Intel64 Family 6 Model 158 Stepping 9, GenuineIntel



---------------  S Y S T E M  ---------------

OS: Windows 10 , 64 bit Build 17134 (10.0.17134.1)

CPU:total 4 (initial active 4) (2 cores per cpu, 2 threads per core) family 6 model 158 stepping 9, cmov, cx8, fxsr, mmx, sse, sse2, sse3, ssse3, sse4.1, sse4.2, popcnt, avx, avx2, aes, clmul, erms, 3dnowpref, lzcnt, ht, tsc, tscinvbit, bmi1, bmi2, adx, fma

Memory: 4k page, physical 8251116k(1165664k free), swap 31708388k(15027376k free)

vm_info: Java HotSpot(TM) 64-Bit Server VM (10.0.2+13) for windows-amd64 JRE (10.0.2+13), built on Jun 28 2018 01:57:56 by "mach5one" with MS VC++ 12.0 (VS2013)

END.
