#
# A fatal error has been detected by the Java Runtime Environment:
#
#  Internal Error (t:/workspace/open/src/hotspot/share/oops/generateOopMap.cpp:2162), pid=127336, tid=109020
#  fatal error: Illegal class file encountered. Try running with -Xverify:all in method registrat_Dep_UO
#
# JRE version: Java(TM) SE Runtime Environment (10.0.2+13) (build 10.0.2+13)
# Java VM: Java HotSpot(TM) 64-Bit Server VM (10.0.2+13, mixed mode, tiered, compressed oops, g1 gc, windows-amd64)
# No core dump will be written. Minidumps are not enabled by default on client versions of Windows
#
# If you would like to submit a bug report, please visit:
#   http://bugreport.java.com/bugreport/crash.jsp
#

---------------  S U M M A R Y ------------

Command Line: -agentlib:jdwp=transport=dt_socket,address=127.0.0.1:56723,suspend=y,server=n -ea -Didea.test.cyclic.buffer.size=1048576 -javaagent:C:\Users\dmytro.kuts\.IdeaIC2018.2\system\captureAgent\debugger-agent.jar=file:/C:/Users/dmytro.kuts/AppData/Local/Temp/capture.props -Dfile.encoding=UTF-8 com.intellij.rt.execution.junit.JUnitStarter -ideVersion5 -junit4 Dep_Mod_UO

Host: Intel(R) Core(TM) i3-7100 CPU @ 3.90GHz, 4 cores, 7G,  Windows 10 , 64 bit Build 17134 (10.0.17134.1)
Time: Fri Nov 09 12:27:53 2018 Oeieyiaey (ceia) elapsed time: 4551 seconds (0d 1h 15m 51s)

---------------  T H R E A D  ---------------

Current thread (0x000002113f7cf000):  VMThread "VM Thread" [stack: 0x000000d5ff900000,0x000000d5ffa00000] [id=109020]

Stack: [0x000000d5ff900000,0x000000d5ffa00000]
[error occurred during error reporting (printing stack bounds), id 0xe0000000]

Native frames: (J=compiled Java code, j=interpreted, Vv=VM code, C=native code)
V  [jvm.dll+0x5a01a9]
V  [jvm.dll+0x6bcf31]
V  [jvm.dll+0x6be126]
V  [jvm.dll+0x6be715]
V  [jvm.dll+0x6be6cb]
V  [jvm.dll+0x59f993]
V  [jvm.dll+0x59fda8]
C  [ntdll.dll+0x9ed2d]
C  [ntdll.dll+0x6c86]
C  [ntdll.dll+0x9dc5e]
C  0x0000021129060ead

VM_Operation (0x000000d5802ff760): GetOrSetLocal, mode: safepoint, requested by thread 0x000002113f76b000


---------------  P R O C E S S  ---------------

Threads class SMR info:
_java_thread_list=0x0000021140b37e70, length=20, elements={
0x000002111c4bd000, 0x000002113f7d9800, 0x000002113f7e4800, 0x000002113f7f0000,
0x000002113f7f7000, 0x000002113f7f8000, 0x000002113f805000, 0x0000021140158000,
0x000002113f808000, 0x000002113f76b000, 0x000002114062d000, 0x00000211403bc000,
0x0000021140641800, 0x000002114064b800, 0x0000021140a04000, 0x0000021142d65800,
0x000002114201a000, 0x0000021141e13800, 0x0000021141dee000, 0x000002114321d000
}

Java Threads: ( => current thread )
  0x000002111c4bd000 JavaThread "main" [_thread_blocked, id=35628, stack(0x000000d5fed00000,0x000000d5fee00000)]
  0x000002113f7d9800 JavaThread "Reference Handler" daemon [_thread_blocked, id=155056, stack(0x000000d5ffa00000,0x000000d5ffb00000)]
  0x000002113f7e4800 JavaThread "Finalizer" daemon [_thread_blocked, id=134096, stack(0x000000d5ffb00000,0x000000d5ffc00000)]
  0x000002113f7f0000 JavaThread "Signal Dispatcher" daemon [_thread_blocked, id=157012, stack(0x000000d5ffc00000,0x000000d5ffd00000)]
  0x000002113f7f7000 JavaThread "Attach Listener" daemon [_thread_blocked, id=157292, stack(0x000000d5ffd00000,0x000000d5ffe00000)]
  0x000002113f7f8000 JavaThread "C2 CompilerThread0" daemon [_thread_blocked, id=159488, stack(0x000000d5ffe00000,0x000000d5fff00000)]
  0x000002113f805000 JavaThread "C2 CompilerThread1" daemon [_thread_blocked, id=160688, stack(0x000000d5fff00000,0x000000d600000000)]
  0x0000021140158000 JavaThread "C1 CompilerThread2" daemon [_thread_blocked, id=135800, stack(0x000000d580000000,0x000000d580100000)]
  0x000002113f808000 JavaThread "Sweeper thread" daemon [_thread_blocked, id=155252, stack(0x000000d580100000,0x000000d580200000)]
  0x000002113f76b000 JavaThread "JDWP Transport Listener: dt_socket" daemon [_thread_blocked, id=142332, stack(0x000000d580200000,0x000000d580300000)] _threads_hazard_ptr=0x0000021140b37e70
  0x000002114062d000 JavaThread "JDWP Event Helper Thread" daemon [_thread_blocked, id=157148, stack(0x000000d580300000,0x000000d580400000)]
  0x00000211403bc000 JavaThread "JDWP Command Reader" daemon [_thread_in_native, id=151568, stack(0x000000d580400000,0x000000d580500000)]
  0x0000021140641800 JavaThread "Common-Cleaner" daemon [_thread_blocked, id=157984, stack(0x000000d580500000,0x000000d580600000)]
  0x000002114064b800 JavaThread "Service Thread" daemon [_thread_blocked, id=143052, stack(0x000000d580600000,0x000000d580700000)]
  0x0000021140a04000 JavaThread "Webdrivers killer thread" daemon [_thread_blocked, id=160396, stack(0x000000d580800000,0x000000d580900000)]
  0x0000021142d65800 JavaThread "Exec Default Executor" daemon [_thread_in_native, id=148000, stack(0x000000d580900000,0x000000d580a00000)]
  0x000002114201a000 JavaThread "Exec Stream Pumper" daemon [_thread_in_native, id=102960, stack(0x000000d580a00000,0x000000d580b00000)]
  0x0000021141e13800 JavaThread "Exec Stream Pumper" daemon [_thread_in_native, id=150964, stack(0x000000d580b00000,0x000000d580c00000)]
  0x0000021141dee000 JavaThread "OkHttp ConnectionPool" daemon [_thread_blocked, id=40956, stack(0x000000d580e00000,0x000000d580f00000)]
  0x000002114321d000 JavaThread "Okio Watchdog" daemon [_thread_blocked, id=158640, stack(0x000000d580f00000,0x000000d581000000)]

Other Threads:
=>0x000002113f7cf000 VMThread "VM Thread" [stack: 0x000000d5ff900000,0x000000d5ffa00000] [id=109020]
  0x0000021140870800 WatcherThread [stack: 0x000000d580700000,0x000000d580800000] [id=146420]
  0x000002111c4d6000 GCTaskThread "GC Thread#0" [stack: 0x000000d5fee00000,0x000000d5fef00000] [id=157872]
  0x000002111c4d7000 GCTaskThread "GC Thread#1" [stack: 0x000000d5fef00000,0x000000d5ff000000] [id=153528]
  0x000002111c4d9800 GCTaskThread "GC Thread#2" [stack: 0x000000d5ff000000,0x000000d5ff100000] [id=152408]
  0x000002111c4e0800 GCTaskThread "GC Thread#3" [stack: 0x000000d5ff100000,0x000000d5ff200000] [id=154588]
  0x000002111c555000 ConcurrentGCThread "G1 Main Marker" [stack: 0x000000d5ff200000,0x000000d5ff300000] [id=158672]
  0x000002111c555800 ConcurrentGCThread "G1 Conc#0" [stack: 0x000000d5ff300000,0x000000d5ff400000] [id=2912]
  0x000002113f656800 ConcurrentGCThread "G1 Refine#0" [stack: 0x000000d5ff400000,0x000000d5ff500000] [id=157396]
  0x000002113f657000 ConcurrentGCThread "G1 Refine#1" [stack: 0x000000d5ff500000,0x000000d5ff600000] [id=153260]
  0x000002113f660000 ConcurrentGCThread "G1 Refine#2" [stack: 0x000000d5ff600000,0x000000d5ff700000] [id=154756]
  0x000002113f667800 ConcurrentGCThread "G1 Refine#3" [stack: 0x000000d5ff700000,0x000000d5ff800000] [id=139488]
  0x000002113f668800 ConcurrentGCThread "G1 Young RemSet Sampling" [stack: 0x000000d5ff800000,0x000000d5ff900000] [id=152284]

Threads with active compile tasks:

VM state:at safepoint (normal execution)

VM Mutex/Monitor currently owned by a thread:  ([mutex/lock_event])
[0x000002111c4bb110] Threads_lock - owner thread: 0x000002113f7cf000

Heap address: 0x0000000082000000, size: 2016 MB, Compressed Oops mode: 32-bit
Narrow klass base: 0x0000000000000000, Narrow klass shift: 3
Compressed class space size: 1073741824 Address: 0x0000000100000000

Heap:
 garbage-first heap   total 129024K, used 11264K [0x0000000082000000, 0x0000000100000000)
  region size 1024K, 7 young (7168K), 4 survivors (4096K)
 Metaspace       used 27031K, capacity 27620K, committed 27904K, reserved 1075200K
  class space    used 2808K, capacity 3042K, committed 3072K, reserved 1048576K
Heap Regions: E=young(eden), S=young(survivor), O=old, HS=humongous(starts), HC=humongous(continues), CS=collection set, F=free, A=archive, TS=gc time stamp, AC=allocation context, TAMS=top-at-mark-start (previous, next)
|   0|0x0000000082000000, 0x0000000082100000, 0x0000000082100000|100%| O|  |TS  0|AC  0|TAMS 0x0000000082100000, 0x0000000082100000|
|   1|0x0000000082100000, 0x0000000082200000, 0x0000000082200000|100%| O|  |TS  0|AC  0|TAMS 0x0000000082200000, 0x0000000082200000|
|   2|0x0000000082200000, 0x0000000082300000, 0x0000000082300000|100%| O|  |TS  0|AC  0|TAMS 0x0000000082300000, 0x0000000082300000|
|   3|0x0000000082300000, 0x0000000082400000, 0x0000000082400000|100%| O|  |TS  0|AC  0|TAMS 0x0000000082400000, 0x0000000082400000|
|   4|0x0000000082400000, 0x0000000082500000, 0x0000000082500000|100%| O|  |TS  0|AC  0|TAMS 0x0000000082500000, 0x0000000082500000|
|   5|0x0000000082500000, 0x0000000082500000, 0x0000000082600000|  0%| F|  |TS  0|AC  0|TAMS 0x0000000082500000, 0x0000000082500000|
|   6|0x0000000082600000, 0x0000000082600000, 0x0000000082700000|  0%| F|  |TS  0|AC  0|TAMS 0x0000000082600000, 0x0000000082600000|
|   7|0x0000000082700000, 0x0000000082700000, 0x0000000082800000|  0%| F|  |TS  0|AC  0|TAMS 0x0000000082700000, 0x0000000082700000|
|   8|0x0000000082800000, 0x0000000082800000, 0x0000000082900000|  0%| F|  |TS  0|AC  0|TAMS 0x0000000082800000, 0x0000000082800000|
|   9|0x0000000082900000, 0x0000000082900000, 0x0000000082a00000|  0%| F|  |TS  0|AC  0|TAMS 0x0000000082900000, 0x0000000082900000|
|  10|0x0000000082a00000, 0x0000000082a00000, 0x0000000082b00000|  0%| F|  |TS  0|AC  0|TAMS 0x0000000082a00000, 0x0000000082a00000|
|  11|0x0000000082b00000, 0x0000000082b00000, 0x0000000082c00000|  0%| F|  |TS  0|AC  0|TAMS 0x0000000082b00000, 0x0000000082b00000|
|  12|0x0000000082c00000, 0x0000000082c00000, 0x0000000082d00000|  0%| F|  |TS  0|AC  0|TAMS 0x0000000082c00000, 0x0000000082c00000|
|  13|0x0000000082d00000, 0x0000000082d00000, 0x0000000082e00000|  0%| F|  |TS  0|AC  0|TAMS 0x0000000082d00000, 0x0000000082d00000|
|  14|0x0000000082e00000, 0x0000000082e00000, 0x0000000082f00000|  0%| F|  |TS  0|AC  0|TAMS 0x0000000082e00000, 0x0000000082e00000|
|  15|0x0000000082f00000, 0x0000000082f00000, 0x0000000083000000|  0%| F|  |TS  0|AC  0|TAMS 0x0000000082f00000, 0x0000000082f00000|
|  16|0x0000000083000000, 0x0000000083000000, 0x0000000083100000|  0%| F|  |TS  0|AC  0|TAMS 0x0000000083000000, 0x0000000083000000|
|  17|0x0000000083100000, 0x0000000083100000, 0x0000000083200000|  0%| F|  |TS  0|AC  0|TAMS 0x0000000083100000, 0x0000000083100000|
|  18|0x0000000083200000, 0x0000000083200000, 0x0000000083300000|  0%| F|  |TS  0|AC  0|TAMS 0x0000000083200000, 0x0000000083200000|
|  19|0x0000000083300000, 0x0000000083300000, 0x0000000083400000|  0%| F|  |TS  0|AC  0|TAMS 0x0000000083300000, 0x0000000083300000|
|  20|0x0000000083400000, 0x0000000083400000, 0x0000000083500000|  0%| F|  |TS  0|AC  0|TAMS 0x0000000083400000, 0x0000000083400000|
|  21|0x0000000083500000, 0x0000000083500000, 0x0000000083600000|  0%| F|  |TS  0|AC  0|TAMS 0x0000000083500000, 0x0000000083500000|
|  22|0x0000000083600000, 0x0000000083600000, 0x0000000083700000|  0%| F|  |TS  0|AC  0|TAMS 0x0000000083600000, 0x0000000083600000|
|  23|0x0000000083700000, 0x0000000083700000, 0x0000000083800000|  0%| F|  |TS  0|AC  0|TAMS 0x0000000083700000, 0x0000000083700000|
|  24|0x0000000083800000, 0x0000000083800000, 0x0000000083900000|  0%| F|  |TS  0|AC  0|TAMS 0x0000000083800000, 0x0000000083800000|
|  25|0x0000000083900000, 0x0000000083900000, 0x0000000083a00000|  0%| F|  |TS  0|AC  0|TAMS 0x0000000083900000, 0x0000000083900000|
|  26|0x0000000083a00000, 0x0000000083a00000, 0x0000000083b00000|  0%| F|  |TS  0|AC  0|TAMS 0x0000000083a00000, 0x0000000083a00000|
|  27|0x0000000083b00000, 0x0000000083b00000, 0x0000000083c00000|  0%| F|  |TS  0|AC  0|TAMS 0x0000000083b00000, 0x0000000083b00000|
|  28|0x0000000083c00000, 0x0000000083c00000, 0x0000000083d00000|  0%| F|  |TS  0|AC  0|TAMS 0x0000000083c00000, 0x0000000083c00000|
|  29|0x0000000083d00000, 0x0000000083d00000, 0x0000000083e00000|  0%| F|  |TS  0|AC  0|TAMS 0x0000000083d00000, 0x0000000083d00000|
|  30|0x0000000083e00000, 0x0000000083e00000, 0x0000000083f00000|  0%| F|  |TS  0|AC  0|TAMS 0x0000000083e00000, 0x0000000083e00000|
|  31|0x0000000083f00000, 0x0000000083f00000, 0x0000000084000000|  0%| F|  |TS  0|AC  0|TAMS 0x0000000083f00000, 0x0000000083f00000|
|  32|0x0000000084000000, 0x0000000084000000, 0x0000000084100000|  0%| F|  |TS  0|AC  0|TAMS 0x0000000084000000, 0x0000000084000000|
|  33|0x0000000084100000, 0x0000000084100000, 0x0000000084200000|  0%| F|  |TS  0|AC  0|TAMS 0x0000000084100000, 0x0000000084100000|
|  34|0x0000000084200000, 0x0000000084200000, 0x0000000084300000|  0%| F|  |TS  0|AC  0|TAMS 0x0000000084200000, 0x0000000084200000|
|  35|0x0000000084300000, 0x0000000084300000, 0x0000000084400000|  0%| F|  |TS  0|AC  0|TAMS 0x0000000084300000, 0x0000000084300000|
|  36|0x0000000084400000, 0x0000000084400000, 0x0000000084500000|  0%| F|  |TS  0|AC  0|TAMS 0x0000000084400000, 0x0000000084400000|
|  37|0x0000000084500000, 0x0000000084500000, 0x0000000084600000|  0%| F|  |TS  0|AC  0|TAMS 0x0000000084500000, 0x0000000084500000|
|  38|0x0000000084600000, 0x0000000084600000, 0x0000000084700000|  0%| F|  |TS  0|AC  0|TAMS 0x0000000084600000, 0x0000000084600000|
|  39|0x0000000084700000, 0x0000000084700000, 0x0000000084800000|  0%| F|  |TS  0|AC  0|TAMS 0x0000000084700000, 0x0000000084700000|
|  40|0x0000000084800000, 0x0000000084800000, 0x0000000084900000|  0%| F|  |TS  0|AC  0|TAMS 0x0000000084800000, 0x0000000084800000|
|  41|0x0000000084900000, 0x0000000084900000, 0x0000000084a00000|  0%| F|  |TS  0|AC  0|TAMS 0x0000000084900000, 0x0000000084900000|
|  42|0x0000000084a00000, 0x0000000084a00000, 0x0000000084b00000|  0%| F|  |TS  0|AC  0|TAMS 0x0000000084a00000, 0x0000000084a00000|
|  43|0x0000000084b00000, 0x0000000084b00000, 0x0000000084c00000|  0%| F|  |TS  0|AC  0|TAMS 0x0000000084b00000, 0x0000000084b00000|
|  44|0x0000000084c00000, 0x0000000084c00000, 0x0000000084d00000|  0%| F|  |TS  0|AC  0|TAMS 0x0000000084c00000, 0x0000000084c00000|
|  45|0x0000000084d00000, 0x0000000084d00000, 0x0000000084e00000|  0%| F|  |TS  0|AC  0|TAMS 0x0000000084d00000, 0x0000000084d00000|
|  46|0x0000000084e00000, 0x0000000084e00000, 0x0000000084f00000|  0%| F|  |TS  0|AC  0|TAMS 0x0000000084e00000, 0x0000000084e00000|
|  47|0x0000000084f00000, 0x0000000084f00000, 0x0000000085000000|  0%| F|  |TS  0|AC  0|TAMS 0x0000000084f00000, 0x0000000084f00000|
|  48|0x0000000085000000, 0x0000000085000000, 0x0000000085100000|  0%| F|  |TS  0|AC  0|TAMS 0x0000000085000000, 0x0000000085000000|
|  49|0x0000000085100000, 0x0000000085100000, 0x0000000085200000|  0%| F|  |TS  0|AC  0|TAMS 0x0000000085100000, 0x0000000085100000|
|  50|0x0000000085200000, 0x0000000085200000, 0x0000000085300000|  0%| F|  |TS  0|AC  0|TAMS 0x0000000085200000, 0x0000000085200000|
|  51|0x0000000085300000, 0x0000000085300000, 0x0000000085400000|  0%| F|  |TS  0|AC  0|TAMS 0x0000000085300000, 0x0000000085300000|
|  52|0x0000000085400000, 0x0000000085400000, 0x0000000085500000|  0%| F|  |TS  0|AC  0|TAMS 0x0000000085400000, 0x0000000085400000|
|  53|0x0000000085500000, 0x0000000085500000, 0x0000000085600000|  0%| F|  |TS  0|AC  0|TAMS 0x0000000085500000, 0x0000000085500000|
|  54|0x0000000085600000, 0x0000000085600000, 0x0000000085700000|  0%| F|  |TS  0|AC  0|TAMS 0x0000000085600000, 0x0000000085600000|
|  55|0x0000000085700000, 0x0000000085700000, 0x0000000085800000|  0%| F|  |TS  0|AC  0|TAMS 0x0000000085700000, 0x0000000085700000|
|  56|0x0000000085800000, 0x0000000085800000, 0x0000000085900000|  0%| F|  |TS  0|AC  0|TAMS 0x0000000085800000, 0x0000000085800000|
|  57|0x0000000085900000, 0x0000000085900000, 0x0000000085a00000|  0%| F|  |TS  0|AC  0|TAMS 0x0000000085900000, 0x0000000085900000|
|  58|0x0000000085a00000, 0x0000000085a00000, 0x0000000085b00000|  0%| F|  |TS  0|AC  0|TAMS 0x0000000085a00000, 0x0000000085a00000|
|  59|0x0000000085b00000, 0x0000000085b00000, 0x0000000085c00000|  0%| F|  |TS  0|AC  0|TAMS 0x0000000085b00000, 0x0000000085b00000|
|  60|0x0000000085c00000, 0x0000000085c00000, 0x0000000085d00000|  0%| F|  |TS  0|AC  0|TAMS 0x0000000085c00000, 0x0000000085c00000|
|  61|0x0000000085d00000, 0x0000000085d00000, 0x0000000085e00000|  0%| F|  |TS  0|AC  0|TAMS 0x0000000085d00000, 0x0000000085d00000|
|  62|0x0000000085e00000, 0x0000000085e00000, 0x0000000085f00000|  0%| F|  |TS  0|AC  0|TAMS 0x0000000085e00000, 0x0000000085e00000|
|  63|0x0000000085f00000, 0x0000000085f00000, 0x0000000086000000|  0%| F|  |TS  0|AC  0|TAMS 0x0000000085f00000, 0x0000000085f00000|
|  64|0x0000000086000000, 0x0000000086000000, 0x0000000086100000|  0%| F|  |TS  0|AC  0|TAMS 0x0000000086000000, 0x0000000086000000|
|  65|0x0000000086100000, 0x0000000086100000, 0x0000000086200000|  0%| F|  |TS  0|AC  0|TAMS 0x0000000086100000, 0x0000000086100000|
|  66|0x0000000086200000, 0x0000000086200000, 0x0000000086300000|  0%| F|  |TS  0|AC  0|TAMS 0x0000000086200000, 0x0000000086200000|
|  67|0x0000000086300000, 0x0000000086300000, 0x0000000086400000|  0%| F|  |TS  0|AC  0|TAMS 0x0000000086300000, 0x0000000086300000|
|  68|0x0000000086400000, 0x0000000086400000, 0x0000000086500000|  0%| F|  |TS  0|AC  0|TAMS 0x0000000086400000, 0x0000000086400000|
|  69|0x0000000086500000, 0x0000000086500000, 0x0000000086600000|  0%| F|  |TS  0|AC  0|TAMS 0x0000000086500000, 0x0000000086500000|
|  70|0x0000000086600000, 0x0000000086700000, 0x0000000086700000|100%| S|CS|TS  2|AC  0|TAMS 0x0000000086600000, 0x0000000086600000|
|  71|0x0000000086700000, 0x0000000086800000, 0x0000000086800000|100%| S|CS|TS  2|AC  0|TAMS 0x0000000086700000, 0x0000000086700000|
|  72|0x0000000086800000, 0x0000000086900000, 0x0000000086900000|100%| S|CS|TS  2|AC  0|TAMS 0x0000000086800000, 0x0000000086800000|
|  73|0x0000000086900000, 0x0000000086a00000, 0x0000000086a00000|100%| S|CS|TS  2|AC  0|TAMS 0x0000000086900000, 0x0000000086900000|
|  74|0x0000000086a00000, 0x0000000086a00000, 0x0000000086b00000|  0%| F|  |TS  2|AC  0|TAMS 0x0000000086a00000, 0x0000000086a00000|
|  75|0x0000000086b00000, 0x0000000086b00000, 0x0000000086c00000|  0%| F|  |TS  2|AC  0|TAMS 0x0000000086b00000, 0x0000000086b00000|
|  76|0x0000000086c00000, 0x0000000086c00000, 0x0000000086d00000|  0%| F|  |TS  2|AC  0|TAMS 0x0000000086c00000, 0x0000000086c00000|
|  77|0x0000000086d00000, 0x0000000086d00000, 0x0000000086e00000|  0%| F|  |TS  2|AC  0|TAMS 0x0000000086d00000, 0x0000000086d00000|
|  78|0x0000000086e00000, 0x0000000086e00000, 0x0000000086f00000|  0%| F|  |TS  2|AC  0|TAMS 0x0000000086e00000, 0x0000000086e00000|
|  79|0x0000000086f00000, 0x0000000086f00000, 0x0000000087000000|  0%| F|  |TS  2|AC  0|TAMS 0x0000000086f00000, 0x0000000086f00000|
|  80|0x0000000087000000, 0x0000000087000000, 0x0000000087100000|  0%| F|  |TS  2|AC  0|TAMS 0x0000000087000000, 0x0000000087000000|
|  81|0x0000000087100000, 0x0000000087100000, 0x0000000087200000|  0%| F|  |TS  2|AC  0|TAMS 0x0000000087100000, 0x0000000087100000|
|  82|0x0000000087200000, 0x0000000087200000, 0x0000000087300000|  0%| F|  |TS  2|AC  0|TAMS 0x0000000087200000, 0x0000000087200000|
|  83|0x0000000087300000, 0x0000000087300000, 0x0000000087400000|  0%| F|  |TS  2|AC  0|TAMS 0x0000000087300000, 0x0000000087300000|
|  84|0x0000000087400000, 0x0000000087400000, 0x0000000087500000|  0%| F|  |TS  2|AC  0|TAMS 0x0000000087400000, 0x0000000087400000|
|  85|0x0000000087500000, 0x0000000087500000, 0x0000000087600000|  0%| F|  |TS  2|AC  0|TAMS 0x0000000087500000, 0x0000000087500000|
|  86|0x0000000087600000, 0x0000000087600000, 0x0000000087700000|  0%| F|  |TS  2|AC  0|TAMS 0x0000000087600000, 0x0000000087600000|
|  87|0x0000000087700000, 0x0000000087700000, 0x0000000087800000|  0%| F|  |TS  2|AC  0|TAMS 0x0000000087700000, 0x0000000087700000|
|  88|0x0000000087800000, 0x0000000087800000, 0x0000000087900000|  0%| F|  |TS  2|AC  0|TAMS 0x0000000087800000, 0x0000000087800000|
|  89|0x0000000087900000, 0x0000000087900000, 0x0000000087a00000|  0%| F|  |TS  2|AC  0|TAMS 0x0000000087900000, 0x0000000087900000|
|  90|0x0000000087a00000, 0x0000000087a00000, 0x0000000087b00000|  0%| F|  |TS  2|AC  0|TAMS 0x0000000087a00000, 0x0000000087a00000|
|  91|0x0000000087b00000, 0x0000000087b00000, 0x0000000087c00000|  0%| F|  |TS  2|AC  0|TAMS 0x0000000087b00000, 0x0000000087b00000|
|  92|0x0000000087c00000, 0x0000000087c00000, 0x0000000087d00000|  0%| F|  |TS  2|AC  0|TAMS 0x0000000087c00000, 0x0000000087c00000|
|  93|0x0000000087d00000, 0x0000000087d00000, 0x0000000087e00000|  0%| F|  |TS  2|AC  0|TAMS 0x0000000087d00000, 0x0000000087d00000|
|  94|0x0000000087e00000, 0x0000000087e00000, 0x0000000087f00000|  0%| F|  |TS  2|AC  0|TAMS 0x0000000087e00000, 0x0000000087e00000|
|  95|0x0000000087f00000, 0x0000000087f00000, 0x0000000088000000|  0%| F|  |TS  2|AC  0|TAMS 0x0000000087f00000, 0x0000000087f00000|
|  96|0x0000000088000000, 0x0000000088000000, 0x0000000088100000|  0%| F|  |TS  2|AC  0|TAMS 0x0000000088000000, 0x0000000088000000|
|  97|0x0000000088100000, 0x0000000088100000, 0x0000000088200000|  0%| F|  |TS  2|AC  0|TAMS 0x0000000088100000, 0x0000000088100000|
|  98|0x0000000088200000, 0x0000000088200000, 0x0000000088300000|  0%| F|  |TS  2|AC  0|TAMS 0x0000000088200000, 0x0000000088200000|
|  99|0x0000000088300000, 0x0000000088300000, 0x0000000088400000|  0%| F|  |TS  2|AC  0|TAMS 0x0000000088300000, 0x0000000088300000|
| 100|0x0000000088400000, 0x0000000088400000, 0x0000000088500000|  0%| F|  |TS  2|AC  0|TAMS 0x0000000088400000, 0x0000000088400000|
| 101|0x0000000088500000, 0x0000000088500000, 0x0000000088600000|  0%| F|  |TS  2|AC  0|TAMS 0x0000000088500000, 0x0000000088500000|
| 102|0x0000000088600000, 0x0000000088600000, 0x0000000088700000|  0%| F|  |TS  2|AC  0|TAMS 0x0000000088600000, 0x0000000088600000|
| 103|0x0000000088700000, 0x0000000088700000, 0x0000000088800000|  0%| F|  |TS  2|AC  0|TAMS 0x0000000088700000, 0x0000000088700000|
| 104|0x0000000088800000, 0x0000000088800000, 0x0000000088900000|  0%| F|  |TS  2|AC  0|TAMS 0x0000000088800000, 0x0000000088800000|
| 105|0x0000000088900000, 0x0000000088900000, 0x0000000088a00000|  0%| F|  |TS  2|AC  0|TAMS 0x0000000088900000, 0x0000000088900000|
| 106|0x0000000088a00000, 0x0000000088a00000, 0x0000000088b00000|  0%| F|  |TS  2|AC  0|TAMS 0x0000000088a00000, 0x0000000088a00000|
| 107|0x0000000088b00000, 0x0000000088b00000, 0x0000000088c00000|  0%| F|  |TS  2|AC  0|TAMS 0x0000000088b00000, 0x0000000088b00000|
| 108|0x0000000088c00000, 0x0000000088c00000, 0x0000000088d00000|  0%| F|  |TS  2|AC  0|TAMS 0x0000000088c00000, 0x0000000088c00000|
| 109|0x0000000088d00000, 0x0000000088d00000, 0x0000000088e00000|  0%| F|  |TS  2|AC  0|TAMS 0x0000000088d00000, 0x0000000088d00000|
| 110|0x0000000088e00000, 0x0000000088e00000, 0x0000000088f00000|  0%| F|  |TS  2|AC  0|TAMS 0x0000000088e00000, 0x0000000088e00000|
| 111|0x0000000088f00000, 0x0000000088f00000, 0x0000000089000000|  0%| F|  |TS  2|AC  0|TAMS 0x0000000088f00000, 0x0000000088f00000|
| 112|0x0000000089000000, 0x0000000089000000, 0x0000000089100000|  0%| F|  |TS  2|AC  0|TAMS 0x0000000089000000, 0x0000000089000000|
| 113|0x0000000089100000, 0x0000000089100000, 0x0000000089200000|  0%| F|  |TS  2|AC  0|TAMS 0x0000000089100000, 0x0000000089100000|
| 114|0x0000000089200000, 0x0000000089200000, 0x0000000089300000|  0%| F|  |TS  2|AC  0|TAMS 0x0000000089200000, 0x0000000089200000|
| 115|0x0000000089300000, 0x0000000089300000, 0x0000000089400000|  0%| F|  |TS  2|AC  0|TAMS 0x0000000089300000, 0x0000000089300000|
| 116|0x0000000089400000, 0x0000000089400000, 0x0000000089500000|  0%| F|  |TS  2|AC  0|TAMS 0x0000000089400000, 0x0000000089400000|
| 117|0x0000000089500000, 0x0000000089500000, 0x0000000089600000|  0%| F|  |TS  2|AC  0|TAMS 0x0000000089500000, 0x0000000089500000|
| 118|0x0000000089600000, 0x0000000089600000, 0x0000000089700000|  0%| F|  |TS  2|AC  0|TAMS 0x0000000089600000, 0x0000000089600000|
| 119|0x0000000089700000, 0x0000000089700000, 0x0000000089800000|  0%| F|  |TS  2|AC  0|TAMS 0x0000000089700000, 0x0000000089700000|
| 120|0x0000000089800000, 0x0000000089800000, 0x0000000089900000|  0%| F|  |TS  2|AC  0|TAMS 0x0000000089800000, 0x0000000089800000|
| 121|0x0000000089900000, 0x0000000089900000, 0x0000000089a00000|  0%| F|  |TS  2|AC  0|TAMS 0x0000000089900000, 0x0000000089900000|
| 122|0x0000000089a00000, 0x0000000089a00000, 0x0000000089b00000|  0%| F|  |TS  2|AC  0|TAMS 0x0000000089a00000, 0x0000000089a00000|
| 123|0x0000000089b00000, 0x0000000089c00000, 0x0000000089c00000|100%| E|  |TS  2|AC  0|TAMS 0x0000000089b00000, 0x0000000089b00000|
| 124|0x0000000089c00000, 0x0000000089d00000, 0x0000000089d00000|100%| E|CS|TS  2|AC  0|TAMS 0x0000000089c00000, 0x0000000089c00000|
| 125|0x0000000089d00000, 0x0000000089e00000, 0x0000000089e00000|100%| E|CS|TS  2|AC  0|TAMS 0x0000000089d00000, 0x0000000089d00000|

Card table byte_map: [0x0000021138a70000,0x0000021138e60000] byte_map_base: 0x0000021138660000

Marking Bits (Prev, Next): (CMBitMap*) 0x000002111c5542f8, (CMBitMap*) 0x000002111c5542c0
 Prev Bits: [0x000002113b1d0000, 0x000002113d150000)
 Next Bits: [0x0000021139250000, 0x000002113b1d0000)

Polling page: 0x000002111c2f0000

CodeHeap 'non-profiled nmethods': size=120064Kb used=1273Kb max_used=1454Kb free=118790Kb
 bounds [0x0000021130b20000, 0x0000021130d90000, 0x0000021138060000]
CodeHeap 'profiled nmethods': size=120000Kb used=5331Kb max_used=6496Kb free=114668Kb
 bounds [0x00000211295f0000, 0x0000021129c50000, 0x0000021130b20000]
CodeHeap 'non-nmethods': size=5696Kb used=1244Kb max_used=1267Kb free=4451Kb
 bounds [0x0000021129060000, 0x00000211292d0000, 0x00000211295f0000]
 total_blobs=4208 nmethods=2625 adapters=423
 compilation: enabled

Compilation events (10 events):
Event: 98.563 Thread 0x0000021140158000 3004       3       java.lang.Long::toString (55 bytes)
Event: 98.563 Thread 0x0000021140158000 nmethod 3004 0x00000211295ff690 code [0x00000211295ff880, 0x00000211295ffc60]
Event: 182.080 Thread 0x000002113f7f8000 3005       4       okhttp3.Headers$Builder::checkNameAndValue (233 bytes)
Event: 182.108 Thread 0x000002113f7f8000 nmethod 3005 0x0000021130b2e310 code [0x0000021130b2e4c0, 0x0000021130b2ebf8]
Event: 192.444 Thread 0x000002113f805000 3006       4       java.lang.AbstractStringBuilder::append (77 bytes)
Event: 192.444 Thread 0x0000021140158000 3007       3       org.openqa.selenium.AbstractCapabilities$$Lambda$305/1592601990::apply (8 bytes)
Event: 192.444 Thread 0x0000021140158000 nmethod 3007 0x00000211295fee10 code [0x00000211295ff000, 0x00000211295ff520]
Event: 192.444 Thread 0x0000021140158000 3008       3       org.openqa.selenium.AbstractCapabilities::lambda$abbreviate$3 (10 bytes)
Event: 192.445 Thread 0x0000021140158000 nmethod 3008 0x00000211295fe790 code [0x00000211295fe960, 0x00000211295fece0]
Event: 192.449 Thread 0x000002113f805000 nmethod 3006 0x0000021130b2b390 code [0x0000021130b2b540, 0x0000021130b2bb08]

GC Heap History (10 events):
Event: 1.366 GC heap before
{Heap before GC invocations=1 (full 0):
 garbage-first heap   total 129024K, used 15908K [0x0000000082000000, 0x0000000100000000)
  region size 1024K, 14 young (14336K), 2 survivors (2048K)
 Metaspace       used 13181K, capacity 13403K, committed 13696K, reserved 1060864K
  class space    used 1246K, capacity 1340K, committed 1408K, reserved 1048576K
}
Event: 1.371 GC heap after
{Heap after GC invocations=2 (full 0):
 garbage-first heap   total 129024K, used 5102K [0x0000000082000000, 0x0000000100000000)
  region size 1024K, 2 young (2048K), 2 survivors (2048K)
 Metaspace       used 13181K, capacity 13403K, committed 13696K, reserved 1060864K
  class space    used 1246K, capacity 1340K, committed 1408K, reserved 1048576K
}
Event: 2.930 GC heap before
{Heap before GC invocations=2 (full 0):
 garbage-first heap   total 129024K, used 35822K [0x0000000082000000, 0x0000000100000000)
  region size 1024K, 32 young (32768K), 2 survivors (2048K)
 Metaspace       used 19592K, capacity 19910K, committed 20352K, reserved 1067008K
  class space    used 1938K, capacity 2063K, committed 2176K, reserved 1048576K
}
Event: 2.937 GC heap after
{Heap after GC invocations=3 (full 0):
 garbage-first heap   total 129024K, used 7825K [0x0000000082000000, 0x0000000100000000)
  region size 1024K, 4 young (4096K), 4 survivors (4096K)
 Metaspace       used 19592K, capacity 19910K, committed 20352K, reserved 1067008K
  class space    used 1938K, capacity 2063K, committed 2176K, reserved 1048576K
}
Event: 3.045 GC heap before
{Heap before GC invocations=3 (full 0):
 garbage-first heap   total 129024K, used 11921K [0x0000000082000000, 0x0000000100000000)
  region size 1024K, 9 young (9216K), 4 survivors (4096K)
 Metaspace       used 20834K, capacity 21132K, committed 21296K, reserved 1069056K
  class space    used 2040K, capacity 2172K, committed 2176K, reserved 1048576K
}
Event: 3.050 GC heap after
{Heap after GC invocations=4 (full 0):
 garbage-first heap   total 129024K, used 8018K [0x0000000082000000, 0x0000000100000000)
  region size 1024K, 3 young (3072K), 3 survivors (3072K)
 Metaspace       used 20834K, capacity 21132K, committed 21296K, reserved 1069056K
  class space    used 2040K, capacity 2172K, committed 2176K, reserved 1048576K
}
Event: 12.954 GC heap before
{Heap before GC invocations=5 (full 0):
 garbage-first heap   total 129024K, used 45906K [0x0000000082000000, 0x0000000100000000)
  region size 1024K, 40 young (40960K), 3 survivors (3072K)
 Metaspace       used 26376K, capacity 26990K, committed 27392K, reserved 1073152K
  class space    used 2760K, capacity 2987K, committed 3072K, reserved 1048576K
}
Event: 12.962 GC heap after
{Heap after GC invocations=6 (full 0):
 garbage-first heap   total 129024K, used 8962K [0x0000000082000000, 0x0000000100000000)
  region size 1024K, 4 young (4096K), 4 survivors (4096K)
 Metaspace       used 26376K, capacity 26990K, committed 27392K, reserved 1073152K
  class space    used 2760K, capacity 2987K, committed 3072K, reserved 1048576K
}
Event: 66.545 GC heap before
{Heap before GC invocations=6 (full 0):
 garbage-first heap   total 129024K, used 58114K [0x0000000082000000, 0x0000000100000000)
  region size 1024K, 52 young (53248K), 4 survivors (4096K)
 Metaspace       used 26894K, capacity 27492K, committed 27904K, reserved 1075200K
  class space    used 2800K, capacity 3042K, committed 3072K, reserved 1048576K
}
Event: 66.550 GC heap after
{Heap after GC invocations=7 (full 0):
 garbage-first heap   total 129024K, used 9216K [0x0000000082000000, 0x0000000100000000)
  region size 1024K, 4 young (4096K), 4 survivors (4096K)
 Metaspace       used 26894K, capacity 27492K, committed 27904K, reserved 1075200K
  class space    used 2800K, capacity 3042K, committed 3072K, reserved 1048576K
}

Deoptimization events (10 events):
Event: 3.896 Thread 0x000002111c4bd000 Uncommon trap: reason=unstable_if action=reinterpret pc=0x0000021130c11644 method=jdk.internal.org.objectweb.asm.Type.getArgumentsAndReturnSizes(Ljava/lang/String;)I @ 41 c2
Event: 4.009 Thread 0x000002111c4bd000 Uncommon trap: reason=class_check action=maybe_recompile pc=0x0000021130bbbb9c method=java.util.regex.Matcher.search(I)Z @ 121 c2
Event: 4.009 Thread 0x000002111c4bd000 Uncommon trap: reason=class_check action=maybe_recompile pc=0x0000021130bbbb9c method=java.util.regex.Matcher.search(I)Z @ 121 c2
Event: 4.009 Thread 0x000002111c4bd000 Uncommon trap: reason=class_check action=maybe_recompile pc=0x0000021130bbbb9c method=java.util.regex.Matcher.search(I)Z @ 121 c2
Event: 4.009 Thread 0x000002111c4bd000 Uncommon trap: reason=class_check action=maybe_recompile pc=0x0000021130bbbb9c method=java.util.regex.Matcher.search(I)Z @ 121 c2
Event: 12.613 Thread 0x000002111c4bd000 Uncommon trap: reason=unstable_if action=reinterpret pc=0x0000021130c48028 method=sun.net.www.ParseUtil.firstEncodeIndex(Ljava/lang/String;)I @ 51 c2
Event: 12.613 Thread 0x000002111c4bd000 Uncommon trap: reason=unstable_if action=reinterpret pc=0x0000021130b6eb88 method=sun.net.www.ParseUtil.firstEncodeIndex(Ljava/lang/String;)I @ 51 c2
Event: 20.155 Thread 0x000002111c4bd000 Uncommon trap: reason=unstable_if action=reinterpret pc=0x0000021130b35be8 method=java.lang.AbstractStringBuilder.isLatin1()Z @ 10 c2
Event: 20.156 Thread 0x000002111c4bd000 Uncommon trap: reason=unstable_if action=reinterpret pc=0x0000021130b8f96c method=java.lang.StringCoding.encodeUTF8(B[BZ)[B @ 2 c2
Event: 20.523 Thread 0x000002111c4bd000 Uncommon trap: reason=unstable_if action=reinterpret pc=0x0000021130b365b4 method=java.lang.AbstractStringBuilder.isLatin1()Z @ 10 c2

Classes redefined (6 events):
Event: 227.970 Thread 0x000002113f7cf000 redefined class name=TopFunction, count=1
Event: 620.326 Thread 0x000002113f7cf000 redefined class name=TopFunction, count=2
Event: 1053.487 Thread 0x000002113f7cf000 redefined class name=Dep_UO, count=1
Event: 1053.497 Thread 0x000002113f7cf000 redefined class name=TopFunction, count=3
Event: 3488.581 Thread 0x000002113f7cf000 redefined class name=Dep_UO, count=2
Event: 3932.049 Thread 0x000002113f7cf000 redefined class name=Dep_UO, count=3

Internal exceptions (10 events):
Event: 3.988 Thread 0x000002111c4bd000 Exception <a 'java/lang/NoSuchMethodError'{0x0000000088c3b680}: java.lang.invoke.DirectMethodHandle$Holder.invokeSpecial(Ljava/lang/Object;Ljava/lang/Object;Ljava/lang/Object;Ljava/lang/Object;Ljava/lang/Object;Ljava/lang/Object;Ljava/lang/Object;Ljava/la
Event: 3.988 Thread 0x000002111c4bd000 Exception <a 'java/lang/NoSuchMethodError'{0x0000000088c40028}: java.lang.invoke.Invokers$Holder.invoke_MT(Ljava/lang/Object;Ljava/lang/Object;Ljava/lang/Object;Ljava/lang/Object;Ljava/lang/Object;Ljava/lang/Object;Ljava/lang/Object;Ljava/lang/Object;Ljav
Event: 3.992 Thread 0x000002111c4bd000 Exception <a 'java/lang/NoSuchMethodError'{0x0000000088c5c050}: method resolution failed> (0x0000000088c5c050) thrown at [t:/workspace/open/src/hotspot/share/prims/methodHandles.cpp, line 1226]
Event: 3.995 Thread 0x000002111c4bd000 Exception <a 'java/lang/NoSuchMethodError'{0x0000000088c8a910}: java.lang.invoke.DirectMethodHandle$Holder.invokeInterface(Ljava/lang/Object;Ljava/lang/Object;Ljava/lang/Object;)V> (0x0000000088c8a910) thrown at [t:/workspace/open/src/hotspot/share/interp
Event: 3.997 Thread 0x000002111c4bd000 Exception <a 'java/lang/NoSuchMethodError'{0x0000000088c9bc30}: java.lang.invoke.DirectMethodHandle$Holder.invokeStatic(Ljava/lang/Object;Ljava/lang/Object;Ljava/lang/Object;Ljava/lang/Object;Ljava/lang/Object;)V> (0x0000000088c9bc30) thrown at [t:/worksp
Event: 4.076 Thread 0x000002111c4bd000 Exception <a 'java/lang/NoSuchMethodError'{0x00000000888ac430}: java.lang.invoke.DirectMethodHandle$Holder.invokeStatic(Ljava/lang/Object;Ljava/lang/Object;Ljava/lang/Object;Ljava/lang/Object;)V> (0x00000000888ac430) thrown at [t:/workspace/open/src/hotsp
Event: 7.681 Thread 0x000002111c4bd000 Exception <a 'java/lang/NoSuchMethodError'{0x00000000884bc838}: java.lang.Object.of(Ljava/lang/Object;)Ljava/util/stream/Stream;> (0x00000000884bc838) thrown at [t:/workspace/open/src/hotspot/share/interpreter/linkResolver.cpp, line 741]
Event: 27.977 Thread 0x000002111c4bd000 Exception <a 'java/lang/NoSuchMethodError'{0x0000000087ed0db8}: java.lang.Object.lambda$static$0(Ljava/time/Duration;)V> (0x0000000087ed0db8) thrown at [t:/workspace/open/src/hotspot/share/interpreter/linkResolver.cpp, line 741]
Event: 54.181 Thread 0x000002111c4bd000 Exception <a 'java/lang/ClassNotFoundException'{0x0000000086f4f7f8}: sun/misc/SharedSecrets> (0x0000000086f4f7f8) thrown at [t:/workspace/open/src/hotspot/share/classfile/systemDictionary.cpp, line 233]
Event: 54.183 Thread 0x000002111c4bd000 Exception <a 'java/lang/NoSuchMethodError'{0x0000000086f53730}: java.lang.Object.lambda$comparing$77a9974f$1(Ljava/util/function/Function;Ljava/lang/Object;Ljava/lang/Object;)I> (0x0000000086f53730) thrown at [t:/workspace/open/src/hotspot/share/interpret

Events (10 events):
Event: 4551.109 Executing VM operation: ChangeBreakpoints done
Event: 4551.112 Executing VM operation: ChangeBreakpoints
Event: 4551.113 Executing VM operation: ChangeBreakpoints done
Event: 4551.115 Executing VM operation: GetFrameCount
Event: 4551.115 Executing VM operation: GetFrameCount done
Event: 4551.115 Executing VM operation: GetFrameLocation
Event: 4551.115 Executing VM operation: GetFrameLocation done
Event: 4551.115 Executing VM operation: GetFrameLocation
Event: 4551.115 Executing VM operation: GetFrameLocation done
Event: 4551.115 Executing VM operation: GetOrSetLocal


Dynamic libraries:
0x00007ff6071e0000 - 0x00007ff60721e000 	C:\Program Files\Java\jdk-10.0.2\bin\java.exe
0x00007ff8baa30000 - 0x00007ff8bac11000 	C:\WINDOWS\SYSTEM32\ntdll.dll
0x00007ff8b9230000 - 0x00007ff8b92e2000 	C:\WINDOWS\System32\KERNEL32.DLL
0x00007ff8b78b0000 - 0x00007ff8b7b23000 	C:\WINDOWS\System32\KERNELBASE.dll
0x00007ff8b81d0000 - 0x00007ff8b8271000 	C:\WINDOWS\System32\ADVAPI32.dll
0x00007ff8b8ca0000 - 0x00007ff8b8d3e000 	C:\WINDOWS\System32\msvcrt.dll
0x00007ff8b8c30000 - 0x00007ff8b8c8b000 	C:\WINDOWS\System32\sechost.dll
0x00007ff8b7f70000 - 0x00007ff8b8094000 	C:\WINDOWS\System32\RPCRT4.dll
0x00007ff8b8d40000 - 0x00007ff8b8ed0000 	C:\WINDOWS\System32\USER32.dll
0x00007ff8b7120000 - 0x00007ff8b7140000 	C:\WINDOWS\System32\win32u.dll
0x00007ff8b9200000 - 0x00007ff8b9228000 	C:\WINDOWS\System32\GDI32.dll
0x00007ff8b6f80000 - 0x00007ff8b7112000 	C:\WINDOWS\System32\gdi32full.dll
0x00007ff8b7b30000 - 0x00007ff8b7bcf000 	C:\WINDOWS\System32\msvcp_win.dll
0x00007ff8b7bd0000 - 0x00007ff8b7cca000 	C:\WINDOWS\System32\ucrtbase.dll
0x00007ff8a3980000 - 0x00007ff8a3be9000 	C:\WINDOWS\WinSxS\amd64_microsoft.windows.common-controls_6595b64144ccf1df_6.0.17134.345_none_fb429a5930656358\COMCTL32.dll
0x00007ff8af080000 - 0x00007ff8af08a000 	C:\WINDOWS\SYSTEM32\VERSION.dll
0x00007ff8b8ed0000 - 0x00007ff8b91f3000 	C:\WINDOWS\System32\combase.dll
0x00007ff8b6f00000 - 0x00007ff8b6f7a000 	C:\WINDOWS\System32\bcryptPrimitives.dll
0x00007ff8b8280000 - 0x00007ff8b82ad000 	C:\WINDOWS\System32\IMM32.DLL
0x00007ff8a6a30000 - 0x00007ff8a6b1f000 	C:\Program Files\Java\jdk-10.0.2\bin\msvcr120.dll
0x00007ff8a2560000 - 0x00007ff8a2606000 	C:\Program Files\Java\jdk-10.0.2\bin\msvcp120.dll
0x0000000067100000 - 0x0000000067b70000 	C:\Program Files\Java\jdk-10.0.2\bin\server\jvm.dll
0x00007ff8b9390000 - 0x00007ff8b9398000 	C:\WINDOWS\System32\PSAPI.DLL
0x00007ff8abdf0000 - 0x00007ff8abdf9000 	C:\WINDOWS\SYSTEM32\WSOCK32.dll
0x00007ff8b4b40000 - 0x00007ff8b4b63000 	C:\WINDOWS\SYSTEM32\WINMM.dll
0x00007ff8b9300000 - 0x00007ff8b936c000 	C:\WINDOWS\System32\WS2_32.dll
0x00007ff8b4ae0000 - 0x00007ff8b4b0a000 	C:\WINDOWS\SYSTEM32\winmmbase.dll
0x00007ff8b6eb0000 - 0x00007ff8b6ef9000 	C:\WINDOWS\System32\cfgmgr32.dll
0x00007ff8b40c0000 - 0x00007ff8b40cf000 	C:\Program Files\Java\jdk-10.0.2\bin\verify.dll
0x00007ff8ab010000 - 0x00007ff8ab1d9000 	C:\WINDOWS\SYSTEM32\DBGHELP.DLL
0x00007ff8aafe0000 - 0x00007ff8ab009000 	C:\WINDOWS\SYSTEM32\dbgcore.DLL
0x00007ff8abe80000 - 0x00007ff8abea7000 	C:\Program Files\Java\jdk-10.0.2\bin\java.dll
0x00007ff8a5340000 - 0x00007ff8a5376000 	C:\Program Files\Java\jdk-10.0.2\bin\jdwp.dll
0x00007ff8a5150000 - 0x00007ff8a517a000 	C:\Program Files\Java\jdk-10.0.2\bin\instrument.dll
0x00007ff8b2a40000 - 0x00007ff8b2a56000 	C:\Program Files\Java\jdk-10.0.2\bin\zip.dll
0x00007ff8b40b0000 - 0x00007ff8b40ba000 	C:\Program Files\Java\jdk-10.0.2\bin\jimage.dll
0x00007ff8b95c0000 - 0x00007ff8ba9ff000 	C:\WINDOWS\System32\SHELL32.dll
0x00007ff8b7ec0000 - 0x00007ff8b7f69000 	C:\WINDOWS\System32\shcore.dll
0x00007ff8b71a0000 - 0x00007ff8b78ad000 	C:\WINDOWS\System32\windows.storage.dll
0x00007ff8b80a0000 - 0x00007ff8b80f1000 	C:\WINDOWS\System32\shlwapi.dll
0x00007ff8b6d50000 - 0x00007ff8b6d61000 	C:\WINDOWS\System32\kernel.appcore.dll
0x00007ff8b6d70000 - 0x00007ff8b6d8f000 	C:\WINDOWS\System32\profapi.dll
0x00007ff8b6db0000 - 0x00007ff8b6dfc000 	C:\WINDOWS\System32\powrprof.dll
0x00007ff8b6d40000 - 0x00007ff8b6d4a000 	C:\WINDOWS\System32\FLTLIB.DLL
0x00007ff8b0f00000 - 0x00007ff8b0f0a000 	C:\Program Files\Java\jdk-10.0.2\bin\dt_socket.dll
0x00007ff8b6560000 - 0x00007ff8b65c6000 	C:\WINDOWS\system32\mswsock.dll
0x00007ff8b1850000 - 0x00007ff8b186a000 	C:\Program Files\Java\jdk-10.0.2\bin\net.dll
0x00007ff8b24b0000 - 0x00007ff8b258c000 	C:\WINDOWS\SYSTEM32\WINHTTP.dll
0x00007ff8abf10000 - 0x00007ff8abf21000 	C:\Program Files\Java\jdk-10.0.2\bin\nio.dll
0x00007ff8a3c80000 - 0x00007ff8a3ca3000 	C:\Program Files\Java\jdk-10.0.2\bin\sunec.dll
0x00007ff8b6720000 - 0x00007ff8b6737000 	C:\WINDOWS\SYSTEM32\CRYPTSP.dll
0x00007ff8b6140000 - 0x00007ff8b6173000 	C:\WINDOWS\system32\rsaenh.dll
0x00007ff8b6840000 - 0x00007ff8b6865000 	C:\WINDOWS\SYSTEM32\bcrypt.dll
0x00007ff8b6c40000 - 0x00007ff8b6c68000 	C:\WINDOWS\SYSTEM32\USERENV.dll
0x00007ff8b6710000 - 0x00007ff8b671b000 	C:\WINDOWS\SYSTEM32\CRYPTBASE.dll
0x00007ff8b62e0000 - 0x00007ff8b6318000 	C:\WINDOWS\SYSTEM32\IPHLPAPI.DLL
0x00007ff8b92f0000 - 0x00007ff8b92f8000 	C:\WINDOWS\System32\NSI.dll
0x00007ff8b2590000 - 0x00007ff8b25a6000 	C:\WINDOWS\SYSTEM32\dhcpcsvc6.DLL
0x00007ff8b2250000 - 0x00007ff8b226a000 	C:\WINDOWS\SYSTEM32\dhcpcsvc.DLL
0x00007ff8b6320000 - 0x00007ff8b63de000 	C:\WINDOWS\SYSTEM32\DNSAPI.dll
0x00007ff8b0930000 - 0x00007ff8b093a000 	C:\Windows\System32\rasadhlp.dll
0x00007ff8b2430000 - 0x00007ff8b24a2000 	C:\WINDOWS\System32\fwpuclnt.dll
0x00007ff8abe40000 - 0x00007ff8abe4b000 	C:\Program Files\Java\jdk-10.0.2\bin\sunmscapi.dll
0x00007ff8b7cd0000 - 0x00007ff8b7eb2000 	C:\WINDOWS\System32\CRYPT32.dll
0x00007ff8b6d90000 - 0x00007ff8b6da2000 	C:\WINDOWS\System32\MSASN1.dll
0x00007ff8a5a40000 - 0x00007ff8a5a56000 	C:\WINDOWS\system32\napinsp.dll
0x00007ff8a5fb0000 - 0x00007ff8a5fca000 	C:\WINDOWS\system32\pnrpnsp.dll
0x00007ff8b3860000 - 0x00007ff8b3879000 	C:\WINDOWS\system32\NLAapi.dll
0x00007ff8abfd0000 - 0x00007ff8abfde000 	C:\WINDOWS\System32\winrnr.dll

dbghelp: loaded successfully - version: 4.0.5 - missing functions: none
symbol engine: initialized successfully - sym options: 0x614 - pdb path: .;C:\Program Files\Java\jdk-10.0.2\bin;C:\WINDOWS\SYSTEM32;C:\WINDOWS\WinSxS\amd64_microsoft.windows.common-controls_6595b64144ccf1df_6.0.17134.345_none_fb429a5930656358;C:\Program Files\Java\jdk-10.0.2\bin\server

VM Arguments:
jvm_args: -agentlib:jdwp=transport=dt_socket,address=127.0.0.1:56723,suspend=y,server=n -ea -Didea.test.cyclic.buffer.size=1048576 -javaagent:C:\Users\dmytro.kuts\.IdeaIC2018.2\system\captureAgent\debugger-agent.jar=file:/C:/Users/dmytro.kuts/AppData/Local/Temp/capture.props -Dfile.encoding=UTF-8 
java_command: com.intellij.rt.execution.junit.JUnitStarter -ideVersion5 -junit4 Dep_Mod_UO
java_class_path (initial): C:\Program Files\JetBrains\IntelliJ IDEA Community Edition 2018.2.1\lib\idea_rt.jar;C:\Program Files\JetBrains\IntelliJ IDEA Community Edition 2018.2.1\plugins\junit\lib\junit-rt.jar;C:\Program Files\JetBrains\IntelliJ IDEA Community Edition 2018.2.1\plugins\junit\lib\junit5-rt.jar;C:\Users\dmytro.kuts\IdeaProjects\Selenium_Test\target\test-classes;C:\Users\dmytro.kuts\IdeaProjects\Selenium_Test\target\classes;C:\Users\dmytro.kuts\.m2\repository\junit\junit\4.12\junit-4.12.jar;C:\Users\dmytro.kuts\.m2\repository\org\hamcrest\hamcrest-core\1.3\hamcrest-core-1.3.jar;C:\Users\dmytro.kuts\.m2\repository\com\codeborne\selenide\5.0.0\selenide-5.0.0.jar;C:\Users\dmytro.kuts\.m2\repository\org\seleniumhq\selenium\selenium-java\3.14.0\selenium-java-3.14.0.jar;C:\Users\dmytro.kuts\.m2\repository\org\seleniumhq\selenium\selenium-api\3.14.0\selenium-api-3.14.0.jar;C:\Users\dmytro.kuts\.m2\repository\org\seleniumhq\selenium\selenium-chrome-driver\3.14.0\selenium-chrome-driver-3.14.0.jar;C:\Users\dmytro.kuts\.m2\repository\org\seleniumhq\selenium\selenium-edge-driver\3.14.0\selenium-edge-driver-3.14.0.jar;C:\Users\dmytro.kuts\.m2\repository\org\seleniumhq\selenium\selenium-firefox-driver\3.14.0\selenium-firefox-driver-3.14.0.jar;C:\Users\dmytro.kuts\.m2\repository\org\seleniumhq\selenium\selenium-ie-driver\3.14.0\selenium-ie-driver-3.14.0.jar;C:\Users\dmytro.kuts\.m2\repository\org\seleniumhq\selenium\selenium-opera-driver\3.14.0\selenium-opera-driver-3.14.0.jar;C:\Users\dmytro.kuts\.m2\repository\org\seleniumhq\selenium\selenium-remote-driver\3.14.0\selenium-remote-driver-3.14.0.jar;C:\Users\dmytro.kuts\.m2\repository\org\seleniumhq\selenium\selenium-safari-driver\3.14.0\selenium-safari-driver-3.14.0.jar;C:\Users\dmytro.kuts\.m2\repository\org\seleniumhq\selenium\selenium-support\3.14.0\selenium-support-3.14.0.jar;C:\Users\dmytro.kuts\.m2\repository\net\bytebuddy\byte-buddy\1.8.15\byte-buddy-1.8.15.jar;C:\Users\dmytro.kuts\.m2\repository\org\apache\c
Launcher Type: SUN_STANDARD

Logging:
Log output configuration:
#0: stdout all=warning uptime,level,tags
#1: stderr all=off uptime,level,tags

Environment Variables:
JAVA_HOME=C:\Program Files\Java\jdk-10.0.2
PATH=C:\oracle\product\12.1.0\client_1\bin;C:\WINDOWS\system32;C:\WINDOWS;C:\WINDOWS\System32\Wbem;C:\WINDOWS\System32\WindowsPowerShell\v1.0\;C:\Program Files\Microsoft SQL Server\130\Tools\Binn\;C:\Program Files\dotnet\;C:\Program Files\Git\cmd;C:\Program Files\TortoiseSVN\bin;C:\WINDOWS\System32\OpenSSH\;C:\Program Files\Java\jdk-10.0.2\bin;D:\Install\apache-maven-3.5.4-bin\apache-maven-3.5.4\bin;C:\Users\dmytro.kuts\IdeaProjects\Selenium_Test\src\test\driver\;NLS_LANG=RUSSIAN_RUSSIA.CL8MSWIN1251;C:\Users\dmytro.kuts\AppData\Local\Microsoft\WindowsApps;;C:\Users\dmytro.kuts\AppData\Local\Programs\Fiddler
USERNAME=dmytro.kuts
OS=Windows_NT
PROCESSOR_IDENTIFIER=Intel64 Family 6 Model 158 Stepping 9, GenuineIntel



---------------  S Y S T E M  ---------------

OS: Windows 10 , 64 bit Build 17134 (10.0.17134.1)

CPU:total 4 (initial active 4) (2 cores per cpu, 2 threads per core) family 6 model 158 stepping 9, cmov, cx8, fxsr, mmx, sse, sse2, sse3, ssse3, sse4.1, sse4.2, popcnt, avx, avx2, aes, clmul, erms, 3dnowpref, lzcnt, ht, tsc, tscinvbit, bmi1, bmi2, adx, fma

Memory: 4k page, physical 8251116k(933460k free), swap 32100764k(4166432k free)

vm_info: Java HotSpot(TM) 64-Bit Server VM (10.0.2+13) for windows-amd64 JRE (10.0.2+13), built on Jun 28 2018 01:57:56 by "mach5one" with MS VC++ 12.0 (VS2013)

END.
