#
# A fatal error has been detected by the Java Runtime Environment:
#
#  EXCEPTION_ACCESS_VIOLATION (0xc0000005) at pc=0x00000000676f95d2, pid=59144, tid=62336
#
# JRE version: Java(TM) SE Runtime Environment (10.0.2+13) (build 10.0.2+13)
# Java VM: Java HotSpot(TM) 64-Bit Server VM (10.0.2+13, mixed mode, tiered, compressed oops, g1 gc, windows-amd64)
# Problematic frame:
# V  [jvm.dll+0x5f95d2]
#
# No core dump will be written. Minidumps are not enabled by default on client versions of Windows
#
# If you would like to submit a bug report, please visit:
#   http://bugreport.java.com/bugreport/crash.jsp
#

---------------  S U M M A R Y ------------

Command Line: -agentlib:jdwp=transport=dt_socket,address=127.0.0.1:50324,suspend=y,server=n -ea -Didea.test.cyclic.buffer.size=1048576 -javaagent:C:\Users\dmytro.kuts\.IdeaIC2018.2\system\captureAgent\debugger-agent.jar=file:/C:/Users/dmytro.kuts/AppData/Local/Temp/capture.props -Dfile.encoding=UTF-8 com.intellij.rt.execution.junit.JUnitStarter -ideVersion5 -junit4 Dep_Mod_UO

Host: Intel(R) Core(TM) i3-7100 CPU @ 3.90GHz, 4 cores, 7G,  Windows 10 , 64 bit Build 17134 (10.0.17134.1)
Time: Mon Oct 29 16:19:41 2018 Oeieyiaey (ceia) elapsed time: 2916 seconds (0d 0h 48m 36s)

---------------  T H R E A D  ---------------

Current thread (0x0000015c3dd1f000):  JavaThread "main" [_thread_in_vm, id=62336, stack(0x0000004715500000,0x0000004715600000)]

Stack: [0x0000004715500000,0x0000004715600000],  sp=0x00000047155fb210,  free space=1004k
Native frames: (J=compiled Java code, j=interpreted, Vv=VM code, C=native code)
V  [jvm.dll+0x5f95d2]
V  [jvm.dll+0x372ffb]
V  [jvm.dll+0x4a7b36]
V  [jvm.dll+0x4a2dd5]
V  [jvm.dll+0x375b79]
V  [jvm.dll+0x627eb8]
V  [jvm.dll+0x6282cf]
V  [jvm.dll+0x627de7]
V  [jvm.dll+0x3e8dcf]
C  0x0000015c4a8e5f16

Java frames: (J=compiled Java code, j=interpreted, Vv=VM code)
j  java.lang.StackStreamFactory$AbstractStackWalker.fetchStackFrames(JJII[Ljava/lang/Object;)I+0 java.base@10.0.2
j  java.lang.StackStreamFactory$AbstractStackWalker.fetchStackFrames(I)I+35 java.base@10.0.2
j  java.lang.StackStreamFactory$AbstractStackWalker.getNextBatch()I+61 java.base@10.0.2
j  java.lang.StackStreamFactory$AbstractStackWalker.peekFrame()Ljava/lang/Class;+32 java.base@10.0.2
j  java.lang.StackStreamFactory$AbstractStackWalker.hasNext()Z+1 java.base@10.0.2
j  java.lang.StackStreamFactory$StackFrameTraverser.tryAdvance(Ljava/util/function/Consumer;)Z+16 java.base@10.0.2
J 2125 c1 java.util.stream.ReferencePipeline.forEachWithCancel(Ljava/util/Spliterator;Ljava/util/stream/Sink;)Z java.base@10.0.2 (23 bytes) @ 0x0000015c4b288004 [0x0000015c4b287ee0+0x0000000000000124]
J 2053 c1 java.util.stream.AbstractPipeline.copyIntoWithCancel(Ljava/util/stream/Sink;Ljava/util/Spliterator;)Z java.base@10.0.2 (46 bytes) @ 0x0000015c4b26871c [0x0000015c4b268420+0x00000000000002fc]
J 1877 c1 java.util.stream.AbstractPipeline.copyInto(Ljava/util/stream/Sink;Ljava/util/Spliterator;)V java.base@10.0.2 (54 bytes) @ 0x0000015c4b204cb4 [0x0000015c4b2047e0+0x00000000000004d4]
J 1656 c1 java.util.stream.AbstractPipeline.wrapAndCopyInto(Ljava/util/stream/Sink;Ljava/util/Spliterator;)Ljava/util/stream/Sink; java.base@10.0.2 (18 bytes) @ 0x0000015c4b197334 [0x0000015c4b197200+0x0000000000000134]
J 2180 c1 java.util.stream.FindOps$FindOp.evaluateSequential(Ljava/util/stream/PipelineHelper;Ljava/util/Spliterator;)Ljava/lang/Object; java.base@10.0.2 (39 bytes) @ 0x0000015c4b29b9dc [0x0000015c4b29b720+0x00000000000002bc]
J 1880 c1 java.util.stream.AbstractPipeline.evaluate(Ljava/util/stream/TerminalOp;)Ljava/lang/Object; java.base@10.0.2 (94 bytes) @ 0x0000015c4b2073ac [0x0000015c4b206f60+0x000000000000044c]
J 2057 c1 java.util.stream.ReferencePipeline.findFirst()Ljava/util/Optional; java.base@10.0.2 (12 bytes) @ 0x0000015c4b2695c4 [0x0000015c4b2694e0+0x00000000000000e4]
j  java.util.logging.LogRecord$CallerFinder.lambda$get$1(Ljava/util/stream/Stream;)Ljava/util/Optional;+7 java.logging@10.0.2
j  java.util.logging.LogRecord$CallerFinder$$Lambda$254.apply(Ljava/lang/Object;)Ljava/lang/Object;+8 java.logging@10.0.2
j  java.lang.StackStreamFactory$StackFrameTraverser.consumeFrames()Ljava/lang/Object;+25 java.base@10.0.2
j  java.lang.StackStreamFactory$AbstractStackWalker.doStackWalk(JIIII)Ljava/lang/Object;+78 java.base@10.0.2
v  ~StubRoutines::call_stub
j  java.lang.StackStreamFactory$AbstractStackWalker.callStackWalk(JIII[Ljava/lang/Object;)Ljava/lang/Object;+0 java.base@10.0.2
j  java.lang.StackStreamFactory$AbstractStackWalker.beginStackWalk()Ljava/lang/Object;+31 java.base@10.0.2
j  java.lang.StackStreamFactory$AbstractStackWalker.walk()Ljava/lang/Object;+8 java.base@10.0.2
j  java.lang.StackWalker.walk(Ljava/util/function/Function;)Ljava/lang/Object;+10 java.base@10.0.2
j  java.util.logging.LogRecord$CallerFinder.get()Ljava/util/Optional;+9 java.logging@10.0.2
j  java.util.logging.LogRecord.inferCaller()V+12 java.logging@10.0.2
j  java.util.logging.LogRecord.getSourceClassName()Ljava/lang/String;+8 java.logging@10.0.2
j  java.util.logging.SimpleFormatter.format(Ljava/util/logging/LogRecord;)Ljava/lang/String;+12 java.logging@10.0.2
j  java.util.logging.StreamHandler.publish(Ljava/util/logging/LogRecord;)V+14 java.logging@10.0.2
j  java.util.logging.ConsoleHandler.publish(Ljava/util/logging/LogRecord;)V+2 java.logging@10.0.2
j  java.util.logging.Logger.log(Ljava/util/logging/LogRecord;)V+90 java.logging@10.0.2
j  java.util.logging.Logger.doLog(Ljava/util/logging/LogRecord;)V+46 java.logging@10.0.2
j  java.util.logging.Logger.log(Ljava/util/logging/Level;Ljava/lang/String;)V+21 java.logging@10.0.2
j  java.util.logging.Logger.warning(Ljava/lang/String;)V+5 java.logging@10.0.2
j  com.codeborne.selenide.impl.JavascriptErrorsCollector.getJavascriptErrors()Ljava/util/List;+101
j  com.codeborne.selenide.Selenide.getJavascriptErrors()Ljava/util/List;+3
j  com.codeborne.selenide.ex.UIAssertionError.wrapThrowable(Ljava/lang/Throwable;J)Ljava/lang/Error;+39
j  com.codeborne.selenide.ex.UIAssertionError.wrap(Ljava/lang/Error;J)Ljava/lang/Error;+14
j  com.codeborne.selenide.impl.SelenideElementProxy.invoke(Ljava/lang/Object;Ljava/lang/reflect/Method;[Ljava/lang/Object;)Ljava/lang/Object;+98
j  com.sun.proxy.$Proxy9.shouldBe([Lcom/codeborne/selenide/Condition;)Lcom/codeborne/selenide/SelenideElement;+16
j  Dep_UO.open_Dep_UO()LDep_UO;+150
j  Dep_Mod_UO.CreateDep_UO()V+9
v  ~StubRoutines::call_stub
j  jdk.internal.reflect.NativeMethodAccessorImpl.invoke0(Ljava/lang/reflect/Method;Ljava/lang/Object;[Ljava/lang/Object;)Ljava/lang/Object;+0 java.base@10.0.2
j  jdk.internal.reflect.NativeMethodAccessorImpl.invoke(Ljava/lang/Object;[Ljava/lang/Object;)Ljava/lang/Object;+100 java.base@10.0.2
j  jdk.internal.reflect.DelegatingMethodAccessorImpl.invoke(Ljava/lang/Object;[Ljava/lang/Object;)Ljava/lang/Object;+6 java.base@10.0.2
j  java.lang.reflect.Method.invoke(Ljava/lang/Object;[Ljava/lang/Object;)Ljava/lang/Object;+59 java.base@10.0.2
j  org.junit.runners.model.FrameworkMethod$1.runReflectiveCall()Ljava/lang/Object;+15
j  org.junit.internal.runners.model.ReflectiveCallable.run()Ljava/lang/Object;+1
j  org.junit.runners.model.FrameworkMethod.invokeExplosively(Ljava/lang/Object;[Ljava/lang/Object;)Ljava/lang/Object;+10
j  org.junit.internal.runners.statements.InvokeMethod.evaluate()V+12
j  org.junit.rules.TestWatcher$1.evaluate()V+24
j  org.junit.rules.RunRules.evaluate()V+4
j  org.junit.runners.ParentRunner.runLeaf(Lorg/junit/runners/model/Statement;Lorg/junit/runner/Description;Lorg/junit/runner/notification/RunNotifier;)V+17
j  org.junit.runners.BlockJUnit4ClassRunner.runChild(Lorg/junit/runners/model/FrameworkMethod;Lorg/junit/runner/notification/RunNotifier;)V+30
j  org.junit.runners.BlockJUnit4ClassRunner.runChild(Ljava/lang/Object;Lorg/junit/runner/notification/RunNotifier;)V+6
j  org.junit.runners.ParentRunner$3.run()V+12
j  org.junit.runners.ParentRunner$1.schedule(Ljava/lang/Runnable;)V+1
j  org.junit.runners.ParentRunner.runChildren(Lorg/junit/runner/notification/RunNotifier;)V+44
j  org.junit.runners.ParentRunner.access$000(Lorg/junit/runners/ParentRunner;Lorg/junit/runner/notification/RunNotifier;)V+2
j  org.junit.runners.ParentRunner$2.evaluate()V+8
j  org.junit.internal.runners.statements.RunBefores.evaluate()V+49
j  org.junit.runners.ParentRunner.run(Lorg/junit/runner/notification/RunNotifier;)V+20
j  org.junit.runner.JUnitCore.run(Lorg/junit/runner/Runner;)Lorg/junit/runner/Result;+37
j  com.intellij.junit4.JUnit4IdeaTestRunner.startRunnerWithArgs([Ljava/lang/String;Ljava/lang/String;IZ)I+146
j  com.intellij.rt.execution.junit.IdeaTestRunner$Repeater.startRunnerWithArgs(Lcom/intellij/rt/execution/junit/IdeaTestRunner;[Ljava/lang/String;Ljava/util/ArrayList;Ljava/lang/String;IZ)I+22
j  com.intellij.rt.execution.junit.JUnitStarter.prepareStreamsAndStart([Ljava/lang/String;Ljava/lang/String;Ljava/util/ArrayList;Ljava/lang/String;)I+116
j  com.intellij.rt.execution.junit.JUnitStarter.main([Ljava/lang/String;)V+116
v  ~StubRoutines::call_stub

siginfo: EXCEPTION_ACCESS_VIOLATION (0xc0000005), reading address 0x0000000000000008


Register to memory mapping:

RIP=0x00000000676f95d2 jvm.dll
RAX=0x0000000000000010 is an unknown value
RBX=0x0000015c3dd1cb90 is an unknown value
RCX=0x00000000888f0cf0 is an oop
java.lang.invoke.ResolvedMethodName 
{0x00000000888f0cf0} - klass: 'java/lang/invoke/ResolvedMethodName'
RDX=0x0000000000000010 is an unknown value
RSP=0x00000047155fb210 is pointing into the stack for thread: 0x0000015c3dd1f000
RBP=0x0000015c3dd1f000 is a thread
RSI=0x0000000000000000 is an unknown value
RDI=0x0000000000000000 is an unknown value
R8 =0x0000000000000000 is an unknown value
R9 ={method} {0x0000015c645454a0} 'open_Dep_UO' '()LDep_UO;' in 'Dep_UO'
R10=0x0000000000000002 is an unknown value
R11=0x0000000000000002 is an unknown value
R12=0x0000015c3dd1f000 is a thread
R13=0x00000001002489e0 is pointing into metadata
R14=0x00000047155fb330 is pointing into the stack for thread: 0x0000015c3dd1f000
R15=0x0000000000000000 is an unknown value


Registers:
RAX=0x0000000000000010, RBX=0x0000015c3dd1cb90, RCX=0x00000000888f0cf0, RDX=0x0000000000000010
RSP=0x00000047155fb210, RBP=0x0000015c3dd1f000, RSI=0x0000000000000000, RDI=0x0000000000000000
R8 =0x0000000000000000, R9 =0x0000015c64545498, R10=0x0000000000000002, R11=0x0000000000000002
R12=0x0000015c3dd1f000, R13=0x00000001002489e0, R14=0x00000047155fb330, R15=0x0000000000000000
RIP=0x00000000676f95d2, EFLAGS=0x0000000000010206

Top of Stack: (sp=0x00000047155fb210)
0x00000047155fb210:   0000015c3dd1cb90 00000047155fb290
0x00000047155fb220:   0000015c3dd1f000 0000000000000000
0x00000047155fb230:   00000000888f0cf0 0000000067472ffb
0x00000047155fb240:   0000015c623cce00 0000015c3dd1f000
0x00000047155fb250:   00000047155fb290 000000006435cd10
0x00000047155fb260:   0000015c3dd0a710 00000000675a7b36
0x00000047155fb270:   0000000000000000 0000015c64509318
0x00000047155fb280:   0000015c6452fc30 000000006419aac0
0x00000047155fb290:   0000015c64509318 0000015c3dd1f000
0x00000047155fb2a0:   0000015c3db49d08 00000000675a2dd5
0x00000047155fb2b0:   00000047155fb330 00000001002489e0
0x00000047155fb2c0:   0000015c64509318 0000000000000005
0x00000047155fb2d0:   0000015c64509318 0000015c3dd1f000
0x00000047155fb2e0:   0000000000000000 00000047155fb430
0x00000047155fb2f0:   000000000000000a 0000015c3dd1f000
0x00000047155fb300:   0000000000000000 0000000067475b79 

Instructions: (pc=0x00000000676f95d2)
0x00000000676f95b2:   e8 69 d8 d5 ff 48 8b cf 48 8b f0 48 8b 44 24 30
0x00000000676f95c2:   48 85 c0 74 03 48 8b 08 48 8b d6 e8 3e cb d7 ff
0x00000000676f95d2:   48 8b 46 08 48 8b 48 08 48 8b 41 18 b9 00 80 00
0x00000000676f95e2:   00 66 09 88 1a 01 00 00 48 8b 44 24 30 48 85 c0 



---------------  P R O C E S S  ---------------

Threads class SMR info:
_java_thread_list=0x0000015c61becb60, length=18, elements={
0x0000015c3dd1f000, 0x0000015c60fd1800, 0x0000015c60fdc800, 0x0000015c61952800,
0x0000015c61953000, 0x0000015c60ff0800, 0x0000015c6197f800, 0x0000015c6199c000,
0x0000015c619b1000, 0x0000015c61cc8000, 0x0000015c61e83800, 0x0000015c61dd7800,
0x0000015c628b6000, 0x0000015c628b7800, 0x0000015c62962800, 0x0000015c62924000,
0x0000015c62806800, 0x0000015c62908800
}

Java Threads: ( => current thread )
=>0x0000015c3dd1f000 JavaThread "main" [_thread_in_vm, id=62336, stack(0x0000004715500000,0x0000004715600000)]
  0x0000015c60fd1800 JavaThread "Reference Handler" daemon [_thread_blocked, id=58332, stack(0x0000004716200000,0x0000004716300000)]
  0x0000015c60fdc800 JavaThread "Finalizer" daemon [_thread_blocked, id=62884, stack(0x0000004716300000,0x0000004716400000)]
  0x0000015c61952800 JavaThread "Signal Dispatcher" daemon [_thread_blocked, id=62540, stack(0x0000004716400000,0x0000004716500000)]
  0x0000015c61953000 JavaThread "Attach Listener" daemon [_thread_blocked, id=62320, stack(0x0000004716500000,0x0000004716600000)]
  0x0000015c60ff0800 JavaThread "C2 CompilerThread0" daemon [_thread_blocked, id=62640, stack(0x0000004716600000,0x0000004716700000)]
  0x0000015c6197f800 JavaThread "C2 CompilerThread1" daemon [_thread_blocked, id=62696, stack(0x0000004716700000,0x0000004716800000)]
  0x0000015c6199c000 JavaThread "C1 CompilerThread2" daemon [_thread_blocked, id=55944, stack(0x0000004716800000,0x0000004716900000)]
  0x0000015c619b1000 JavaThread "Sweeper thread" daemon [_thread_blocked, id=62140, stack(0x0000004716900000,0x0000004716a00000)]
  0x0000015c61cc8000 JavaThread "JDWP Event Helper Thread" daemon [_thread_blocked, id=41576, stack(0x0000004716b00000,0x0000004716c00000)]
  0x0000015c61e83800 JavaThread "Common-Cleaner" daemon [_thread_blocked, id=61692, stack(0x0000004716d00000,0x0000004716e00000)]
  0x0000015c61dd7800 JavaThread "Service Thread" daemon [_thread_blocked, id=52488, stack(0x0000004716e00000,0x0000004716f00000)]
  0x0000015c628b6000 JavaThread "Exec Default Executor" daemon [_thread_in_native, id=59116, stack(0x0000004717000000,0x0000004717100000)]
  0x0000015c628b7800 JavaThread "Exec Stream Pumper" daemon [_thread_in_native, id=58056, stack(0x0000004717300000,0x0000004717400000)]
  0x0000015c62962800 JavaThread "Exec Stream Pumper" daemon [_thread_in_native, id=61968, stack(0x0000004717400000,0x0000004717500000)]
  0x0000015c62924000 JavaThread "OkHttp ConnectionPool" daemon [_thread_blocked, id=62160, stack(0x0000004717500000,0x0000004717600000)]
  0x0000015c62806800 JavaThread "Okio Watchdog" daemon [_thread_blocked, id=46376, stack(0x0000004717600000,0x0000004717700000)]
  0x0000015c62908800 JavaThread "Webdrivers killer thread" daemon [_thread_blocked, id=57836, stack(0x0000004717700000,0x0000004717800000)]

Other Threads:
  0x0000015c60fce000 VMThread "VM Thread" [stack: 0x0000004716100000,0x0000004716200000] [id=7532]
  0x0000015c61f64800 WatcherThread [stack: 0x0000004716f00000,0x0000004717000000] [id=61760]
  0x0000015c3dd38000 GCTaskThread "GC Thread#0" [stack: 0x0000004715600000,0x0000004715700000] [id=50724]
  0x0000015c3dd39800 GCTaskThread "GC Thread#1" [stack: 0x0000004715700000,0x0000004715800000] [id=49396]
  0x0000015c3dd3c000 GCTaskThread "GC Thread#2" [stack: 0x0000004715800000,0x0000004715900000] [id=58288]
  0x0000015c3dd3d000 GCTaskThread "GC Thread#3" [stack: 0x0000004715900000,0x0000004715a00000] [id=51248]
  0x0000015c3ddab800 ConcurrentGCThread "G1 Main Marker" [stack: 0x0000004715a00000,0x0000004715b00000] [id=63216]
  0x0000015c3ddad000 ConcurrentGCThread "G1 Conc#0" [stack: 0x0000004715b00000,0x0000004715c00000] [id=55528]
  0x0000015c60e4c800 ConcurrentGCThread "G1 Refine#0" [stack: 0x0000004715c00000,0x0000004715d00000] [id=50388]
  0x0000015c60e4f000 ConcurrentGCThread "G1 Refine#1" [stack: 0x0000004715d00000,0x0000004715e00000] [id=50312]
  0x0000015c60e4f800 ConcurrentGCThread "G1 Refine#2" [stack: 0x0000004715e00000,0x0000004715f00000] [id=51952]
  0x0000015c60e58000 ConcurrentGCThread "G1 Refine#3" [stack: 0x0000004715f00000,0x0000004716000000] [id=62048]
  0x0000015c60e59000 ConcurrentGCThread "G1 Young RemSet Sampling" [stack: 0x0000004716000000,0x0000004716100000] [id=58064]

Threads with active compile tasks:

VM state:not at safepoint (normal execution)

VM Mutex/Monitor currently owned by a thread:  ([mutex/lock_event])
[0x0000015c3dd1cb90] ResolvedMethodTable_lock - owner thread: 0x0000015c3dd1f000

Heap address: 0x0000000082000000, size: 2016 MB, Compressed Oops mode: 32-bit
Narrow klass base: 0x0000000000000000, Narrow klass shift: 3
Compressed class space size: 1073741824 Address: 0x0000000100000000

Heap:
 garbage-first heap   total 129024K, used 29181K [0x0000000082000000, 0x0000000100000000)
  region size 1024K, 26 young (26624K), 4 survivors (4096K)
 Metaspace       used 21227K, capacity 21714K, committed 22064K, reserved 1069056K
  class space    used 2178K, capacity 2367K, committed 2432K, reserved 1048576K
Heap Regions: E=young(eden), S=young(survivor), O=old, HS=humongous(starts), HC=humongous(continues), CS=collection set, F=free, A=archive, TS=gc time stamp, AC=allocation context, TAMS=top-at-mark-start (previous, next)
|   0|0x0000000082000000, 0x0000000082100000, 0x0000000082100000|100%| O|  |TS  1|AC  0|TAMS 0x0000000082000000, 0x0000000082000000|
|   1|0x0000000082100000, 0x0000000082200000, 0x0000000082200000|100%| O|  |TS  0|AC  0|TAMS 0x0000000082200000, 0x0000000082200000|
|   2|0x0000000082200000, 0x0000000082300000, 0x0000000082300000|100%| O|  |TS  1|AC  0|TAMS 0x00000000822b9a00, 0x00000000822b9a00|
|   3|0x0000000082300000, 0x00000000823bb000, 0x0000000082400000| 73%| O|  |TS  1|AC  0|TAMS 0x0000000082300000, 0x0000000082300000|
|   4|0x0000000082400000, 0x0000000082400000, 0x0000000082500000|  0%| F|  |TS  0|AC  0|TAMS 0x0000000082400000, 0x0000000082400000|
|   5|0x0000000082500000, 0x0000000082500000, 0x0000000082600000|  0%| F|  |TS  0|AC  0|TAMS 0x0000000082500000, 0x0000000082500000|
|   6|0x0000000082600000, 0x0000000082600000, 0x0000000082700000|  0%| F|  |TS  0|AC  0|TAMS 0x0000000082600000, 0x0000000082600000|
|   7|0x0000000082700000, 0x0000000082700000, 0x0000000082800000|  0%| F|  |TS  0|AC  0|TAMS 0x0000000082700000, 0x0000000082700000|
|   8|0x0000000082800000, 0x0000000082800000, 0x0000000082900000|  0%| F|  |TS  0|AC  0|TAMS 0x0000000082800000, 0x0000000082800000|
|   9|0x0000000082900000, 0x0000000082900000, 0x0000000082a00000|  0%| F|  |TS  0|AC  0|TAMS 0x0000000082900000, 0x0000000082900000|
|  10|0x0000000082a00000, 0x0000000082a00000, 0x0000000082b00000|  0%| F|  |TS  0|AC  0|TAMS 0x0000000082a00000, 0x0000000082a00000|
|  11|0x0000000082b00000, 0x0000000082b00000, 0x0000000082c00000|  0%| F|  |TS  0|AC  0|TAMS 0x0000000082b00000, 0x0000000082b00000|
|  12|0x0000000082c00000, 0x0000000082c00000, 0x0000000082d00000|  0%| F|  |TS  0|AC  0|TAMS 0x0000000082c00000, 0x0000000082c00000|
|  13|0x0000000082d00000, 0x0000000082d00000, 0x0000000082e00000|  0%| F|  |TS  0|AC  0|TAMS 0x0000000082d00000, 0x0000000082d00000|
|  14|0x0000000082e00000, 0x0000000082e00000, 0x0000000082f00000|  0%| F|  |TS  0|AC  0|TAMS 0x0000000082e00000, 0x0000000082e00000|
|  15|0x0000000082f00000, 0x0000000082f00000, 0x0000000083000000|  0%| F|  |TS  0|AC  0|TAMS 0x0000000082f00000, 0x0000000082f00000|
|  16|0x0000000083000000, 0x0000000083000000, 0x0000000083100000|  0%| F|  |TS  0|AC  0|TAMS 0x0000000083000000, 0x0000000083000000|
|  17|0x0000000083100000, 0x0000000083100000, 0x0000000083200000|  0%| F|  |TS  0|AC  0|TAMS 0x0000000083100000, 0x0000000083100000|
|  18|0x0000000083200000, 0x0000000083200000, 0x0000000083300000|  0%| F|  |TS  0|AC  0|TAMS 0x0000000083200000, 0x0000000083200000|
|  19|0x0000000083300000, 0x0000000083300000, 0x0000000083400000|  0%| F|  |TS  0|AC  0|TAMS 0x0000000083300000, 0x0000000083300000|
|  20|0x0000000083400000, 0x0000000083400000, 0x0000000083500000|  0%| F|  |TS  0|AC  0|TAMS 0x0000000083400000, 0x0000000083400000|
|  21|0x0000000083500000, 0x0000000083500000, 0x0000000083600000|  0%| F|  |TS  0|AC  0|TAMS 0x0000000083500000, 0x0000000083500000|
|  22|0x0000000083600000, 0x0000000083600000, 0x0000000083700000|  0%| F|  |TS  0|AC  0|TAMS 0x0000000083600000, 0x0000000083600000|
|  23|0x0000000083700000, 0x0000000083700000, 0x0000000083800000|  0%| F|  |TS  0|AC  0|TAMS 0x0000000083700000, 0x0000000083700000|
|  24|0x0000000083800000, 0x0000000083800000, 0x0000000083900000|  0%| F|  |TS  0|AC  0|TAMS 0x0000000083800000, 0x0000000083800000|
|  25|0x0000000083900000, 0x0000000083900000, 0x0000000083a00000|  0%| F|  |TS  0|AC  0|TAMS 0x0000000083900000, 0x0000000083900000|
|  26|0x0000000083a00000, 0x0000000083a00000, 0x0000000083b00000|  0%| F|  |TS  0|AC  0|TAMS 0x0000000083a00000, 0x0000000083a00000|
|  27|0x0000000083b00000, 0x0000000083b00000, 0x0000000083c00000|  0%| F|  |TS  0|AC  0|TAMS 0x0000000083b00000, 0x0000000083b00000|
|  28|0x0000000083c00000, 0x0000000083c00000, 0x0000000083d00000|  0%| F|  |TS  0|AC  0|TAMS 0x0000000083c00000, 0x0000000083c00000|
|  29|0x0000000083d00000, 0x0000000083d00000, 0x0000000083e00000|  0%| F|  |TS  0|AC  0|TAMS 0x0000000083d00000, 0x0000000083d00000|
|  30|0x0000000083e00000, 0x0000000083e00000, 0x0000000083f00000|  0%| F|  |TS  0|AC  0|TAMS 0x0000000083e00000, 0x0000000083e00000|
|  31|0x0000000083f00000, 0x0000000083f00000, 0x0000000084000000|  0%| F|  |TS  0|AC  0|TAMS 0x0000000083f00000, 0x0000000083f00000|
|  32|0x0000000084000000, 0x0000000084000000, 0x0000000084100000|  0%| F|  |TS  0|AC  0|TAMS 0x0000000084000000, 0x0000000084000000|
|  33|0x0000000084100000, 0x0000000084100000, 0x0000000084200000|  0%| F|  |TS  0|AC  0|TAMS 0x0000000084100000, 0x0000000084100000|
|  34|0x0000000084200000, 0x0000000084200000, 0x0000000084300000|  0%| F|  |TS  0|AC  0|TAMS 0x0000000084200000, 0x0000000084200000|
|  35|0x0000000084300000, 0x0000000084300000, 0x0000000084400000|  0%| F|  |TS  0|AC  0|TAMS 0x0000000084300000, 0x0000000084300000|
|  36|0x0000000084400000, 0x0000000084400000, 0x0000000084500000|  0%| F|  |TS  0|AC  0|TAMS 0x0000000084400000, 0x0000000084400000|
|  37|0x0000000084500000, 0x0000000084500000, 0x0000000084600000|  0%| F|  |TS  0|AC  0|TAMS 0x0000000084500000, 0x0000000084500000|
|  38|0x0000000084600000, 0x0000000084600000, 0x0000000084700000|  0%| F|  |TS  0|AC  0|TAMS 0x0000000084600000, 0x0000000084600000|
|  39|0x0000000084700000, 0x0000000084700000, 0x0000000084800000|  0%| F|  |TS  0|AC  0|TAMS 0x0000000084700000, 0x0000000084700000|
|  40|0x0000000084800000, 0x0000000084800000, 0x0000000084900000|  0%| F|  |TS  0|AC  0|TAMS 0x0000000084800000, 0x0000000084800000|
|  41|0x0000000084900000, 0x0000000084900000, 0x0000000084a00000|  0%| F|  |TS  0|AC  0|TAMS 0x0000000084900000, 0x0000000084900000|
|  42|0x0000000084a00000, 0x0000000084a00000, 0x0000000084b00000|  0%| F|  |TS  0|AC  0|TAMS 0x0000000084a00000, 0x0000000084a00000|
|  43|0x0000000084b00000, 0x0000000084b00000, 0x0000000084c00000|  0%| F|  |TS  0|AC  0|TAMS 0x0000000084b00000, 0x0000000084b00000|
|  44|0x0000000084c00000, 0x0000000084c00000, 0x0000000084d00000|  0%| F|  |TS  0|AC  0|TAMS 0x0000000084c00000, 0x0000000084c00000|
|  45|0x0000000084d00000, 0x0000000084d00000, 0x0000000084e00000|  0%| F|  |TS  0|AC  0|TAMS 0x0000000084d00000, 0x0000000084d00000|
|  46|0x0000000084e00000, 0x0000000084e00000, 0x0000000084f00000|  0%| F|  |TS  0|AC  0|TAMS 0x0000000084e00000, 0x0000000084e00000|
|  47|0x0000000084f00000, 0x0000000084f00000, 0x0000000085000000|  0%| F|  |TS  0|AC  0|TAMS 0x0000000084f00000, 0x0000000084f00000|
|  48|0x0000000085000000, 0x0000000085000000, 0x0000000085100000|  0%| F|  |TS  0|AC  0|TAMS 0x0000000085000000, 0x0000000085000000|
|  49|0x0000000085100000, 0x0000000085100000, 0x0000000085200000|  0%| F|  |TS  0|AC  0|TAMS 0x0000000085100000, 0x0000000085100000|
|  50|0x0000000085200000, 0x0000000085200000, 0x0000000085300000|  0%| F|  |TS  0|AC  0|TAMS 0x0000000085200000, 0x0000000085200000|
|  51|0x0000000085300000, 0x0000000085300000, 0x0000000085400000|  0%| F|  |TS  0|AC  0|TAMS 0x0000000085300000, 0x0000000085300000|
|  52|0x0000000085400000, 0x0000000085400000, 0x0000000085500000|  0%| F|  |TS  0|AC  0|TAMS 0x0000000085400000, 0x0000000085400000|
|  53|0x0000000085500000, 0x0000000085500000, 0x0000000085600000|  0%| F|  |TS  0|AC  0|TAMS 0x0000000085500000, 0x0000000085500000|
|  54|0x0000000085600000, 0x0000000085600000, 0x0000000085700000|  0%| F|  |TS  0|AC  0|TAMS 0x0000000085600000, 0x0000000085600000|
|  55|0x0000000085700000, 0x0000000085700000, 0x0000000085800000|  0%| F|  |TS  0|AC  0|TAMS 0x0000000085700000, 0x0000000085700000|
|  56|0x0000000085800000, 0x0000000085800000, 0x0000000085900000|  0%| F|  |TS  0|AC  0|TAMS 0x0000000085800000, 0x0000000085800000|
|  57|0x0000000085900000, 0x0000000085900000, 0x0000000085a00000|  0%| F|  |TS  0|AC  0|TAMS 0x0000000085900000, 0x0000000085900000|
|  58|0x0000000085a00000, 0x0000000085a00000, 0x0000000085b00000|  0%| F|  |TS  0|AC  0|TAMS 0x0000000085a00000, 0x0000000085a00000|
|  59|0x0000000085b00000, 0x0000000085b00000, 0x0000000085c00000|  0%| F|  |TS  0|AC  0|TAMS 0x0000000085b00000, 0x0000000085b00000|
|  60|0x0000000085c00000, 0x0000000085c00000, 0x0000000085d00000|  0%| F|  |TS  0|AC  0|TAMS 0x0000000085c00000, 0x0000000085c00000|
|  61|0x0000000085d00000, 0x0000000085d00000, 0x0000000085e00000|  0%| F|  |TS  0|AC  0|TAMS 0x0000000085d00000, 0x0000000085d00000|
|  62|0x0000000085e00000, 0x0000000085e00000, 0x0000000085f00000|  0%| F|  |TS  0|AC  0|TAMS 0x0000000085e00000, 0x0000000085e00000|
|  63|0x0000000085f00000, 0x0000000085f00000, 0x0000000086000000|  0%| F|  |TS  0|AC  0|TAMS 0x0000000085f00000, 0x0000000085f00000|
|  64|0x0000000086000000, 0x0000000086000000, 0x0000000086100000|  0%| F|  |TS  0|AC  0|TAMS 0x0000000086000000, 0x0000000086000000|
|  65|0x0000000086100000, 0x0000000086100000, 0x0000000086200000|  0%| F|  |TS  0|AC  0|TAMS 0x0000000086100000, 0x0000000086100000|
|  66|0x0000000086200000, 0x0000000086200000, 0x0000000086300000|  0%| F|  |TS  0|AC  0|TAMS 0x0000000086200000, 0x0000000086200000|
|  67|0x0000000086300000, 0x0000000086300000, 0x0000000086400000|  0%| F|  |TS  0|AC  0|TAMS 0x0000000086300000, 0x0000000086300000|
|  68|0x0000000086400000, 0x0000000086400000, 0x0000000086500000|  0%| F|  |TS  0|AC  0|TAMS 0x0000000086400000, 0x0000000086400000|
|  69|0x0000000086500000, 0x0000000086500000, 0x0000000086600000|  0%| F|  |TS  0|AC  0|TAMS 0x0000000086500000, 0x0000000086500000|
|  70|0x0000000086600000, 0x0000000086600000, 0x0000000086700000|  0%| F|  |TS  0|AC  0|TAMS 0x0000000086600000, 0x0000000086600000|
|  71|0x0000000086700000, 0x0000000086700000, 0x0000000086800000|  0%| F|  |TS  0|AC  0|TAMS 0x0000000086700000, 0x0000000086700000|
|  72|0x0000000086800000, 0x0000000086800000, 0x0000000086900000|  0%| F|  |TS  0|AC  0|TAMS 0x0000000086800000, 0x0000000086800000|
|  73|0x0000000086900000, 0x00000000869c4538, 0x0000000086a00000| 76%| S|CS|TS  1|AC  0|TAMS 0x0000000086900000, 0x0000000086900000|
|  74|0x0000000086a00000, 0x0000000086b00000, 0x0000000086b00000|100%| S|CS|TS  1|AC  0|TAMS 0x0000000086a00000, 0x0000000086a00000|
|  75|0x0000000086b00000, 0x0000000086c00000, 0x0000000086c00000|100%| S|CS|TS  1|AC  0|TAMS 0x0000000086b00000, 0x0000000086b00000|
|  76|0x0000000086c00000, 0x0000000086d00000, 0x0000000086d00000|100%| S|CS|TS  1|AC  0|TAMS 0x0000000086c00000, 0x0000000086c00000|
|  77|0x0000000086d00000, 0x0000000086d00000, 0x0000000086e00000|  0%| F|  |TS  1|AC  0|TAMS 0x0000000086d00000, 0x0000000086d00000|
|  78|0x0000000086e00000, 0x0000000086e00000, 0x0000000086f00000|  0%| F|  |TS  1|AC  0|TAMS 0x0000000086e00000, 0x0000000086e00000|
|  79|0x0000000086f00000, 0x0000000086f00000, 0x0000000087000000|  0%| F|  |TS  1|AC  0|TAMS 0x0000000086f00000, 0x0000000086f00000|
|  80|0x0000000087000000, 0x0000000087000000, 0x0000000087100000|  0%| F|  |TS  1|AC  0|TAMS 0x0000000087000000, 0x0000000087000000|
|  81|0x0000000087100000, 0x0000000087100000, 0x0000000087200000|  0%| F|  |TS  1|AC  0|TAMS 0x0000000087100000, 0x0000000087100000|
|  82|0x0000000087200000, 0x0000000087200000, 0x0000000087300000|  0%| F|  |TS  1|AC  0|TAMS 0x0000000087200000, 0x0000000087200000|
|  83|0x0000000087300000, 0x0000000087300000, 0x0000000087400000|  0%| F|  |TS  1|AC  0|TAMS 0x0000000087300000, 0x0000000087300000|
|  84|0x0000000087400000, 0x0000000087400000, 0x0000000087500000|  0%| F|  |TS  1|AC  0|TAMS 0x0000000087400000, 0x0000000087400000|
|  85|0x0000000087500000, 0x0000000087500000, 0x0000000087600000|  0%| F|  |TS  1|AC  0|TAMS 0x0000000087500000, 0x0000000087500000|
|  86|0x0000000087600000, 0x0000000087600000, 0x0000000087700000|  0%| F|  |TS  1|AC  0|TAMS 0x0000000087600000, 0x0000000087600000|
|  87|0x0000000087700000, 0x0000000087700000, 0x0000000087800000|  0%| F|  |TS  1|AC  0|TAMS 0x0000000087700000, 0x0000000087700000|
|  88|0x0000000087800000, 0x0000000087800000, 0x0000000087900000|  0%| F|  |TS  1|AC  0|TAMS 0x0000000087800000, 0x0000000087800000|
|  89|0x0000000087900000, 0x0000000087900000, 0x0000000087a00000|  0%| F|  |TS  1|AC  0|TAMS 0x0000000087900000, 0x0000000087900000|
|  90|0x0000000087a00000, 0x0000000087a00000, 0x0000000087b00000|  0%| F|  |TS  1|AC  0|TAMS 0x0000000087a00000, 0x0000000087a00000|
|  91|0x0000000087b00000, 0x0000000087b00000, 0x0000000087c00000|  0%| F|  |TS  1|AC  0|TAMS 0x0000000087b00000, 0x0000000087b00000|
|  92|0x0000000087c00000, 0x0000000087c00000, 0x0000000087d00000|  0%| F|  |TS  1|AC  0|TAMS 0x0000000087c00000, 0x0000000087c00000|
|  93|0x0000000087d00000, 0x0000000087d00000, 0x0000000087e00000|  0%| F|  |TS  1|AC  0|TAMS 0x0000000087d00000, 0x0000000087d00000|
|  94|0x0000000087e00000, 0x0000000087e00000, 0x0000000087f00000|  0%| F|  |TS  1|AC  0|TAMS 0x0000000087e00000, 0x0000000087e00000|
|  95|0x0000000087f00000, 0x0000000087f00000, 0x0000000088000000|  0%| F|  |TS  1|AC  0|TAMS 0x0000000087f00000, 0x0000000087f00000|
|  96|0x0000000088000000, 0x0000000088000000, 0x0000000088100000|  0%| F|  |TS  1|AC  0|TAMS 0x0000000088000000, 0x0000000088000000|
|  97|0x0000000088100000, 0x0000000088100000, 0x0000000088200000|  0%| F|  |TS  1|AC  0|TAMS 0x0000000088100000, 0x0000000088100000|
|  98|0x0000000088200000, 0x0000000088200000, 0x0000000088300000|  0%| F|  |TS  1|AC  0|TAMS 0x0000000088200000, 0x0000000088200000|
|  99|0x0000000088300000, 0x0000000088300000, 0x0000000088400000|  0%| F|  |TS  1|AC  0|TAMS 0x0000000088300000, 0x0000000088300000|
| 100|0x0000000088400000, 0x0000000088400000, 0x0000000088500000|  0%| F|  |TS  1|AC  0|TAMS 0x0000000088400000, 0x0000000088400000|
| 101|0x0000000088500000, 0x0000000088500000, 0x0000000088600000|  0%| F|  |TS  1|AC  0|TAMS 0x0000000088500000, 0x0000000088500000|
| 102|0x0000000088600000, 0x0000000088600000, 0x0000000088700000|  0%| F|  |TS  1|AC  0|TAMS 0x0000000088600000, 0x0000000088600000|
| 103|0x0000000088700000, 0x0000000088700000, 0x0000000088800000|  0%| F|  |TS  1|AC  0|TAMS 0x0000000088700000, 0x0000000088700000|
| 104|0x0000000088800000, 0x0000000088900000, 0x0000000088900000|100%| E|  |TS  1|AC  0|TAMS 0x0000000088800000, 0x0000000088800000|
| 105|0x0000000088900000, 0x0000000088a00000, 0x0000000088a00000|100%| E|CS|TS  1|AC  0|TAMS 0x0000000088900000, 0x0000000088900000|
| 106|0x0000000088a00000, 0x0000000088b00000, 0x0000000088b00000|100%| E|CS|TS  1|AC  0|TAMS 0x0000000088a00000, 0x0000000088a00000|
| 107|0x0000000088b00000, 0x0000000088c00000, 0x0000000088c00000|100%| E|CS|TS  1|AC  0|TAMS 0x0000000088b00000, 0x0000000088b00000|
| 108|0x0000000088c00000, 0x0000000088d00000, 0x0000000088d00000|100%| E|CS|TS  1|AC  0|TAMS 0x0000000088c00000, 0x0000000088c00000|
| 109|0x0000000088d00000, 0x0000000088e00000, 0x0000000088e00000|100%| E|CS|TS  1|AC  0|TAMS 0x0000000088d00000, 0x0000000088d00000|
| 110|0x0000000088e00000, 0x0000000088f00000, 0x0000000088f00000|100%| E|CS|TS  1|AC  0|TAMS 0x0000000088e00000, 0x0000000088e00000|
| 111|0x0000000088f00000, 0x0000000089000000, 0x0000000089000000|100%| E|CS|TS  1|AC  0|TAMS 0x0000000088f00000, 0x0000000088f00000|
| 112|0x0000000089000000, 0x0000000089100000, 0x0000000089100000|100%| E|CS|TS  1|AC  0|TAMS 0x0000000089000000, 0x0000000089000000|
| 113|0x0000000089100000, 0x0000000089200000, 0x0000000089200000|100%| E|CS|TS  1|AC  0|TAMS 0x0000000089100000, 0x0000000089100000|
| 114|0x0000000089200000, 0x0000000089300000, 0x0000000089300000|100%| E|CS|TS  1|AC  0|TAMS 0x0000000089200000, 0x0000000089200000|
| 115|0x0000000089300000, 0x0000000089400000, 0x0000000089400000|100%| E|CS|TS  1|AC  0|TAMS 0x0000000089300000, 0x0000000089300000|
| 116|0x0000000089400000, 0x0000000089500000, 0x0000000089500000|100%| E|CS|TS  1|AC  0|TAMS 0x0000000089400000, 0x0000000089400000|
| 117|0x0000000089500000, 0x0000000089600000, 0x0000000089600000|100%| E|CS|TS  1|AC  0|TAMS 0x0000000089500000, 0x0000000089500000|
| 118|0x0000000089600000, 0x0000000089700000, 0x0000000089700000|100%| E|CS|TS  1|AC  0|TAMS 0x0000000089600000, 0x0000000089600000|
| 119|0x0000000089700000, 0x0000000089800000, 0x0000000089800000|100%| E|CS|TS  1|AC  0|TAMS 0x0000000089700000, 0x0000000089700000|
| 120|0x0000000089800000, 0x0000000089900000, 0x0000000089900000|100%| E|CS|TS  1|AC  0|TAMS 0x0000000089800000, 0x0000000089800000|
| 121|0x0000000089900000, 0x0000000089a00000, 0x0000000089a00000|100%| E|CS|TS  1|AC  0|TAMS 0x0000000089900000, 0x0000000089900000|
| 122|0x0000000089a00000, 0x0000000089b00000, 0x0000000089b00000|100%| E|CS|TS  1|AC  0|TAMS 0x0000000089a00000, 0x0000000089a00000|
| 123|0x0000000089b00000, 0x0000000089c00000, 0x0000000089c00000|100%| E|CS|TS  1|AC  0|TAMS 0x0000000089b00000, 0x0000000089b00000|
| 124|0x0000000089c00000, 0x0000000089d00000, 0x0000000089d00000|100%| E|CS|TS  1|AC  0|TAMS 0x0000000089c00000, 0x0000000089c00000|
| 125|0x0000000089d00000, 0x0000000089e00000, 0x0000000089e00000|100%| E|CS|TS  1|AC  0|TAMS 0x0000000089d00000, 0x0000000089d00000|

Card table byte_map: [0x0000015c5a2e0000,0x0000015c5a6d0000] byte_map_base: 0x0000015c59ed0000

Marking Bits (Prev, Next): (CMBitMap*) 0x0000015c3ddaafd8, (CMBitMap*) 0x0000015c3ddaafa0
 Prev Bits: [0x0000015c5ca40000, 0x0000015c5e9c0000)
 Next Bits: [0x0000015c5aac0000, 0x0000015c5ca40000)

Polling page: 0x0000015c3dab0000

CodeHeap 'non-profiled nmethods': size=120064Kb used=938Kb max_used=969Kb free=119126Kb
 bounds [0x0000015c52390000, 0x0000015c52600000, 0x0000015c598d0000]
CodeHeap 'profiled nmethods': size=120000Kb used=4626Kb max_used=4765Kb free=115373Kb
 bounds [0x0000015c4ae60000, 0x0000015c4b310000, 0x0000015c52390000]
CodeHeap 'non-nmethods': size=5696Kb used=1218Kb max_used=1240Kb free=4477Kb
 bounds [0x0000015c4a8d0000, 0x0000015c4ab40000, 0x0000015c4ae60000]
 total_blobs=3562 nmethods=2271 adapters=375
 compilation: enabled

Compilation events (10 events):
Event: 2916.457 Thread 0x0000015c6197f800 2547       4       java.util.Formatter$Flags::contains (22 bytes)
Event: 2916.459 Thread 0x0000015c6197f800 nmethod 2547 0x0000015c523c3910 code [0x0000015c523c3aa0, 0x0000015c523c3b58]
Event: 2916.485 Thread 0x0000015c6199c000 2548       3       okhttp3.HttpUrl$Builder::isDotDot (42 bytes)
Event: 2916.485 Thread 0x0000015c6199c000 nmethod 2548 0x0000015c4b032e10 code [0x0000015c4b033000, 0x0000015c4b033380]
Event: 2916.594 Thread 0x0000015c6199c000 2549       3       java.lang.Thread::checkAccess (14 bytes)
Event: 2916.594 Thread 0x0000015c6199c000 nmethod 2549 0x0000015c4b091b10 code [0x0000015c4b091d00, 0x0000015c4b092170]
Event: 2916.594 Thread 0x0000015c6199c000 2550       3       java.lang.StackFrameInfo::declaringClass (13 bytes)
Event: 2916.595 Thread 0x0000015c6199c000 nmethod 2550 0x0000015c4b0a2b10 code [0x0000015c4b0a2ce0, 0x0000015c4b0a2fb8]
Event: 2916.595 Thread 0x0000015c6199c000 2551       3       java.lang.invoke.MethodHandleImpl$1::getDeclaringClass (10 bytes)
Event: 2916.595 Thread 0x0000015c6199c000 nmethod 2551 0x0000015c4afe1310 code [0x0000015c4afe14c0, 0x0000015c4afe1738]

GC Heap History (6 events):
Event: 1.278 GC heap before
{Heap before GC invocations=0 (full 0):
 garbage-first heap   total 129024K, used 15360K [0x0000000082000000, 0x0000000100000000)
  region size 1024K, 14 young (14336K), 0 survivors (0K)
 Metaspace       used 9694K, capacity 9881K, committed 9984K, reserved 1058816K
  class space    used 897K, capacity 954K, committed 1024K, reserved 1048576K
}
Event: 1.282 GC heap after
{Heap after GC invocations=1 (full 0):
 garbage-first heap   total 129024K, used 3814K [0x0000000082000000, 0x0000000100000000)
  region size 1024K, 2 young (2048K), 2 survivors (2048K)
 Metaspace       used 9694K, capacity 9881K, committed 9984K, reserved 1058816K
  class space    used 897K, capacity 954K, committed 1024K, reserved 1048576K
}
Event: 5.884 GC heap before
{Heap before GC invocations=1 (full 0):
 garbage-first heap   total 129024K, used 42726K [0x0000000082000000, 0x0000000100000000)
  region size 1024K, 41 young (41984K), 2 survivors (2048K)
 Metaspace       used 20604K, capacity 21051K, committed 21296K, reserved 1069056K
  class space    used 2142K, capacity 2349K, committed 2432K, reserved 1048576K
}
Event: 5.897 GC heap after
{Heap after GC invocations=2 (full 0):
 garbage-first heap   total 129024K, used 7238K [0x0000000082000000, 0x0000000100000000)
  region size 1024K, 6 young (6144K), 6 survivors (6144K)
 Metaspace       used 20604K, capacity 21051K, committed 21296K, reserved 1069056K
  class space    used 2142K, capacity 2349K, committed 2432K, reserved 1048576K
}
Event: 20.130 GC heap before
{Heap before GC invocations=3 (full 0):
 garbage-first heap   total 129024K, used 51270K [0x0000000082000000, 0x0000000100000000)
  region size 1024K, 49 young (50176K), 6 survivors (6144K)
 Metaspace       used 20825K, capacity 21323K, committed 21552K, reserved 1069056K
  class space    used 2157K, capacity 2350K, committed 2432K, reserved 1048576K
}
Event: 20.137 GC heap after
{Heap after GC invocations=4 (full 0):
 garbage-first heap   total 129024K, used 7677K [0x0000000082000000, 0x0000000100000000)
  region size 1024K, 4 young (4096K), 4 survivors (4096K)
 Metaspace       used 20825K, capacity 21323K, committed 21552K, reserved 1069056K
  class space    used 2157K, capacity 2350K, committed 2432K, reserved 1048576K
}

Deoptimization events (10 events):
Event: 11.755 Thread 0x0000015c3dd1f000 Uncommon trap: reason=unstable_if action=reinterpret pc=0x0000015c523dde08 method=sun.net.www.ParseUtil.firstEncodeIndex(Ljava/lang/String;)I @ 51 c2
Event: 17.134 Thread 0x0000015c3dd1f000 Uncommon trap: reason=unstable_if action=reinterpret pc=0x0000015c523a86e8 method=java.lang.AbstractStringBuilder.isLatin1()Z @ 10 c2
Event: 17.307 Thread 0x0000015c3dd1f000 Uncommon trap: reason=unstable_if action=reinterpret pc=0x0000015c523a90b4 method=java.lang.AbstractStringBuilder.isLatin1()Z @ 10 c2
Event: 27.057 Thread 0x0000015c3dd1f000 Uncommon trap: reason=unstable_if action=reinterpret pc=0x0000015c5242f990 method=java.lang.String.indexOf(Ljava/lang/String;)I @ 8 c2
Event: 2916.451 Thread 0x0000015c3dd1f000 Uncommon trap: reason=unstable_if action=reinterpret pc=0x0000015c52455d4c method=com.google.common.collect.RegularImmutableMap.get(Ljava/lang/Object;[Lcom/google/common/collect/ImmutableMapEntry;I)Ljava/lang/Object; @ 5 c2
Event: 2916.455 Thread 0x0000015c3dd1f000 Uncommon trap: reason=class_check action=maybe_recompile pc=0x0000015c523b7e10 method=java.lang.invoke.LambdaForm$MH/641853239.linkToTargetMethod(Ljava/lang/Object;Ljava/lang/Object;Ljava/lang/Object;)Ljava/lang/Object; @ 1 c2
Event: 2916.457 Thread 0x0000015c3dd1f000 Uncommon trap: reason=unstable_if action=reinterpret pc=0x0000015c52464190 method=java.lang.AbstractStringBuilder.append(Ljava/lang/AbstractStringBuilder;)Ljava/lang/AbstractStringBuilder; @ 32 c2
Event: 2916.457 Thread 0x0000015c3dd1f000 Uncommon trap: reason=unstable_if action=reinterpret pc=0x0000015c52463488 method=java.lang.AbstractStringBuilder.append(Ljava/lang/AbstractStringBuilder;)Ljava/lang/AbstractStringBuilder; @ 32 c2
Event: 2916.457 Thread 0x0000015c3dd1f000 Uncommon trap: reason=unstable_if action=reinterpret pc=0x0000015c5246151c method=java.lang.AbstractStringBuilder.getBytes([BIB)V @ 5 c2
Event: 2916.594 Thread 0x0000015c3dd1f000 Uncommon trap: reason=class_check action=maybe_recompile pc=0x0000015c523b7e10 method=java.lang.invoke.LambdaForm$MH/641853239.linkToTargetMethod(Ljava/lang/Object;Ljava/lang/Object;Ljava/lang/Object;)Ljava/lang/Object; @ 1 c2

Classes redefined (1 events):
Event: 134.493 Thread 0x0000015c60fce000 redefined class name=Dep_UO, count=1

Internal exceptions (10 events):
Event: 2.980 Thread 0x0000015c3dd1f000 Exception <a 'java/lang/NoSuchMethodError'{0x00000000883e4160}: java.lang.invoke.Invokers$Holder.invoke_MT(Ljava/lang/Object;Ljava/lang/Object;Ljava/lang/Object;Ljava/lang/Object;Ljava/lang/Object;Ljava/lang/Object;Ljava/lang/Object;Ljava/lang/Object;Ljav
Event: 2.985 Thread 0x0000015c3dd1f000 Exception <a 'java/lang/NoSuchMethodError'{0x00000000882004b8}: method resolution failed> (0x00000000882004b8) thrown at [t:/workspace/open/src/hotspot/share/prims/methodHandles.cpp, line 1226]
Event: 2.992 Thread 0x0000015c3dd1f000 Exception <a 'java/lang/NoSuchMethodError'{0x000000008822e910}: java.lang.invoke.DirectMethodHandle$Holder.invokeInterface(Ljava/lang/Object;Ljava/lang/Object;Ljava/lang/Object;)V> (0x000000008822e910) thrown at [t:/workspace/open/src/hotspot/share/interp
Event: 2.995 Thread 0x0000015c3dd1f000 Exception <a 'java/lang/NoSuchMethodError'{0x000000008823fc30}: java.lang.invoke.DirectMethodHandle$Holder.invokeStatic(Ljava/lang/Object;Ljava/lang/Object;Ljava/lang/Object;Ljava/lang/Object;Ljava/lang/Object;)V> (0x000000008823fc30) thrown at [t:/worksp
Event: 3.093 Thread 0x0000015c3dd1f000 Exception <a 'java/lang/NoSuchMethodError'{0x0000000087eca330}: java.lang.invoke.DirectMethodHandle$Holder.invokeStatic(Ljava/lang/Object;Ljava/lang/Object;Ljava/lang/Object;Ljava/lang/Object;)V> (0x0000000087eca330) thrown at [t:/workspace/open/src/hotsp
Event: 4.052 Thread 0x0000015c3dd1f000 Exception <a 'java/lang/ClassNotFoundException'{0x0000000087ac08a0}: sun/util/logging/resources/spi/loggingProvider> (0x0000000087ac08a0) thrown at [t:/workspace/open/src/hotspot/share/classfile/systemDictionary.cpp, line 233]
Event: 4.890 Thread 0x0000015c3dd1f000 Exception <a 'java/lang/NoSuchMethodError'{0x000000008768cfc8}: java.lang.Object.of(Ljava/lang/Object;)Ljava/util/stream/Stream;> (0x000000008768cfc8) thrown at [t:/workspace/open/src/hotspot/share/interpreter/linkResolver.cpp, line 741]
Event: 26.511 Thread 0x0000015c3dd1f000 Exception <a 'java/lang/ClassNotFoundException'{0x000000008982c520}: sun/misc/SharedSecrets> (0x000000008982c520) thrown at [t:/workspace/open/src/hotspot/share/classfile/systemDictionary.cpp, line 233]
Event: 26.513 Thread 0x0000015c3dd1f000 Exception <a 'java/lang/NoSuchMethodError'{0x0000000089830458}: java.lang.Object.lambda$comparing$77a9974f$1(Ljava/util/function/Function;Ljava/lang/Object;Ljava/lang/Object;)I> (0x0000000089830458) thrown at [t:/workspace/open/src/hotspot/share/interpret
Event: 2916.451 Thread 0x0000015c3dd1f000 Implicit null exception at 0x0000015c5245567e to 0x0000015c52455d32

Events (10 events):
Event: 2916.595 Thread 0x0000015c3dd1f000 DEOPT PACKING pc=0x0000015c4b2cde7c sp=0x00000047155fcef0
Event: 2916.595 Thread 0x0000015c3dd1f000 DEOPT UNPACKING pc=0x0000015c4a90cd4e sp=0x00000047155fc3b0 mode 1
Event: 2916.595 Thread 0x0000015c3dd1f000 DEOPT PACKING pc=0x0000015c4b29960c sp=0x00000047155fce10
Event: 2916.595 Thread 0x0000015c3dd1f000 DEOPT UNPACKING pc=0x0000015c4a90cd4e sp=0x00000047155fc330 mode 1
Event: 2916.595 Thread 0x0000015c3dd1f000 DEOPT PACKING pc=0x0000015c4b2cde7c sp=0x00000047155fcef0
Event: 2916.595 Thread 0x0000015c3dd1f000 DEOPT UNPACKING pc=0x0000015c4a90cd4e sp=0x00000047155fc3b0 mode 1
Event: 2916.595 Thread 0x0000015c3dd1f000 DEOPT PACKING pc=0x0000015c4b29960c sp=0x00000047155fce10
Event: 2916.595 Thread 0x0000015c3dd1f000 DEOPT UNPACKING pc=0x0000015c4a90cd4e sp=0x00000047155fc330 mode 1
Event: 2916.595 Thread 0x0000015c3dd1f000 DEOPT PACKING pc=0x0000015c4b2cde7c sp=0x00000047155fcef0
Event: 2916.595 Thread 0x0000015c3dd1f000 DEOPT UNPACKING pc=0x0000015c4a90cd4e sp=0x00000047155fc3b0 mode 1


Dynamic libraries:
0x00007ff6071e0000 - 0x00007ff60721e000 	C:\Program Files\Java\jdk-10.0.2\bin\java.exe
0x00007ff8baa30000 - 0x00007ff8bac11000 	C:\WINDOWS\SYSTEM32\ntdll.dll
0x00007ff8b9230000 - 0x00007ff8b92e2000 	C:\WINDOWS\System32\KERNEL32.DLL
0x00007ff8b78b0000 - 0x00007ff8b7b23000 	C:\WINDOWS\System32\KERNELBASE.dll
0x00007ff8b81d0000 - 0x00007ff8b8271000 	C:\WINDOWS\System32\ADVAPI32.dll
0x00007ff8b8ca0000 - 0x00007ff8b8d3e000 	C:\WINDOWS\System32\msvcrt.dll
0x00007ff8b8c30000 - 0x00007ff8b8c8b000 	C:\WINDOWS\System32\sechost.dll
0x00007ff8b7f70000 - 0x00007ff8b8094000 	C:\WINDOWS\System32\RPCRT4.dll
0x00007ff8b8d40000 - 0x00007ff8b8ed0000 	C:\WINDOWS\System32\USER32.dll
0x00007ff8b7120000 - 0x00007ff8b7140000 	C:\WINDOWS\System32\win32u.dll
0x00007ff8b9200000 - 0x00007ff8b9228000 	C:\WINDOWS\System32\GDI32.dll
0x00007ff8b6f80000 - 0x00007ff8b7112000 	C:\WINDOWS\System32\gdi32full.dll
0x00007ff8b7b30000 - 0x00007ff8b7bcf000 	C:\WINDOWS\System32\msvcp_win.dll
0x00007ff8b7bd0000 - 0x00007ff8b7cca000 	C:\WINDOWS\System32\ucrtbase.dll
0x00007ff8a3980000 - 0x00007ff8a3be9000 	C:\WINDOWS\WinSxS\amd64_microsoft.windows.common-controls_6595b64144ccf1df_6.0.17134.345_none_fb429a5930656358\COMCTL32.dll
0x00007ff8af080000 - 0x00007ff8af08a000 	C:\WINDOWS\SYSTEM32\VERSION.dll
0x00007ff8b8ed0000 - 0x00007ff8b91f3000 	C:\WINDOWS\System32\combase.dll
0x00007ff8b6f00000 - 0x00007ff8b6f7a000 	C:\WINDOWS\System32\bcryptPrimitives.dll
0x00007ff8b8280000 - 0x00007ff8b82ad000 	C:\WINDOWS\System32\IMM32.DLL
0x00007ff8972e0000 - 0x00007ff8973cf000 	C:\Program Files\Java\jdk-10.0.2\bin\msvcr120.dll
0x00007ff895720000 - 0x00007ff8957c6000 	C:\Program Files\Java\jdk-10.0.2\bin\msvcp120.dll
0x0000000067100000 - 0x0000000067b70000 	C:\Program Files\Java\jdk-10.0.2\bin\server\jvm.dll
0x00007ff8b9390000 - 0x00007ff8b9398000 	C:\WINDOWS\System32\PSAPI.DLL
0x00007ff8abdf0000 - 0x00007ff8abdf9000 	C:\WINDOWS\SYSTEM32\WSOCK32.dll
0x00007ff8b9300000 - 0x00007ff8b936c000 	C:\WINDOWS\System32\WS2_32.dll
0x00007ff8b4b40000 - 0x00007ff8b4b63000 	C:\WINDOWS\SYSTEM32\WINMM.dll
0x00007ff8b4ae0000 - 0x00007ff8b4b0a000 	C:\WINDOWS\SYSTEM32\WINMMBASE.dll
0x00007ff8b6eb0000 - 0x00007ff8b6ef9000 	C:\WINDOWS\System32\cfgmgr32.dll
0x00007ff8b40c0000 - 0x00007ff8b40cf000 	C:\Program Files\Java\jdk-10.0.2\bin\verify.dll
0x00007ff8ab010000 - 0x00007ff8ab1d9000 	C:\WINDOWS\SYSTEM32\DBGHELP.DLL
0x00007ff8aafe0000 - 0x00007ff8ab009000 	C:\WINDOWS\SYSTEM32\dbgcore.DLL
0x00007ff8a6370000 - 0x00007ff8a6397000 	C:\Program Files\Java\jdk-10.0.2\bin\java.dll
0x00007ff88f050000 - 0x00007ff88f086000 	C:\Program Files\Java\jdk-10.0.2\bin\jdwp.dll
0x00007ff88f020000 - 0x00007ff88f04a000 	C:\Program Files\Java\jdk-10.0.2\bin\instrument.dll
0x00007ff8b2a20000 - 0x00007ff8b2a36000 	C:\Program Files\Java\jdk-10.0.2\bin\zip.dll
0x00007ff8b4080000 - 0x00007ff8b408a000 	C:\Program Files\Java\jdk-10.0.2\bin\jimage.dll
0x00007ff8b95c0000 - 0x00007ff8ba9ff000 	C:\WINDOWS\System32\SHELL32.dll
0x00007ff8b7ec0000 - 0x00007ff8b7f69000 	C:\WINDOWS\System32\shcore.dll
0x00007ff8b71a0000 - 0x00007ff8b78ad000 	C:\WINDOWS\System32\windows.storage.dll
0x00007ff8b80a0000 - 0x00007ff8b80f1000 	C:\WINDOWS\System32\shlwapi.dll
0x00007ff8b6d50000 - 0x00007ff8b6d61000 	C:\WINDOWS\System32\kernel.appcore.dll
0x00007ff8b6d70000 - 0x00007ff8b6d8f000 	C:\WINDOWS\System32\profapi.dll
0x00007ff8b6db0000 - 0x00007ff8b6dfc000 	C:\WINDOWS\System32\powrprof.dll
0x00007ff8b6d40000 - 0x00007ff8b6d4a000 	C:\WINDOWS\System32\FLTLIB.DLL
0x00007ff8b23f0000 - 0x00007ff8b23fa000 	C:\Program Files\Java\jdk-10.0.2\bin\dt_socket.dll
0x00007ff8b6560000 - 0x00007ff8b65c6000 	C:\WINDOWS\system32\mswsock.dll
0x00007ff8b1230000 - 0x00007ff8b124a000 	C:\Program Files\Java\jdk-10.0.2\bin\net.dll
0x00007ff8b24b0000 - 0x00007ff8b258c000 	C:\WINDOWS\SYSTEM32\WINHTTP.dll
0x00007ff8abf10000 - 0x00007ff8abf21000 	C:\Program Files\Java\jdk-10.0.2\bin\nio.dll
0x00007ff8b6320000 - 0x00007ff8b63de000 	C:\WINDOWS\SYSTEM32\DNSAPI.dll
0x00007ff8b92f0000 - 0x00007ff8b92f8000 	C:\WINDOWS\System32\NSI.dll
0x00007ff8b62e0000 - 0x00007ff8b6318000 	C:\WINDOWS\SYSTEM32\IPHLPAPI.DLL
0x00007ff8b0930000 - 0x00007ff8b093a000 	C:\Windows\System32\rasadhlp.dll
0x00007ff8b2430000 - 0x00007ff8b24a2000 	C:\WINDOWS\System32\fwpuclnt.dll
0x00007ff8b6840000 - 0x00007ff8b6865000 	C:\WINDOWS\SYSTEM32\bcrypt.dll
0x00007ff8abe00000 - 0x00007ff8abe0b000 	C:\Program Files\Java\jdk-10.0.2\bin\sunmscapi.dll
0x00007ff8b7cd0000 - 0x00007ff8b7eb2000 	C:\WINDOWS\System32\CRYPT32.dll
0x00007ff8b6d90000 - 0x00007ff8b6da2000 	C:\WINDOWS\System32\MSASN1.dll
0x00007ff88d330000 - 0x00007ff88d353000 	C:\Program Files\Java\jdk-10.0.2\bin\sunec.dll
0x00007ff8b6720000 - 0x00007ff8b6737000 	C:\WINDOWS\SYSTEM32\CRYPTSP.dll
0x00007ff8b6140000 - 0x00007ff8b6173000 	C:\WINDOWS\system32\rsaenh.dll
0x00007ff8b6c40000 - 0x00007ff8b6c68000 	C:\WINDOWS\SYSTEM32\USERENV.dll
0x00007ff8b6710000 - 0x00007ff8b671b000 	C:\WINDOWS\SYSTEM32\CRYPTBASE.dll
0x00007ff8b2590000 - 0x00007ff8b25a6000 	C:\WINDOWS\SYSTEM32\dhcpcsvc6.DLL
0x00007ff8b2250000 - 0x00007ff8b226a000 	C:\WINDOWS\SYSTEM32\dhcpcsvc.DLL
0x00007ff8a5a40000 - 0x00007ff8a5a56000 	C:\WINDOWS\system32\napinsp.dll
0x00007ff8a5fb0000 - 0x00007ff8a5fca000 	C:\WINDOWS\system32\pnrpnsp.dll
0x00007ff8b3860000 - 0x00007ff8b3879000 	C:\WINDOWS\system32\NLAapi.dll
0x00007ff8abfd0000 - 0x00007ff8abfde000 	C:\WINDOWS\System32\winrnr.dll

dbghelp: loaded successfully - version: 4.0.5 - missing functions: none
symbol engine: initialized successfully - sym options: 0x614 - pdb path: .;C:\Program Files\Java\jdk-10.0.2\bin;C:\WINDOWS\SYSTEM32;C:\WINDOWS\WinSxS\amd64_microsoft.windows.common-controls_6595b64144ccf1df_6.0.17134.345_none_fb429a5930656358;C:\Program Files\Java\jdk-10.0.2\bin\server

VM Arguments:
jvm_args: -agentlib:jdwp=transport=dt_socket,address=127.0.0.1:50324,suspend=y,server=n -ea -Didea.test.cyclic.buffer.size=1048576 -javaagent:C:\Users\dmytro.kuts\.IdeaIC2018.2\system\captureAgent\debugger-agent.jar=file:/C:/Users/dmytro.kuts/AppData/Local/Temp/capture.props -Dfile.encoding=UTF-8 
java_command: com.intellij.rt.execution.junit.JUnitStarter -ideVersion5 -junit4 Dep_Mod_UO
java_class_path (initial): C:\Program Files\JetBrains\IntelliJ IDEA Community Edition 2018.2.1\lib\idea_rt.jar;C:\Program Files\JetBrains\IntelliJ IDEA Community Edition 2018.2.1\plugins\junit\lib\junit-rt.jar;C:\Program Files\JetBrains\IntelliJ IDEA Community Edition 2018.2.1\plugins\junit\lib\junit5-rt.jar;C:\Users\dmytro.kuts\IdeaProjects\Selenium_Test\target\test-classes;C:\Users\dmytro.kuts\IdeaProjects\Selenium_Test\target\classes;C:\Users\dmytro.kuts\.m2\repository\junit\junit\4.12\junit-4.12.jar;C:\Users\dmytro.kuts\.m2\repository\org\hamcrest\hamcrest-core\1.3\hamcrest-core-1.3.jar;C:\Users\dmytro.kuts\.m2\repository\com\codeborne\selenide\4.14.2\selenide-4.14.2.jar;C:\Users\dmytro.kuts\.m2\repository\org\seleniumhq\selenium\selenium-java\3.14.0\selenium-java-3.14.0.jar;C:\Users\dmytro.kuts\.m2\repository\org\seleniumhq\selenium\selenium-api\3.14.0\selenium-api-3.14.0.jar;C:\Users\dmytro.kuts\.m2\repository\org\seleniumhq\selenium\selenium-chrome-driver\3.14.0\selenium-chrome-driver-3.14.0.jar;C:\Users\dmytro.kuts\.m2\repository\org\seleniumhq\selenium\selenium-edge-driver\3.14.0\selenium-edge-driver-3.14.0.jar;C:\Users\dmytro.kuts\.m2\repository\org\seleniumhq\selenium\selenium-firefox-driver\3.14.0\selenium-firefox-driver-3.14.0.jar;C:\Users\dmytro.kuts\.m2\repository\org\seleniumhq\selenium\selenium-ie-driver\3.14.0\selenium-ie-driver-3.14.0.jar;C:\Users\dmytro.kuts\.m2\repository\org\seleniumhq\selenium\selenium-opera-driver\3.14.0\selenium-opera-driver-3.14.0.jar;C:\Users\dmytro.kuts\.m2\repository\org\seleniumhq\selenium\selenium-remote-driver\3.14.0\selenium-remote-driver-3.14.0.jar;C:\Users\dmytro.kuts\.m2\repository\org\seleniumhq\selenium\selenium-safari-driver\3.14.0\selenium-safari-driver-3.14.0.jar;C:\Users\dmytro.kuts\.m2\repository\org\seleniumhq\selenium\selenium-support\3.14.0\selenium-support-3.14.0.jar;C:\Users\dmytro.kuts\.m2\repository\net\bytebuddy\byte-buddy\1.8.15\byte-buddy-1.8.15.jar;C:\Users\dmytro.kuts\.m2\repository\org\apache
Launcher Type: SUN_STANDARD

Logging:
Log output configuration:
#0: stdout all=warning uptime,level,tags
#1: stderr all=off uptime,level,tags

Environment Variables:
JAVA_HOME=C:\Program Files\Java\jdk-10.0.2
PATH=C:\oracle\product\12.1.0\client_1\bin;C:\WINDOWS\system32;C:\WINDOWS;C:\WINDOWS\System32\Wbem;C:\WINDOWS\System32\WindowsPowerShell\v1.0\;C:\Program Files\Microsoft SQL Server\130\Tools\Binn\;C:\Program Files\dotnet\;C:\Program Files\Git\cmd;C:\Program Files\TortoiseSVN\bin;C:\WINDOWS\System32\OpenSSH\;C:\Program Files\Java\jdk-10.0.2\bin;D:\Install\apache-maven-3.5.4-bin\apache-maven-3.5.4\bin;C:\Users\dmytro.kuts\IdeaProjects\Selenium_Test\src\test\driver\;NLS_LANG=RUSSIAN_RUSSIA.CL8MSWIN1251;C:\Users\dmytro.kuts\AppData\Local\Microsoft\WindowsApps;;C:\Users\dmytro.kuts\AppData\Local\Programs\Fiddler
USERNAME=dmytro.kuts
OS=Windows_NT
PROCESSOR_IDENTIFIER=Intel64 Family 6 Model 158 Stepping 9, GenuineIntel



---------------  S Y S T E M  ---------------

OS: Windows 10 , 64 bit Build 17134 (10.0.17134.1)

CPU:total 4 (initial active 4) (2 cores per cpu, 2 threads per core) family 6 model 158 stepping 9, cmov, cx8, fxsr, mmx, sse, sse2, sse3, ssse3, sse4.1, sse4.2, popcnt, avx, avx2, aes, clmul, erms, 3dnowpref, lzcnt, ht, tsc, tscinvbit, bmi1, bmi2, adx, fma

Memory: 4k page, physical 8251116k(1133016k free), swap 31708388k(14793064k free)

vm_info: Java HotSpot(TM) 64-Bit Server VM (10.0.2+13) for windows-amd64 JRE (10.0.2+13), built on Jun 28 2018 01:57:56 by "mach5one" with MS VC++ 12.0 (VS2013)

END.
